-------------------------------------------------------------------------------
Test set: org.frcpm.controllers.TeamControllerTest
-------------------------------------------------------------------------------
Tests run: 19, Failures: 2, Errors: 10, Skipped: 0, Time elapsed: 0.273 s <<< FAILURE! -- in org.frcpm.controllers.TeamControllerTest
org.frcpm.controllers.TeamControllerTest.testHandleEditMember -- Time elapsed: 0.148 s <<< ERROR!
java.lang.NullPointerException: Cannot invoke "javafx.scene.control.TableView.getSelectionModel()" because "<local2>.membersTable" is null
	at org.frcpm.controllers.TeamController.handleEditMember(TeamController.java:256)
	at org.frcpm.controllers.TeamControllerTest.testHandleEditMember(TeamControllerTest.java:112)
	at java.base/java.lang.reflect.Method.invoke(Method.java:580)
	at java.base/java.util.ArrayList.forEach(ArrayList.java:1596)
	at java.base/java.util.ArrayList.forEach(ArrayList.java:1596)

org.frcpm.controllers.TeamControllerTest.testHandleDeleteMember_NoSelection -- Time elapsed: 0.004 s <<< ERROR!
java.lang.NullPointerException: Cannot invoke "javafx.scene.control.TableView.getSelectionModel()" because "<local2>.membersTable" is null
	at org.frcpm.controllers.TeamController.handleDeleteMember(TeamController.java:275)
	at org.frcpm.controllers.TeamControllerTest.testHandleDeleteMember_NoSelection(TeamControllerTest.java:169)
	at java.base/java.lang.reflect.Method.invoke(Method.java:580)
	at java.base/java.util.ArrayList.forEach(ArrayList.java:1596)
	at java.base/java.util.ArrayList.forEach(ArrayList.java:1596)

org.frcpm.controllers.TeamControllerTest.testHandleEditSubteam -- Time elapsed: 0.007 s <<< ERROR!
java.lang.NullPointerException: Cannot invoke "javafx.scene.control.TableView.getSelectionModel()" because "<local2>.subteamsTable" is null
	at org.frcpm.controllers.TeamController.handleEditSubteam(TeamController.java:318)
	at org.frcpm.controllers.TeamControllerTest.testHandleEditSubteam(TeamControllerTest.java:190)
	at java.base/java.lang.reflect.Method.invoke(Method.java:580)
	at java.base/java.util.ArrayList.forEach(ArrayList.java:1596)
	at java.base/java.util.ArrayList.forEach(ArrayList.java:1596)

org.frcpm.controllers.TeamControllerTest.testHandleDeleteSubteam_Cancelled -- Time elapsed: 0.009 s <<< ERROR!
java.lang.NullPointerException: Cannot invoke "javafx.scene.control.TableView.getSelectionModel()" because "<local2>.subteamsTable" is null
	at org.frcpm.controllers.TeamController.handleDeleteSubteam(TeamController.java:337)
	at org.frcpm.controllers.TeamControllerTest.testHandleDeleteSubteam_Cancelled(TeamControllerTest.java:232)
	at java.base/java.lang.reflect.Method.invoke(Method.java:580)
	at java.base/java.util.ArrayList.forEach(ArrayList.java:1596)
	at java.base/java.util.ArrayList.forEach(ArrayList.java:1596)

org.frcpm.controllers.TeamControllerTest.testTestInitialize -- Time elapsed: 0.010 s <<< FAILURE!
org.opentest4j.AssertionFailedError: Unexpected exception thrown: java.lang.NullPointerException: Cannot invoke "javafx.scene.control.TableColumn.setCellValueFactory(javafx.util.Callback)" because "this.memberUsernameColumn" is null
	at org.junit.jupiter.api.AssertionFailureBuilder.build(AssertionFailureBuilder.java:152)
	at org.junit.jupiter.api.AssertDoesNotThrow.createAssertionFailedError(AssertDoesNotThrow.java:84)
	at org.junit.jupiter.api.AssertDoesNotThrow.assertDoesNotThrow(AssertDoesNotThrow.java:53)
	at org.junit.jupiter.api.AssertDoesNotThrow.assertDoesNotThrow(AssertDoesNotThrow.java:36)
	at org.junit.jupiter.api.Assertions.assertDoesNotThrow(Assertions.java:3168)
	at org.frcpm.controllers.TeamControllerTest.testTestInitialize(TeamControllerTest.java:312)
	at java.base/java.lang.reflect.Method.invoke(Method.java:580)
	at java.base/java.util.ArrayList.forEach(ArrayList.java:1596)
	at java.base/java.util.ArrayList.forEach(ArrayList.java:1596)
Caused by: java.lang.NullPointerException: Cannot invoke "javafx.scene.control.TableColumn.setCellValueFactory(javafx.util.Callback)" because "this.memberUsernameColumn" is null
	at org.frcpm.controllers.TeamController.setupMembersTable(TeamController.java:188)
	at org.frcpm.controllers.TeamController.initialize(TeamController.java:98)
	at org.frcpm.controllers.TeamController.testInitialize(TeamController.java:647)
	at org.frcpm.controllers.TeamControllerTest.lambda$testTestInitialize$1(TeamControllerTest.java:312)
	at org.junit.jupiter.api.AssertDoesNotThrow.assertDoesNotThrow(AssertDoesNotThrow.java:49)
	... 6 more

org.frcpm.controllers.TeamControllerTest.testHandleEditMember_NoSelection -- Time elapsed: 0.006 s <<< ERROR!
java.lang.NullPointerException: Cannot invoke "javafx.scene.control.TableView.getSelectionModel()" because "<local2>.membersTable" is null
	at org.frcpm.controllers.TeamController.handleEditMember(TeamController.java:256)
	at org.frcpm.controllers.TeamControllerTest.testHandleEditMember_NoSelection(TeamControllerTest.java:126)
	at java.base/java.lang.reflect.Method.invoke(Method.java:580)
	at java.base/java.util.ArrayList.forEach(ArrayList.java:1596)
	at java.base/java.util.ArrayList.forEach(ArrayList.java:1596)

org.frcpm.controllers.TeamControllerTest.testHandleEditSubteam_NoSelection -- Time elapsed: 0.006 s <<< ERROR!
java.lang.NullPointerException: Cannot invoke "javafx.scene.control.TableView.getSelectionModel()" because "<local2>.subteamsTable" is null
	at org.frcpm.controllers.TeamController.handleEditSubteam(TeamController.java:318)
	at org.frcpm.controllers.TeamControllerTest.testHandleEditSubteam_NoSelection(TeamControllerTest.java:204)
	at java.base/java.lang.reflect.Method.invoke(Method.java:580)
	at java.base/java.util.ArrayList.forEach(ArrayList.java:1596)
	at java.base/java.util.ArrayList.forEach(ArrayList.java:1596)

org.frcpm.controllers.TeamControllerTest.testHandleDeleteMember_Confirmed -- Time elapsed: 0.006 s <<< ERROR!
java.lang.NullPointerException: Cannot invoke "javafx.scene.control.TableView.getSelectionModel()" because "<local2>.membersTable" is null
	at org.frcpm.controllers.TeamController.handleDeleteMember(TeamController.java:275)
	at org.frcpm.controllers.TeamControllerTest.testHandleDeleteMember_Confirmed(TeamControllerTest.java:139)
	at java.base/java.lang.reflect.Method.invoke(Method.java:580)
	at java.base/java.util.ArrayList.forEach(ArrayList.java:1596)
	at java.base/java.util.ArrayList.forEach(ArrayList.java:1596)

org.frcpm.controllers.TeamControllerTest.testHandleClose -- Time elapsed: 0.010 s <<< FAILURE!
org.opentest4j.AssertionFailedError: Unexpected exception thrown: java.lang.NullPointerException: Cannot invoke "javafx.scene.control.TabPane.getScene()" because "<local2>.tabPane" is null
	at org.junit.jupiter.api.AssertionFailureBuilder.build(AssertionFailureBuilder.java:152)
	at org.junit.jupiter.api.AssertDoesNotThrow.createAssertionFailedError(AssertDoesNotThrow.java:84)
	at org.junit.jupiter.api.AssertDoesNotThrow.assertDoesNotThrow(AssertDoesNotThrow.java:53)
	at org.junit.jupiter.api.AssertDoesNotThrow.assertDoesNotThrow(AssertDoesNotThrow.java:36)
	at org.junit.jupiter.api.Assertions.assertDoesNotThrow(Assertions.java:3168)
	at org.frcpm.controllers.TeamControllerTest.testHandleClose(TeamControllerTest.java:306)
	at java.base/java.lang.reflect.Method.invoke(Method.java:580)
	at java.base/java.util.ArrayList.forEach(ArrayList.java:1596)
	at java.base/java.util.ArrayList.forEach(ArrayList.java:1596)
Caused by: java.lang.NullPointerException: Cannot invoke "javafx.scene.control.TabPane.getScene()" because "<local2>.tabPane" is null
	at org.frcpm.controllers.TeamController.handleClose(TeamController.java:574)
	at org.frcpm.controllers.TeamControllerTest.lambda$testHandleClose$0(TeamControllerTest.java:306)
	at org.junit.jupiter.api.AssertDoesNotThrow.assertDoesNotThrow(AssertDoesNotThrow.java:49)
	... 6 more

org.frcpm.controllers.TeamControllerTest.testHandleDeleteSubteam_NoSelection -- Time elapsed: 0.007 s <<< ERROR!
java.lang.NullPointerException: Cannot invoke "javafx.scene.control.TableView.getSelectionModel()" because "<local2>.subteamsTable" is null
	at org.frcpm.controllers.TeamController.handleDeleteSubteam(TeamController.java:337)
	at org.frcpm.controllers.TeamControllerTest.testHandleDeleteSubteam_NoSelection(TeamControllerTest.java:247)
	at java.base/java.lang.reflect.Method.invoke(Method.java:580)
	at java.base/java.util.ArrayList.forEach(ArrayList.java:1596)
	at java.base/java.util.ArrayList.forEach(ArrayList.java:1596)

org.frcpm.controllers.TeamControllerTest.testHandleDeleteMember_Cancelled -- Time elapsed: 0.003 s <<< ERROR!
java.lang.NullPointerException: Cannot invoke "javafx.scene.control.TableView.getSelectionModel()" because "<local2>.membersTable" is null
	at org.frcpm.controllers.TeamController.handleDeleteMember(TeamController.java:275)
	at org.frcpm.controllers.TeamControllerTest.testHandleDeleteMember_Cancelled(TeamControllerTest.java:154)
	at java.base/java.lang.reflect.Method.invoke(Method.java:580)
	at java.base/java.util.ArrayList.forEach(ArrayList.java:1596)
	at java.base/java.util.ArrayList.forEach(ArrayList.java:1596)

org.frcpm.controllers.TeamControllerTest.testHandleDeleteSubteam_Confirmed -- Time elapsed: 0.005 s <<< ERROR!
java.lang.NullPointerException: Cannot invoke "javafx.scene.control.TableView.getSelectionModel()" because "<local2>.subteamsTable" is null
	at org.frcpm.controllers.TeamController.handleDeleteSubteam(TeamController.java:337)
	at org.frcpm.controllers.TeamControllerTest.testHandleDeleteSubteam_Confirmed(TeamControllerTest.java:217)
	at java.base/java.lang.reflect.Method.invoke(Method.java:580)
	at java.base/java.util.ArrayList.forEach(ArrayList.java:1596)
	at java.base/java.util.ArrayList.forEach(ArrayList.java:1596)

