-------------------------------------------------------------------------------
Test set: org.frcpm.repositories.TaskRepositoryTest
-------------------------------------------------------------------------------
Tests run: 13, Failures: 0, Errors: 13, Skipped: 0, Time elapsed: 2.043 s <<< FAILURE! -- in org.frcpm.repositories.TaskRepositoryTest
org.frcpm.repositories.TaskRepositoryTest.testFindByProject -- Time elapsed: 0.178 s <<< ERROR!
java.lang.RuntimeException: Failed to save entity
	at org.frcpm.repositories.impl.JpaRepositoryImpl.save(JpaRepositoryImpl.java:84)
	at org.frcpm.repositories.TaskRepositoryTest.createTestTasks(TaskRepositoryTest.java:110)
	at org.frcpm.repositories.TaskRepositoryTest.setUp(TaskRepositoryTest.java:62)
	at java.base/java.lang.reflect.Method.invoke(Method.java:580)
	at java.base/java.util.ArrayList.forEach(ArrayList.java:1596)
	at java.base/java.util.ArrayList.forEach(ArrayList.java:1596)
Caused by: jakarta.persistence.RollbackException: Error while committing the transaction
	at org.hibernate.internal.ExceptionConverterImpl.convertCommitException(ExceptionConverterImpl.java:67)
	at org.hibernate.engine.transaction.internal.TransactionImpl.commit(TransactionImpl.java:104)
	at org.frcpm.repositories.impl.JpaRepositoryImpl.save(JpaRepositoryImpl.java:77)
	... 5 more
Caused by: java.lang.IllegalStateException: org.hibernate.TransientObjectException: object references an unsaved transient instance - save the transient instance before flushing: org.frcpm.models.Task
	at org.hibernate.internal.ExceptionConverterImpl.convert(ExceptionConverterImpl.java:157)
	at org.hibernate.internal.ExceptionConverterImpl.convert(ExceptionConverterImpl.java:167)
	at org.hibernate.internal.ExceptionConverterImpl.convert(ExceptionConverterImpl.java:173)
	at org.hibernate.internal.SessionImpl.doFlush(SessionImpl.java:1429)
	at org.hibernate.internal.SessionImpl.managedFlush(SessionImpl.java:487)
	at org.hibernate.internal.SessionImpl.flushBeforeTransactionCompletion(SessionImpl.java:2324)
	at org.hibernate.internal.SessionImpl.beforeTransactionCompletion(SessionImpl.java:1981)
	at org.hibernate.engine.jdbc.internal.JdbcCoordinatorImpl.beforeTransactionCompletion(JdbcCoordinatorImpl.java:439)
	at org.hibernate.resource.transaction.backend.jdbc.internal.JdbcResourceLocalTransactionCoordinatorImpl.beforeCompletionCallback(JdbcResourceLocalTransactionCoordinatorImpl.java:169)
	at org.hibernate.resource.transaction.backend.jdbc.internal.JdbcResourceLocalTransactionCoordinatorImpl$TransactionDriverControlImpl.commit(JdbcResourceLocalTransactionCoordinatorImpl.java:267)
	at org.hibernate.engine.transaction.internal.TransactionImpl.commit(TransactionImpl.java:101)
	... 6 more
Caused by: org.hibernate.TransientObjectException: object references an unsaved transient instance - save the transient instance before flushing: org.frcpm.models.Task
	at org.hibernate.metamodel.mapping.EntityIdentifierMapping.getIdentifierIfNotUnsaved(EntityIdentifierMapping.java:106)
	at org.hibernate.metamodel.mapping.internal.SimpleForeignKeyDescriptor.getAssociationKeyFromSide(SimpleForeignKeyDescriptor.java:498)
	at org.hibernate.metamodel.mapping.internal.ManyToManyCollectionPart.decompose(ManyToManyCollectionPart.java:199)
	at org.hibernate.persister.collection.BasicCollectionPersister.applyInsertRowValues(BasicCollectionPersister.java:450)
	at org.hibernate.persister.collection.mutation.InsertRowsCoordinatorStandard.insertRows(InsertRowsCoordinatorStandard.java:109)
	at org.hibernate.persister.collection.BasicCollectionPersister.recreate(BasicCollectionPersister.java:119)
	at org.hibernate.action.internal.CollectionRecreateAction.execute(CollectionRecreateAction.java:47)
	at org.hibernate.engine.spi.ActionQueue.executeActions(ActionQueue.java:632)
	at org.hibernate.engine.spi.ActionQueue.executeActions(ActionQueue.java:499)
	at org.hibernate.event.internal.AbstractFlushingEventListener.performExecutions(AbstractFlushingEventListener.java:371)
	at org.hibernate.event.internal.DefaultFlushEventListener.onFlush(DefaultFlushEventListener.java:41)
	at org.hibernate.event.service.internal.EventListenerGroupImpl.fireEventOnEachListener(EventListenerGroupImpl.java:127)
	at org.hibernate.internal.SessionImpl.doFlush(SessionImpl.java:1425)
	... 13 more

org.frcpm.repositories.TaskRepositoryTest.testFindAll -- Time elapsed: 0.138 s <<< ERROR!
java.lang.RuntimeException: Failed to save entity
	at org.frcpm.repositories.impl.JpaRepositoryImpl.save(JpaRepositoryImpl.java:84)
	at org.frcpm.repositories.TaskRepositoryTest.createTestTasks(TaskRepositoryTest.java:110)
	at org.frcpm.repositories.TaskRepositoryTest.setUp(TaskRepositoryTest.java:62)
	at java.base/java.lang.reflect.Method.invoke(Method.java:580)
	at java.base/java.util.ArrayList.forEach(ArrayList.java:1596)
	at java.base/java.util.ArrayList.forEach(ArrayList.java:1596)
Caused by: jakarta.persistence.RollbackException: Error while committing the transaction
	at org.hibernate.internal.ExceptionConverterImpl.convertCommitException(ExceptionConverterImpl.java:67)
	at org.hibernate.engine.transaction.internal.TransactionImpl.commit(TransactionImpl.java:104)
	at org.frcpm.repositories.impl.JpaRepositoryImpl.save(JpaRepositoryImpl.java:77)
	... 5 more
Caused by: java.lang.IllegalStateException: org.hibernate.TransientObjectException: object references an unsaved transient instance - save the transient instance before flushing: org.frcpm.models.Task
	at org.hibernate.internal.ExceptionConverterImpl.convert(ExceptionConverterImpl.java:157)
	at org.hibernate.internal.ExceptionConverterImpl.convert(ExceptionConverterImpl.java:167)
	at org.hibernate.internal.ExceptionConverterImpl.convert(ExceptionConverterImpl.java:173)
	at org.hibernate.internal.SessionImpl.doFlush(SessionImpl.java:1429)
	at org.hibernate.internal.SessionImpl.managedFlush(SessionImpl.java:487)
	at org.hibernate.internal.SessionImpl.flushBeforeTransactionCompletion(SessionImpl.java:2324)
	at org.hibernate.internal.SessionImpl.beforeTransactionCompletion(SessionImpl.java:1981)
	at org.hibernate.engine.jdbc.internal.JdbcCoordinatorImpl.beforeTransactionCompletion(JdbcCoordinatorImpl.java:439)
	at org.hibernate.resource.transaction.backend.jdbc.internal.JdbcResourceLocalTransactionCoordinatorImpl.beforeCompletionCallback(JdbcResourceLocalTransactionCoordinatorImpl.java:169)
	at org.hibernate.resource.transaction.backend.jdbc.internal.JdbcResourceLocalTransactionCoordinatorImpl$TransactionDriverControlImpl.commit(JdbcResourceLocalTransactionCoordinatorImpl.java:267)
	at org.hibernate.engine.transaction.internal.TransactionImpl.commit(TransactionImpl.java:101)
	... 6 more
Caused by: org.hibernate.TransientObjectException: object references an unsaved transient instance - save the transient instance before flushing: org.frcpm.models.Task
	at org.hibernate.metamodel.mapping.EntityIdentifierMapping.getIdentifierIfNotUnsaved(EntityIdentifierMapping.java:106)
	at org.hibernate.metamodel.mapping.internal.SimpleForeignKeyDescriptor.getAssociationKeyFromSide(SimpleForeignKeyDescriptor.java:498)
	at org.hibernate.metamodel.mapping.internal.ManyToManyCollectionPart.decompose(ManyToManyCollectionPart.java:199)
	at org.hibernate.persister.collection.BasicCollectionPersister.applyInsertRowValues(BasicCollectionPersister.java:450)
	at org.hibernate.persister.collection.mutation.InsertRowsCoordinatorStandard.insertRows(InsertRowsCoordinatorStandard.java:109)
	at org.hibernate.persister.collection.BasicCollectionPersister.recreate(BasicCollectionPersister.java:119)
	at org.hibernate.action.internal.CollectionRecreateAction.execute(CollectionRecreateAction.java:47)
	at org.hibernate.engine.spi.ActionQueue.executeActions(ActionQueue.java:632)
	at org.hibernate.engine.spi.ActionQueue.executeActions(ActionQueue.java:499)
	at org.hibernate.event.internal.AbstractFlushingEventListener.performExecutions(AbstractFlushingEventListener.java:371)
	at org.hibernate.event.internal.DefaultFlushEventListener.onFlush(DefaultFlushEventListener.java:41)
	at org.hibernate.event.service.internal.EventListenerGroupImpl.fireEventOnEachListener(EventListenerGroupImpl.java:127)
	at org.hibernate.internal.SessionImpl.doFlush(SessionImpl.java:1425)
	... 13 more

org.frcpm.repositories.TaskRepositoryTest.testCount -- Time elapsed: 0.175 s <<< ERROR!
java.lang.RuntimeException: Failed to save entity
	at org.frcpm.repositories.impl.JpaRepositoryImpl.save(JpaRepositoryImpl.java:84)
	at org.frcpm.repositories.TaskRepositoryTest.createTestTasks(TaskRepositoryTest.java:110)
	at org.frcpm.repositories.TaskRepositoryTest.setUp(TaskRepositoryTest.java:62)
	at java.base/java.lang.reflect.Method.invoke(Method.java:580)
	at java.base/java.util.ArrayList.forEach(ArrayList.java:1596)
	at java.base/java.util.ArrayList.forEach(ArrayList.java:1596)
Caused by: jakarta.persistence.RollbackException: Error while committing the transaction
	at org.hibernate.internal.ExceptionConverterImpl.convertCommitException(ExceptionConverterImpl.java:67)
	at org.hibernate.engine.transaction.internal.TransactionImpl.commit(TransactionImpl.java:104)
	at org.frcpm.repositories.impl.JpaRepositoryImpl.save(JpaRepositoryImpl.java:77)
	... 5 more
Caused by: java.lang.IllegalStateException: org.hibernate.TransientObjectException: object references an unsaved transient instance - save the transient instance before flushing: org.frcpm.models.Task
	at org.hibernate.internal.ExceptionConverterImpl.convert(ExceptionConverterImpl.java:157)
	at org.hibernate.internal.ExceptionConverterImpl.convert(ExceptionConverterImpl.java:167)
	at org.hibernate.internal.ExceptionConverterImpl.convert(ExceptionConverterImpl.java:173)
	at org.hibernate.internal.SessionImpl.doFlush(SessionImpl.java:1429)
	at org.hibernate.internal.SessionImpl.managedFlush(SessionImpl.java:487)
	at org.hibernate.internal.SessionImpl.flushBeforeTransactionCompletion(SessionImpl.java:2324)
	at org.hibernate.internal.SessionImpl.beforeTransactionCompletion(SessionImpl.java:1981)
	at org.hibernate.engine.jdbc.internal.JdbcCoordinatorImpl.beforeTransactionCompletion(JdbcCoordinatorImpl.java:439)
	at org.hibernate.resource.transaction.backend.jdbc.internal.JdbcResourceLocalTransactionCoordinatorImpl.beforeCompletionCallback(JdbcResourceLocalTransactionCoordinatorImpl.java:169)
	at org.hibernate.resource.transaction.backend.jdbc.internal.JdbcResourceLocalTransactionCoordinatorImpl$TransactionDriverControlImpl.commit(JdbcResourceLocalTransactionCoordinatorImpl.java:267)
	at org.hibernate.engine.transaction.internal.TransactionImpl.commit(TransactionImpl.java:101)
	... 6 more
Caused by: org.hibernate.TransientObjectException: object references an unsaved transient instance - save the transient instance before flushing: org.frcpm.models.Task
	at org.hibernate.metamodel.mapping.EntityIdentifierMapping.getIdentifierIfNotUnsaved(EntityIdentifierMapping.java:106)
	at org.hibernate.metamodel.mapping.internal.SimpleForeignKeyDescriptor.getAssociationKeyFromSide(SimpleForeignKeyDescriptor.java:498)
	at org.hibernate.metamodel.mapping.internal.ManyToManyCollectionPart.decompose(ManyToManyCollectionPart.java:199)
	at org.hibernate.persister.collection.BasicCollectionPersister.applyInsertRowValues(BasicCollectionPersister.java:450)
	at org.hibernate.persister.collection.mutation.InsertRowsCoordinatorStandard.insertRows(InsertRowsCoordinatorStandard.java:109)
	at org.hibernate.persister.collection.BasicCollectionPersister.recreate(BasicCollectionPersister.java:119)
	at org.hibernate.action.internal.CollectionRecreateAction.execute(CollectionRecreateAction.java:47)
	at org.hibernate.engine.spi.ActionQueue.executeActions(ActionQueue.java:632)
	at org.hibernate.engine.spi.ActionQueue.executeActions(ActionQueue.java:499)
	at org.hibernate.event.internal.AbstractFlushingEventListener.performExecutions(AbstractFlushingEventListener.java:371)
	at org.hibernate.event.internal.DefaultFlushEventListener.onFlush(DefaultFlushEventListener.java:41)
	at org.hibernate.event.service.internal.EventListenerGroupImpl.fireEventOnEachListener(EventListenerGroupImpl.java:127)
	at org.hibernate.internal.SessionImpl.doFlush(SessionImpl.java:1425)
	... 13 more

org.frcpm.repositories.TaskRepositoryTest.testSave -- Time elapsed: 0.108 s <<< ERROR!
java.lang.RuntimeException: Failed to save entity
	at org.frcpm.repositories.impl.JpaRepositoryImpl.save(JpaRepositoryImpl.java:84)
	at org.frcpm.repositories.TaskRepositoryTest.createTestTasks(TaskRepositoryTest.java:110)
	at org.frcpm.repositories.TaskRepositoryTest.setUp(TaskRepositoryTest.java:62)
	at java.base/java.lang.reflect.Method.invoke(Method.java:580)
	at java.base/java.util.ArrayList.forEach(ArrayList.java:1596)
	at java.base/java.util.ArrayList.forEach(ArrayList.java:1596)
Caused by: jakarta.persistence.RollbackException: Error while committing the transaction
	at org.hibernate.internal.ExceptionConverterImpl.convertCommitException(ExceptionConverterImpl.java:67)
	at org.hibernate.engine.transaction.internal.TransactionImpl.commit(TransactionImpl.java:104)
	at org.frcpm.repositories.impl.JpaRepositoryImpl.save(JpaRepositoryImpl.java:77)
	... 5 more
Caused by: java.lang.IllegalStateException: org.hibernate.TransientObjectException: object references an unsaved transient instance - save the transient instance before flushing: org.frcpm.models.Task
	at org.hibernate.internal.ExceptionConverterImpl.convert(ExceptionConverterImpl.java:157)
	at org.hibernate.internal.ExceptionConverterImpl.convert(ExceptionConverterImpl.java:167)
	at org.hibernate.internal.ExceptionConverterImpl.convert(ExceptionConverterImpl.java:173)
	at org.hibernate.internal.SessionImpl.doFlush(SessionImpl.java:1429)
	at org.hibernate.internal.SessionImpl.managedFlush(SessionImpl.java:487)
	at org.hibernate.internal.SessionImpl.flushBeforeTransactionCompletion(SessionImpl.java:2324)
	at org.hibernate.internal.SessionImpl.beforeTransactionCompletion(SessionImpl.java:1981)
	at org.hibernate.engine.jdbc.internal.JdbcCoordinatorImpl.beforeTransactionCompletion(JdbcCoordinatorImpl.java:439)
	at org.hibernate.resource.transaction.backend.jdbc.internal.JdbcResourceLocalTransactionCoordinatorImpl.beforeCompletionCallback(JdbcResourceLocalTransactionCoordinatorImpl.java:169)
	at org.hibernate.resource.transaction.backend.jdbc.internal.JdbcResourceLocalTransactionCoordinatorImpl$TransactionDriverControlImpl.commit(JdbcResourceLocalTransactionCoordinatorImpl.java:267)
	at org.hibernate.engine.transaction.internal.TransactionImpl.commit(TransactionImpl.java:101)
	... 6 more
Caused by: org.hibernate.TransientObjectException: object references an unsaved transient instance - save the transient instance before flushing: org.frcpm.models.Task
	at org.hibernate.metamodel.mapping.EntityIdentifierMapping.getIdentifierIfNotUnsaved(EntityIdentifierMapping.java:106)
	at org.hibernate.metamodel.mapping.internal.SimpleForeignKeyDescriptor.getAssociationKeyFromSide(SimpleForeignKeyDescriptor.java:498)
	at org.hibernate.metamodel.mapping.internal.ManyToManyCollectionPart.decompose(ManyToManyCollectionPart.java:199)
	at org.hibernate.persister.collection.BasicCollectionPersister.applyInsertRowValues(BasicCollectionPersister.java:450)
	at org.hibernate.persister.collection.mutation.InsertRowsCoordinatorStandard.insertRows(InsertRowsCoordinatorStandard.java:109)
	at org.hibernate.persister.collection.BasicCollectionPersister.recreate(BasicCollectionPersister.java:119)
	at org.hibernate.action.internal.CollectionRecreateAction.execute(CollectionRecreateAction.java:47)
	at org.hibernate.engine.spi.ActionQueue.executeActions(ActionQueue.java:632)
	at org.hibernate.engine.spi.ActionQueue.executeActions(ActionQueue.java:499)
	at org.hibernate.event.internal.AbstractFlushingEventListener.performExecutions(AbstractFlushingEventListener.java:371)
	at org.hibernate.event.internal.DefaultFlushEventListener.onFlush(DefaultFlushEventListener.java:41)
	at org.hibernate.event.service.internal.EventListenerGroupImpl.fireEventOnEachListener(EventListenerGroupImpl.java:127)
	at org.hibernate.internal.SessionImpl.doFlush(SessionImpl.java:1425)
	... 13 more

org.frcpm.repositories.TaskRepositoryTest.testFindByPriority -- Time elapsed: 0.140 s <<< ERROR!
java.lang.RuntimeException: Failed to save entity
	at org.frcpm.repositories.impl.JpaRepositoryImpl.save(JpaRepositoryImpl.java:84)
	at org.frcpm.repositories.TaskRepositoryTest.createTestTasks(TaskRepositoryTest.java:110)
	at org.frcpm.repositories.TaskRepositoryTest.setUp(TaskRepositoryTest.java:62)
	at java.base/java.lang.reflect.Method.invoke(Method.java:580)
	at java.base/java.util.ArrayList.forEach(ArrayList.java:1596)
	at java.base/java.util.ArrayList.forEach(ArrayList.java:1596)
Caused by: jakarta.persistence.RollbackException: Error while committing the transaction
	at org.hibernate.internal.ExceptionConverterImpl.convertCommitException(ExceptionConverterImpl.java:67)
	at org.hibernate.engine.transaction.internal.TransactionImpl.commit(TransactionImpl.java:104)
	at org.frcpm.repositories.impl.JpaRepositoryImpl.save(JpaRepositoryImpl.java:77)
	... 5 more
Caused by: java.lang.IllegalStateException: org.hibernate.TransientObjectException: object references an unsaved transient instance - save the transient instance before flushing: org.frcpm.models.Task
	at org.hibernate.internal.ExceptionConverterImpl.convert(ExceptionConverterImpl.java:157)
	at org.hibernate.internal.ExceptionConverterImpl.convert(ExceptionConverterImpl.java:167)
	at org.hibernate.internal.ExceptionConverterImpl.convert(ExceptionConverterImpl.java:173)
	at org.hibernate.internal.SessionImpl.doFlush(SessionImpl.java:1429)
	at org.hibernate.internal.SessionImpl.managedFlush(SessionImpl.java:487)
	at org.hibernate.internal.SessionImpl.flushBeforeTransactionCompletion(SessionImpl.java:2324)
	at org.hibernate.internal.SessionImpl.beforeTransactionCompletion(SessionImpl.java:1981)
	at org.hibernate.engine.jdbc.internal.JdbcCoordinatorImpl.beforeTransactionCompletion(JdbcCoordinatorImpl.java:439)
	at org.hibernate.resource.transaction.backend.jdbc.internal.JdbcResourceLocalTransactionCoordinatorImpl.beforeCompletionCallback(JdbcResourceLocalTransactionCoordinatorImpl.java:169)
	at org.hibernate.resource.transaction.backend.jdbc.internal.JdbcResourceLocalTransactionCoordinatorImpl$TransactionDriverControlImpl.commit(JdbcResourceLocalTransactionCoordinatorImpl.java:267)
	at org.hibernate.engine.transaction.internal.TransactionImpl.commit(TransactionImpl.java:101)
	... 6 more
Caused by: org.hibernate.TransientObjectException: object references an unsaved transient instance - save the transient instance before flushing: org.frcpm.models.Task
	at org.hibernate.metamodel.mapping.EntityIdentifierMapping.getIdentifierIfNotUnsaved(EntityIdentifierMapping.java:106)
	at org.hibernate.metamodel.mapping.internal.SimpleForeignKeyDescriptor.getAssociationKeyFromSide(SimpleForeignKeyDescriptor.java:498)
	at org.hibernate.metamodel.mapping.internal.ManyToManyCollectionPart.decompose(ManyToManyCollectionPart.java:199)
	at org.hibernate.persister.collection.BasicCollectionPersister.applyInsertRowValues(BasicCollectionPersister.java:450)
	at org.hibernate.persister.collection.mutation.InsertRowsCoordinatorStandard.insertRows(InsertRowsCoordinatorStandard.java:109)
	at org.hibernate.persister.collection.BasicCollectionPersister.recreate(BasicCollectionPersister.java:119)
	at org.hibernate.action.internal.CollectionRecreateAction.execute(CollectionRecreateAction.java:47)
	at org.hibernate.engine.spi.ActionQueue.executeActions(ActionQueue.java:632)
	at org.hibernate.engine.spi.ActionQueue.executeActions(ActionQueue.java:499)
	at org.hibernate.event.internal.AbstractFlushingEventListener.performExecutions(AbstractFlushingEventListener.java:371)
	at org.hibernate.event.internal.DefaultFlushEventListener.onFlush(DefaultFlushEventListener.java:41)
	at org.hibernate.event.service.internal.EventListenerGroupImpl.fireEventOnEachListener(EventListenerGroupImpl.java:127)
	at org.hibernate.internal.SessionImpl.doFlush(SessionImpl.java:1425)
	... 13 more

org.frcpm.repositories.TaskRepositoryTest.testFindByCompleted -- Time elapsed: 0.209 s <<< ERROR!
java.lang.RuntimeException: Failed to save entity
	at org.frcpm.repositories.impl.JpaRepositoryImpl.save(JpaRepositoryImpl.java:84)
	at org.frcpm.repositories.TaskRepositoryTest.createTestTasks(TaskRepositoryTest.java:110)
	at org.frcpm.repositories.TaskRepositoryTest.setUp(TaskRepositoryTest.java:62)
	at java.base/java.lang.reflect.Method.invoke(Method.java:580)
	at java.base/java.util.ArrayList.forEach(ArrayList.java:1596)
	at java.base/java.util.ArrayList.forEach(ArrayList.java:1596)
Caused by: jakarta.persistence.RollbackException: Error while committing the transaction
	at org.hibernate.internal.ExceptionConverterImpl.convertCommitException(ExceptionConverterImpl.java:67)
	at org.hibernate.engine.transaction.internal.TransactionImpl.commit(TransactionImpl.java:104)
	at org.frcpm.repositories.impl.JpaRepositoryImpl.save(JpaRepositoryImpl.java:77)
	... 5 more
Caused by: java.lang.IllegalStateException: org.hibernate.TransientObjectException: object references an unsaved transient instance - save the transient instance before flushing: org.frcpm.models.Task
	at org.hibernate.internal.ExceptionConverterImpl.convert(ExceptionConverterImpl.java:157)
	at org.hibernate.internal.ExceptionConverterImpl.convert(ExceptionConverterImpl.java:167)
	at org.hibernate.internal.ExceptionConverterImpl.convert(ExceptionConverterImpl.java:173)
	at org.hibernate.internal.SessionImpl.doFlush(SessionImpl.java:1429)
	at org.hibernate.internal.SessionImpl.managedFlush(SessionImpl.java:487)
	at org.hibernate.internal.SessionImpl.flushBeforeTransactionCompletion(SessionImpl.java:2324)
	at org.hibernate.internal.SessionImpl.beforeTransactionCompletion(SessionImpl.java:1981)
	at org.hibernate.engine.jdbc.internal.JdbcCoordinatorImpl.beforeTransactionCompletion(JdbcCoordinatorImpl.java:439)
	at org.hibernate.resource.transaction.backend.jdbc.internal.JdbcResourceLocalTransactionCoordinatorImpl.beforeCompletionCallback(JdbcResourceLocalTransactionCoordinatorImpl.java:169)
	at org.hibernate.resource.transaction.backend.jdbc.internal.JdbcResourceLocalTransactionCoordinatorImpl$TransactionDriverControlImpl.commit(JdbcResourceLocalTransactionCoordinatorImpl.java:267)
	at org.hibernate.engine.transaction.internal.TransactionImpl.commit(TransactionImpl.java:101)
	... 6 more
Caused by: org.hibernate.TransientObjectException: object references an unsaved transient instance - save the transient instance before flushing: org.frcpm.models.Task
	at org.hibernate.metamodel.mapping.EntityIdentifierMapping.getIdentifierIfNotUnsaved(EntityIdentifierMapping.java:106)
	at org.hibernate.metamodel.mapping.internal.SimpleForeignKeyDescriptor.getAssociationKeyFromSide(SimpleForeignKeyDescriptor.java:498)
	at org.hibernate.metamodel.mapping.internal.ManyToManyCollectionPart.decompose(ManyToManyCollectionPart.java:199)
	at org.hibernate.persister.collection.BasicCollectionPersister.applyInsertRowValues(BasicCollectionPersister.java:450)
	at org.hibernate.persister.collection.mutation.InsertRowsCoordinatorStandard.insertRows(InsertRowsCoordinatorStandard.java:109)
	at org.hibernate.persister.collection.BasicCollectionPersister.recreate(BasicCollectionPersister.java:119)
	at org.hibernate.action.internal.CollectionRecreateAction.execute(CollectionRecreateAction.java:47)
	at org.hibernate.engine.spi.ActionQueue.executeActions(ActionQueue.java:632)
	at org.hibernate.engine.spi.ActionQueue.executeActions(ActionQueue.java:499)
	at org.hibernate.event.internal.AbstractFlushingEventListener.performExecutions(AbstractFlushingEventListener.java:371)
	at org.hibernate.event.internal.DefaultFlushEventListener.onFlush(DefaultFlushEventListener.java:41)
	at org.hibernate.event.service.internal.EventListenerGroupImpl.fireEventOnEachListener(EventListenerGroupImpl.java:127)
	at org.hibernate.internal.SessionImpl.doFlush(SessionImpl.java:1425)
	... 13 more

org.frcpm.repositories.TaskRepositoryTest.testFindById -- Time elapsed: 0.160 s <<< ERROR!
java.lang.RuntimeException: Failed to save entity
	at org.frcpm.repositories.impl.JpaRepositoryImpl.save(JpaRepositoryImpl.java:84)
	at org.frcpm.repositories.TaskRepositoryTest.createTestTasks(TaskRepositoryTest.java:110)
	at org.frcpm.repositories.TaskRepositoryTest.setUp(TaskRepositoryTest.java:62)
	at java.base/java.lang.reflect.Method.invoke(Method.java:580)
	at java.base/java.util.ArrayList.forEach(ArrayList.java:1596)
	at java.base/java.util.ArrayList.forEach(ArrayList.java:1596)
Caused by: jakarta.persistence.RollbackException: Error while committing the transaction
	at org.hibernate.internal.ExceptionConverterImpl.convertCommitException(ExceptionConverterImpl.java:67)
	at org.hibernate.engine.transaction.internal.TransactionImpl.commit(TransactionImpl.java:104)
	at org.frcpm.repositories.impl.JpaRepositoryImpl.save(JpaRepositoryImpl.java:77)
	... 5 more
Caused by: java.lang.IllegalStateException: org.hibernate.TransientObjectException: object references an unsaved transient instance - save the transient instance before flushing: org.frcpm.models.Task
	at org.hibernate.internal.ExceptionConverterImpl.convert(ExceptionConverterImpl.java:157)
	at org.hibernate.internal.ExceptionConverterImpl.convert(ExceptionConverterImpl.java:167)
	at org.hibernate.internal.ExceptionConverterImpl.convert(ExceptionConverterImpl.java:173)
	at org.hibernate.internal.SessionImpl.doFlush(SessionImpl.java:1429)
	at org.hibernate.internal.SessionImpl.managedFlush(SessionImpl.java:487)
	at org.hibernate.internal.SessionImpl.flushBeforeTransactionCompletion(SessionImpl.java:2324)
	at org.hibernate.internal.SessionImpl.beforeTransactionCompletion(SessionImpl.java:1981)
	at org.hibernate.engine.jdbc.internal.JdbcCoordinatorImpl.beforeTransactionCompletion(JdbcCoordinatorImpl.java:439)
	at org.hibernate.resource.transaction.backend.jdbc.internal.JdbcResourceLocalTransactionCoordinatorImpl.beforeCompletionCallback(JdbcResourceLocalTransactionCoordinatorImpl.java:169)
	at org.hibernate.resource.transaction.backend.jdbc.internal.JdbcResourceLocalTransactionCoordinatorImpl$TransactionDriverControlImpl.commit(JdbcResourceLocalTransactionCoordinatorImpl.java:267)
	at org.hibernate.engine.transaction.internal.TransactionImpl.commit(TransactionImpl.java:101)
	... 6 more
Caused by: org.hibernate.TransientObjectException: object references an unsaved transient instance - save the transient instance before flushing: org.frcpm.models.Task
	at org.hibernate.metamodel.mapping.EntityIdentifierMapping.getIdentifierIfNotUnsaved(EntityIdentifierMapping.java:106)
	at org.hibernate.metamodel.mapping.internal.SimpleForeignKeyDescriptor.getAssociationKeyFromSide(SimpleForeignKeyDescriptor.java:498)
	at org.hibernate.metamodel.mapping.internal.ManyToManyCollectionPart.decompose(ManyToManyCollectionPart.java:199)
	at org.hibernate.persister.collection.BasicCollectionPersister.applyInsertRowValues(BasicCollectionPersister.java:450)
	at org.hibernate.persister.collection.mutation.InsertRowsCoordinatorStandard.insertRows(InsertRowsCoordinatorStandard.java:109)
	at org.hibernate.persister.collection.BasicCollectionPersister.recreate(BasicCollectionPersister.java:119)
	at org.hibernate.action.internal.CollectionRecreateAction.execute(CollectionRecreateAction.java:47)
	at org.hibernate.engine.spi.ActionQueue.executeActions(ActionQueue.java:632)
	at org.hibernate.engine.spi.ActionQueue.executeActions(ActionQueue.java:499)
	at org.hibernate.event.internal.AbstractFlushingEventListener.performExecutions(AbstractFlushingEventListener.java:371)
	at org.hibernate.event.internal.DefaultFlushEventListener.onFlush(DefaultFlushEventListener.java:41)
	at org.hibernate.event.service.internal.EventListenerGroupImpl.fireEventOnEachListener(EventListenerGroupImpl.java:127)
	at org.hibernate.internal.SessionImpl.doFlush(SessionImpl.java:1425)
	... 13 more

org.frcpm.repositories.TaskRepositoryTest.testFindByAssignedMember -- Time elapsed: 0.140 s <<< ERROR!
java.lang.RuntimeException: Failed to save entity
	at org.frcpm.repositories.impl.JpaRepositoryImpl.save(JpaRepositoryImpl.java:84)
	at org.frcpm.repositories.TaskRepositoryTest.createTestTasks(TaskRepositoryTest.java:110)
	at org.frcpm.repositories.TaskRepositoryTest.setUp(TaskRepositoryTest.java:62)
	at java.base/java.lang.reflect.Method.invoke(Method.java:580)
	at java.base/java.util.ArrayList.forEach(ArrayList.java:1596)
	at java.base/java.util.ArrayList.forEach(ArrayList.java:1596)
Caused by: jakarta.persistence.RollbackException: Error while committing the transaction
	at org.hibernate.internal.ExceptionConverterImpl.convertCommitException(ExceptionConverterImpl.java:67)
	at org.hibernate.engine.transaction.internal.TransactionImpl.commit(TransactionImpl.java:104)
	at org.frcpm.repositories.impl.JpaRepositoryImpl.save(JpaRepositoryImpl.java:77)
	... 5 more
Caused by: java.lang.IllegalStateException: org.hibernate.TransientObjectException: object references an unsaved transient instance - save the transient instance before flushing: org.frcpm.models.Task
	at org.hibernate.internal.ExceptionConverterImpl.convert(ExceptionConverterImpl.java:157)
	at org.hibernate.internal.ExceptionConverterImpl.convert(ExceptionConverterImpl.java:167)
	at org.hibernate.internal.ExceptionConverterImpl.convert(ExceptionConverterImpl.java:173)
	at org.hibernate.internal.SessionImpl.doFlush(SessionImpl.java:1429)
	at org.hibernate.internal.SessionImpl.managedFlush(SessionImpl.java:487)
	at org.hibernate.internal.SessionImpl.flushBeforeTransactionCompletion(SessionImpl.java:2324)
	at org.hibernate.internal.SessionImpl.beforeTransactionCompletion(SessionImpl.java:1981)
	at org.hibernate.engine.jdbc.internal.JdbcCoordinatorImpl.beforeTransactionCompletion(JdbcCoordinatorImpl.java:439)
	at org.hibernate.resource.transaction.backend.jdbc.internal.JdbcResourceLocalTransactionCoordinatorImpl.beforeCompletionCallback(JdbcResourceLocalTransactionCoordinatorImpl.java:169)
	at org.hibernate.resource.transaction.backend.jdbc.internal.JdbcResourceLocalTransactionCoordinatorImpl$TransactionDriverControlImpl.commit(JdbcResourceLocalTransactionCoordinatorImpl.java:267)
	at org.hibernate.engine.transaction.internal.TransactionImpl.commit(TransactionImpl.java:101)
	... 6 more
Caused by: org.hibernate.TransientObjectException: object references an unsaved transient instance - save the transient instance before flushing: org.frcpm.models.Task
	at org.hibernate.metamodel.mapping.EntityIdentifierMapping.getIdentifierIfNotUnsaved(EntityIdentifierMapping.java:106)
	at org.hibernate.metamodel.mapping.internal.SimpleForeignKeyDescriptor.getAssociationKeyFromSide(SimpleForeignKeyDescriptor.java:498)
	at org.hibernate.metamodel.mapping.internal.ManyToManyCollectionPart.decompose(ManyToManyCollectionPart.java:199)
	at org.hibernate.persister.collection.BasicCollectionPersister.applyInsertRowValues(BasicCollectionPersister.java:450)
	at org.hibernate.persister.collection.mutation.InsertRowsCoordinatorStandard.insertRows(InsertRowsCoordinatorStandard.java:109)
	at org.hibernate.persister.collection.BasicCollectionPersister.recreate(BasicCollectionPersister.java:119)
	at org.hibernate.action.internal.CollectionRecreateAction.execute(CollectionRecreateAction.java:47)
	at org.hibernate.engine.spi.ActionQueue.executeActions(ActionQueue.java:632)
	at org.hibernate.engine.spi.ActionQueue.executeActions(ActionQueue.java:499)
	at org.hibernate.event.internal.AbstractFlushingEventListener.performExecutions(AbstractFlushingEventListener.java:371)
	at org.hibernate.event.internal.DefaultFlushEventListener.onFlush(DefaultFlushEventListener.java:41)
	at org.hibernate.event.service.internal.EventListenerGroupImpl.fireEventOnEachListener(EventListenerGroupImpl.java:127)
	at org.hibernate.internal.SessionImpl.doFlush(SessionImpl.java:1425)
	... 13 more

org.frcpm.repositories.TaskRepositoryTest.testFindByEndDateBefore -- Time elapsed: 0.137 s <<< ERROR!
java.lang.RuntimeException: Failed to save entity
	at org.frcpm.repositories.impl.JpaRepositoryImpl.save(JpaRepositoryImpl.java:84)
	at org.frcpm.repositories.TaskRepositoryTest.createTestTasks(TaskRepositoryTest.java:110)
	at org.frcpm.repositories.TaskRepositoryTest.setUp(TaskRepositoryTest.java:62)
	at java.base/java.lang.reflect.Method.invoke(Method.java:580)
	at java.base/java.util.ArrayList.forEach(ArrayList.java:1596)
	at java.base/java.util.ArrayList.forEach(ArrayList.java:1596)
Caused by: jakarta.persistence.RollbackException: Error while committing the transaction
	at org.hibernate.internal.ExceptionConverterImpl.convertCommitException(ExceptionConverterImpl.java:67)
	at org.hibernate.engine.transaction.internal.TransactionImpl.commit(TransactionImpl.java:104)
	at org.frcpm.repositories.impl.JpaRepositoryImpl.save(JpaRepositoryImpl.java:77)
	... 5 more
Caused by: java.lang.IllegalStateException: org.hibernate.TransientObjectException: object references an unsaved transient instance - save the transient instance before flushing: org.frcpm.models.Task
	at org.hibernate.internal.ExceptionConverterImpl.convert(ExceptionConverterImpl.java:157)
	at org.hibernate.internal.ExceptionConverterImpl.convert(ExceptionConverterImpl.java:167)
	at org.hibernate.internal.ExceptionConverterImpl.convert(ExceptionConverterImpl.java:173)
	at org.hibernate.internal.SessionImpl.doFlush(SessionImpl.java:1429)
	at org.hibernate.internal.SessionImpl.managedFlush(SessionImpl.java:487)
	at org.hibernate.internal.SessionImpl.flushBeforeTransactionCompletion(SessionImpl.java:2324)
	at org.hibernate.internal.SessionImpl.beforeTransactionCompletion(SessionImpl.java:1981)
	at org.hibernate.engine.jdbc.internal.JdbcCoordinatorImpl.beforeTransactionCompletion(JdbcCoordinatorImpl.java:439)
	at org.hibernate.resource.transaction.backend.jdbc.internal.JdbcResourceLocalTransactionCoordinatorImpl.beforeCompletionCallback(JdbcResourceLocalTransactionCoordinatorImpl.java:169)
	at org.hibernate.resource.transaction.backend.jdbc.internal.JdbcResourceLocalTransactionCoordinatorImpl$TransactionDriverControlImpl.commit(JdbcResourceLocalTransactionCoordinatorImpl.java:267)
	at org.hibernate.engine.transaction.internal.TransactionImpl.commit(TransactionImpl.java:101)
	... 6 more
Caused by: org.hibernate.TransientObjectException: object references an unsaved transient instance - save the transient instance before flushing: org.frcpm.models.Task
	at org.hibernate.metamodel.mapping.EntityIdentifierMapping.getIdentifierIfNotUnsaved(EntityIdentifierMapping.java:106)
	at org.hibernate.metamodel.mapping.internal.SimpleForeignKeyDescriptor.getAssociationKeyFromSide(SimpleForeignKeyDescriptor.java:498)
	at org.hibernate.metamodel.mapping.internal.ManyToManyCollectionPart.decompose(ManyToManyCollectionPart.java:199)
	at org.hibernate.persister.collection.BasicCollectionPersister.applyInsertRowValues(BasicCollectionPersister.java:450)
	at org.hibernate.persister.collection.mutation.InsertRowsCoordinatorStandard.insertRows(InsertRowsCoordinatorStandard.java:109)
	at org.hibernate.persister.collection.BasicCollectionPersister.recreate(BasicCollectionPersister.java:119)
	at org.hibernate.action.internal.CollectionRecreateAction.execute(CollectionRecreateAction.java:47)
	at org.hibernate.engine.spi.ActionQueue.executeActions(ActionQueue.java:632)
	at org.hibernate.engine.spi.ActionQueue.executeActions(ActionQueue.java:499)
	at org.hibernate.event.internal.AbstractFlushingEventListener.performExecutions(AbstractFlushingEventListener.java:371)
	at org.hibernate.event.internal.DefaultFlushEventListener.onFlush(DefaultFlushEventListener.java:41)
	at org.hibernate.event.service.internal.EventListenerGroupImpl.fireEventOnEachListener(EventListenerGroupImpl.java:127)
	at org.hibernate.internal.SessionImpl.doFlush(SessionImpl.java:1425)
	... 13 more

org.frcpm.repositories.TaskRepositoryTest.testDeleteById -- Time elapsed: 0.144 s <<< ERROR!
java.lang.RuntimeException: Failed to save entity
	at org.frcpm.repositories.impl.JpaRepositoryImpl.save(JpaRepositoryImpl.java:84)
	at org.frcpm.repositories.TaskRepositoryTest.createTestTasks(TaskRepositoryTest.java:110)
	at org.frcpm.repositories.TaskRepositoryTest.setUp(TaskRepositoryTest.java:62)
	at java.base/java.lang.reflect.Method.invoke(Method.java:580)
	at java.base/java.util.ArrayList.forEach(ArrayList.java:1596)
	at java.base/java.util.ArrayList.forEach(ArrayList.java:1596)
Caused by: jakarta.persistence.RollbackException: Error while committing the transaction
	at org.hibernate.internal.ExceptionConverterImpl.convertCommitException(ExceptionConverterImpl.java:67)
	at org.hibernate.engine.transaction.internal.TransactionImpl.commit(TransactionImpl.java:104)
	at org.frcpm.repositories.impl.JpaRepositoryImpl.save(JpaRepositoryImpl.java:77)
	... 5 more
Caused by: java.lang.IllegalStateException: org.hibernate.TransientObjectException: object references an unsaved transient instance - save the transient instance before flushing: org.frcpm.models.Task
	at org.hibernate.internal.ExceptionConverterImpl.convert(ExceptionConverterImpl.java:157)
	at org.hibernate.internal.ExceptionConverterImpl.convert(ExceptionConverterImpl.java:167)
	at org.hibernate.internal.ExceptionConverterImpl.convert(ExceptionConverterImpl.java:173)
	at org.hibernate.internal.SessionImpl.doFlush(SessionImpl.java:1429)
	at org.hibernate.internal.SessionImpl.managedFlush(SessionImpl.java:487)
	at org.hibernate.internal.SessionImpl.flushBeforeTransactionCompletion(SessionImpl.java:2324)
	at org.hibernate.internal.SessionImpl.beforeTransactionCompletion(SessionImpl.java:1981)
	at org.hibernate.engine.jdbc.internal.JdbcCoordinatorImpl.beforeTransactionCompletion(JdbcCoordinatorImpl.java:439)
	at org.hibernate.resource.transaction.backend.jdbc.internal.JdbcResourceLocalTransactionCoordinatorImpl.beforeCompletionCallback(JdbcResourceLocalTransactionCoordinatorImpl.java:169)
	at org.hibernate.resource.transaction.backend.jdbc.internal.JdbcResourceLocalTransactionCoordinatorImpl$TransactionDriverControlImpl.commit(JdbcResourceLocalTransactionCoordinatorImpl.java:267)
	at org.hibernate.engine.transaction.internal.TransactionImpl.commit(TransactionImpl.java:101)
	... 6 more
Caused by: org.hibernate.TransientObjectException: object references an unsaved transient instance - save the transient instance before flushing: org.frcpm.models.Task
	at org.hibernate.metamodel.mapping.EntityIdentifierMapping.getIdentifierIfNotUnsaved(EntityIdentifierMapping.java:106)
	at org.hibernate.metamodel.mapping.internal.SimpleForeignKeyDescriptor.getAssociationKeyFromSide(SimpleForeignKeyDescriptor.java:498)
	at org.hibernate.metamodel.mapping.internal.ManyToManyCollectionPart.decompose(ManyToManyCollectionPart.java:199)
	at org.hibernate.persister.collection.BasicCollectionPersister.applyInsertRowValues(BasicCollectionPersister.java:450)
	at org.hibernate.persister.collection.mutation.InsertRowsCoordinatorStandard.insertRows(InsertRowsCoordinatorStandard.java:109)
	at org.hibernate.persister.collection.BasicCollectionPersister.recreate(BasicCollectionPersister.java:119)
	at org.hibernate.action.internal.CollectionRecreateAction.execute(CollectionRecreateAction.java:47)
	at org.hibernate.engine.spi.ActionQueue.executeActions(ActionQueue.java:632)
	at org.hibernate.engine.spi.ActionQueue.executeActions(ActionQueue.java:499)
	at org.hibernate.event.internal.AbstractFlushingEventListener.performExecutions(AbstractFlushingEventListener.java:371)
	at org.hibernate.event.internal.DefaultFlushEventListener.onFlush(DefaultFlushEventListener.java:41)
	at org.hibernate.event.service.internal.EventListenerGroupImpl.fireEventOnEachListener(EventListenerGroupImpl.java:127)
	at org.hibernate.internal.SessionImpl.doFlush(SessionImpl.java:1425)
	... 13 more

org.frcpm.repositories.TaskRepositoryTest.testDelete -- Time elapsed: 0.200 s <<< ERROR!
java.lang.RuntimeException: Failed to save entity
	at org.frcpm.repositories.impl.JpaRepositoryImpl.save(JpaRepositoryImpl.java:84)
	at org.frcpm.repositories.TaskRepositoryTest.createTestTasks(TaskRepositoryTest.java:110)
	at org.frcpm.repositories.TaskRepositoryTest.setUp(TaskRepositoryTest.java:62)
	at java.base/java.lang.reflect.Method.invoke(Method.java:580)
	at java.base/java.util.ArrayList.forEach(ArrayList.java:1596)
	at java.base/java.util.ArrayList.forEach(ArrayList.java:1596)
Caused by: jakarta.persistence.RollbackException: Error while committing the transaction
	at org.hibernate.internal.ExceptionConverterImpl.convertCommitException(ExceptionConverterImpl.java:67)
	at org.hibernate.engine.transaction.internal.TransactionImpl.commit(TransactionImpl.java:104)
	at org.frcpm.repositories.impl.JpaRepositoryImpl.save(JpaRepositoryImpl.java:77)
	... 5 more
Caused by: java.lang.IllegalStateException: org.hibernate.TransientObjectException: object references an unsaved transient instance - save the transient instance before flushing: org.frcpm.models.Task
	at org.hibernate.internal.ExceptionConverterImpl.convert(ExceptionConverterImpl.java:157)
	at org.hibernate.internal.ExceptionConverterImpl.convert(ExceptionConverterImpl.java:167)
	at org.hibernate.internal.ExceptionConverterImpl.convert(ExceptionConverterImpl.java:173)
	at org.hibernate.internal.SessionImpl.doFlush(SessionImpl.java:1429)
	at org.hibernate.internal.SessionImpl.managedFlush(SessionImpl.java:487)
	at org.hibernate.internal.SessionImpl.flushBeforeTransactionCompletion(SessionImpl.java:2324)
	at org.hibernate.internal.SessionImpl.beforeTransactionCompletion(SessionImpl.java:1981)
	at org.hibernate.engine.jdbc.internal.JdbcCoordinatorImpl.beforeTransactionCompletion(JdbcCoordinatorImpl.java:439)
	at org.hibernate.resource.transaction.backend.jdbc.internal.JdbcResourceLocalTransactionCoordinatorImpl.beforeCompletionCallback(JdbcResourceLocalTransactionCoordinatorImpl.java:169)
	at org.hibernate.resource.transaction.backend.jdbc.internal.JdbcResourceLocalTransactionCoordinatorImpl$TransactionDriverControlImpl.commit(JdbcResourceLocalTransactionCoordinatorImpl.java:267)
	at org.hibernate.engine.transaction.internal.TransactionImpl.commit(TransactionImpl.java:101)
	... 6 more
Caused by: org.hibernate.TransientObjectException: object references an unsaved transient instance - save the transient instance before flushing: org.frcpm.models.Task
	at org.hibernate.metamodel.mapping.EntityIdentifierMapping.getIdentifierIfNotUnsaved(EntityIdentifierMapping.java:106)
	at org.hibernate.metamodel.mapping.internal.SimpleForeignKeyDescriptor.getAssociationKeyFromSide(SimpleForeignKeyDescriptor.java:498)
	at org.hibernate.metamodel.mapping.internal.ManyToManyCollectionPart.decompose(ManyToManyCollectionPart.java:199)
	at org.hibernate.persister.collection.BasicCollectionPersister.applyInsertRowValues(BasicCollectionPersister.java:450)
	at org.hibernate.persister.collection.mutation.InsertRowsCoordinatorStandard.insertRows(InsertRowsCoordinatorStandard.java:109)
	at org.hibernate.persister.collection.BasicCollectionPersister.recreate(BasicCollectionPersister.java:119)
	at org.hibernate.action.internal.CollectionRecreateAction.execute(CollectionRecreateAction.java:47)
	at org.hibernate.engine.spi.ActionQueue.executeActions(ActionQueue.java:632)
	at org.hibernate.engine.spi.ActionQueue.executeActions(ActionQueue.java:499)
	at org.hibernate.event.internal.AbstractFlushingEventListener.performExecutions(AbstractFlushingEventListener.java:371)
	at org.hibernate.event.internal.DefaultFlushEventListener.onFlush(DefaultFlushEventListener.java:41)
	at org.hibernate.event.service.internal.EventListenerGroupImpl.fireEventOnEachListener(EventListenerGroupImpl.java:127)
	at org.hibernate.internal.SessionImpl.doFlush(SessionImpl.java:1425)
	... 13 more

org.frcpm.repositories.TaskRepositoryTest.testFindBySubsystem -- Time elapsed: 0.137 s <<< ERROR!
java.lang.RuntimeException: Failed to save entity
	at org.frcpm.repositories.impl.JpaRepositoryImpl.save(JpaRepositoryImpl.java:84)
	at org.frcpm.repositories.TaskRepositoryTest.createTestTasks(TaskRepositoryTest.java:110)
	at org.frcpm.repositories.TaskRepositoryTest.setUp(TaskRepositoryTest.java:62)
	at java.base/java.lang.reflect.Method.invoke(Method.java:580)
	at java.base/java.util.ArrayList.forEach(ArrayList.java:1596)
	at java.base/java.util.ArrayList.forEach(ArrayList.java:1596)
Caused by: jakarta.persistence.RollbackException: Error while committing the transaction
	at org.hibernate.internal.ExceptionConverterImpl.convertCommitException(ExceptionConverterImpl.java:67)
	at org.hibernate.engine.transaction.internal.TransactionImpl.commit(TransactionImpl.java:104)
	at org.frcpm.repositories.impl.JpaRepositoryImpl.save(JpaRepositoryImpl.java:77)
	... 5 more
Caused by: java.lang.IllegalStateException: org.hibernate.TransientObjectException: object references an unsaved transient instance - save the transient instance before flushing: org.frcpm.models.Task
	at org.hibernate.internal.ExceptionConverterImpl.convert(ExceptionConverterImpl.java:157)
	at org.hibernate.internal.ExceptionConverterImpl.convert(ExceptionConverterImpl.java:167)
	at org.hibernate.internal.ExceptionConverterImpl.convert(ExceptionConverterImpl.java:173)
	at org.hibernate.internal.SessionImpl.doFlush(SessionImpl.java:1429)
	at org.hibernate.internal.SessionImpl.managedFlush(SessionImpl.java:487)
	at org.hibernate.internal.SessionImpl.flushBeforeTransactionCompletion(SessionImpl.java:2324)
	at org.hibernate.internal.SessionImpl.beforeTransactionCompletion(SessionImpl.java:1981)
	at org.hibernate.engine.jdbc.internal.JdbcCoordinatorImpl.beforeTransactionCompletion(JdbcCoordinatorImpl.java:439)
	at org.hibernate.resource.transaction.backend.jdbc.internal.JdbcResourceLocalTransactionCoordinatorImpl.beforeCompletionCallback(JdbcResourceLocalTransactionCoordinatorImpl.java:169)
	at org.hibernate.resource.transaction.backend.jdbc.internal.JdbcResourceLocalTransactionCoordinatorImpl$TransactionDriverControlImpl.commit(JdbcResourceLocalTransactionCoordinatorImpl.java:267)
	at org.hibernate.engine.transaction.internal.TransactionImpl.commit(TransactionImpl.java:101)
	... 6 more
Caused by: org.hibernate.TransientObjectException: object references an unsaved transient instance - save the transient instance before flushing: org.frcpm.models.Task
	at org.hibernate.metamodel.mapping.EntityIdentifierMapping.getIdentifierIfNotUnsaved(EntityIdentifierMapping.java:106)
	at org.hibernate.metamodel.mapping.internal.SimpleForeignKeyDescriptor.getAssociationKeyFromSide(SimpleForeignKeyDescriptor.java:498)
	at org.hibernate.metamodel.mapping.internal.ManyToManyCollectionPart.decompose(ManyToManyCollectionPart.java:199)
	at org.hibernate.persister.collection.BasicCollectionPersister.applyInsertRowValues(BasicCollectionPersister.java:450)
	at org.hibernate.persister.collection.mutation.InsertRowsCoordinatorStandard.insertRows(InsertRowsCoordinatorStandard.java:109)
	at org.hibernate.persister.collection.BasicCollectionPersister.recreate(BasicCollectionPersister.java:119)
	at org.hibernate.action.internal.CollectionRecreateAction.execute(CollectionRecreateAction.java:47)
	at org.hibernate.engine.spi.ActionQueue.executeActions(ActionQueue.java:632)
	at org.hibernate.engine.spi.ActionQueue.executeActions(ActionQueue.java:499)
	at org.hibernate.event.internal.AbstractFlushingEventListener.performExecutions(AbstractFlushingEventListener.java:371)
	at org.hibernate.event.internal.DefaultFlushEventListener.onFlush(DefaultFlushEventListener.java:41)
	at org.hibernate.event.service.internal.EventListenerGroupImpl.fireEventOnEachListener(EventListenerGroupImpl.java:127)
	at org.hibernate.internal.SessionImpl.doFlush(SessionImpl.java:1425)
	... 13 more

org.frcpm.repositories.TaskRepositoryTest.testUpdate -- Time elapsed: 0.166 s <<< ERROR!
java.lang.RuntimeException: Failed to save entity
	at org.frcpm.repositories.impl.JpaRepositoryImpl.save(JpaRepositoryImpl.java:84)
	at org.frcpm.repositories.TaskRepositoryTest.createTestTasks(TaskRepositoryTest.java:110)
	at org.frcpm.repositories.TaskRepositoryTest.setUp(TaskRepositoryTest.java:62)
	at java.base/java.lang.reflect.Method.invoke(Method.java:580)
	at java.base/java.util.ArrayList.forEach(ArrayList.java:1596)
	at java.base/java.util.ArrayList.forEach(ArrayList.java:1596)
Caused by: jakarta.persistence.RollbackException: Error while committing the transaction
	at org.hibernate.internal.ExceptionConverterImpl.convertCommitException(ExceptionConverterImpl.java:67)
	at org.hibernate.engine.transaction.internal.TransactionImpl.commit(TransactionImpl.java:104)
	at org.frcpm.repositories.impl.JpaRepositoryImpl.save(JpaRepositoryImpl.java:77)
	... 5 more
Caused by: java.lang.IllegalStateException: org.hibernate.TransientObjectException: object references an unsaved transient instance - save the transient instance before flushing: org.frcpm.models.Task
	at org.hibernate.internal.ExceptionConverterImpl.convert(ExceptionConverterImpl.java:157)
	at org.hibernate.internal.ExceptionConverterImpl.convert(ExceptionConverterImpl.java:167)
	at org.hibernate.internal.ExceptionConverterImpl.convert(ExceptionConverterImpl.java:173)
	at org.hibernate.internal.SessionImpl.doFlush(SessionImpl.java:1429)
	at org.hibernate.internal.SessionImpl.managedFlush(SessionImpl.java:487)
	at org.hibernate.internal.SessionImpl.flushBeforeTransactionCompletion(SessionImpl.java:2324)
	at org.hibernate.internal.SessionImpl.beforeTransactionCompletion(SessionImpl.java:1981)
	at org.hibernate.engine.jdbc.internal.JdbcCoordinatorImpl.beforeTransactionCompletion(JdbcCoordinatorImpl.java:439)
	at org.hibernate.resource.transaction.backend.jdbc.internal.JdbcResourceLocalTransactionCoordinatorImpl.beforeCompletionCallback(JdbcResourceLocalTransactionCoordinatorImpl.java:169)
	at org.hibernate.resource.transaction.backend.jdbc.internal.JdbcResourceLocalTransactionCoordinatorImpl$TransactionDriverControlImpl.commit(JdbcResourceLocalTransactionCoordinatorImpl.java:267)
	at org.hibernate.engine.transaction.internal.TransactionImpl.commit(TransactionImpl.java:101)
	... 6 more
Caused by: org.hibernate.TransientObjectException: object references an unsaved transient instance - save the transient instance before flushing: org.frcpm.models.Task
	at org.hibernate.metamodel.mapping.EntityIdentifierMapping.getIdentifierIfNotUnsaved(EntityIdentifierMapping.java:106)
	at org.hibernate.metamodel.mapping.internal.SimpleForeignKeyDescriptor.getAssociationKeyFromSide(SimpleForeignKeyDescriptor.java:498)
	at org.hibernate.metamodel.mapping.internal.ManyToManyCollectionPart.decompose(ManyToManyCollectionPart.java:199)
	at org.hibernate.persister.collection.BasicCollectionPersister.applyInsertRowValues(BasicCollectionPersister.java:450)
	at org.hibernate.persister.collection.mutation.InsertRowsCoordinatorStandard.insertRows(InsertRowsCoordinatorStandard.java:109)
	at org.hibernate.persister.collection.BasicCollectionPersister.recreate(BasicCollectionPersister.java:119)
	at org.hibernate.action.internal.CollectionRecreateAction.execute(CollectionRecreateAction.java:47)
	at org.hibernate.engine.spi.ActionQueue.executeActions(ActionQueue.java:632)
	at org.hibernate.engine.spi.ActionQueue.executeActions(ActionQueue.java:499)
	at org.hibernate.event.internal.AbstractFlushingEventListener.performExecutions(AbstractFlushingEventListener.java:371)
	at org.hibernate.event.internal.DefaultFlushEventListener.onFlush(DefaultFlushEventListener.java:41)
	at org.hibernate.event.service.internal.EventListenerGroupImpl.fireEventOnEachListener(EventListenerGroupImpl.java:127)
	at org.hibernate.internal.SessionImpl.doFlush(SessionImpl.java:1425)
	... 13 more

