-------------------------------------------------------------------------------
Test set: org.frcpm.repositories.RepositoryPerformanceTest
-------------------------------------------------------------------------------
Tests run: 5, Failures: 5, Errors: 0, Skipped: 0, Time elapsed: 0.239 s <<< FAILURE! -- in org.frcpm.repositories.RepositoryPerformanceTest
org.frcpm.repositories.RepositoryPerformanceTest.testSimpleQueryPerformance -- Time elapsed: 0.008 s <<< FAILURE!
org.opentest4j.AssertionFailedError: Should find at least 50 tasks ==> expected: <true> but was: <false>
	at org.junit.jupiter.api.AssertionFailureBuilder.build(AssertionFailureBuilder.java:151)
	at org.junit.jupiter.api.AssertionFailureBuilder.buildAndThrow(AssertionFailureBuilder.java:132)
	at org.junit.jupiter.api.AssertTrue.failNotTrue(AssertTrue.java:63)
	at org.junit.jupiter.api.AssertTrue.assertTrue(AssertTrue.java:36)
	at org.junit.jupiter.api.Assertions.assertTrue(Assertions.java:214)
	at org.frcpm.repositories.RepositoryPerformanceTest.testSimpleQueryPerformance(RepositoryPerformanceTest.java:154)
	at java.base/java.lang.reflect.Method.invoke(Method.java:580)
	at java.base/java.util.ArrayList.forEach(ArrayList.java:1596)
	at java.base/java.util.ArrayList.forEach(ArrayList.java:1596)

org.frcpm.repositories.RepositoryPerformanceTest.testComplexJoinQuery -- Time elapsed: 0.058 s <<< FAILURE!
org.opentest4j.AssertionFailedError: Complex query should return results ==> expected: <false> but was: <true>
	at org.junit.jupiter.api.AssertionFailureBuilder.build(AssertionFailureBuilder.java:151)
	at org.junit.jupiter.api.AssertionFailureBuilder.buildAndThrow(AssertionFailureBuilder.java:132)
	at org.junit.jupiter.api.AssertFalse.failNotFalse(AssertFalse.java:63)
	at org.junit.jupiter.api.AssertFalse.assertFalse(AssertFalse.java:36)
	at org.junit.jupiter.api.Assertions.assertFalse(Assertions.java:239)
	at org.frcpm.repositories.RepositoryPerformanceTest.testComplexJoinQuery(RepositoryPerformanceTest.java:194)
	at java.base/java.lang.reflect.Method.invoke(Method.java:580)
	at java.base/java.util.ArrayList.forEach(ArrayList.java:1596)
	at java.base/java.util.ArrayList.forEach(ArrayList.java:1596)

org.frcpm.repositories.RepositoryPerformanceTest.testPagination -- Time elapsed: 0.013 s <<< FAILURE!
org.opentest4j.AssertionFailedError: All paginated results combined should equal batch size ==> expected: <true> but was: <false>
	at org.junit.jupiter.api.AssertionFailureBuilder.build(AssertionFailureBuilder.java:151)
	at org.junit.jupiter.api.AssertionFailureBuilder.buildAndThrow(AssertionFailureBuilder.java:132)
	at org.junit.jupiter.api.AssertTrue.failNotTrue(AssertTrue.java:63)
	at org.junit.jupiter.api.AssertTrue.assertTrue(AssertTrue.java:36)
	at org.junit.jupiter.api.Assertions.assertTrue(Assertions.java:214)
	at org.frcpm.repositories.RepositoryPerformanceTest.testPagination(RepositoryPerformanceTest.java:260)
	at java.base/java.lang.reflect.Method.invoke(Method.java:580)
	at java.base/java.util.ArrayList.forEach(ArrayList.java:1596)
	at java.base/java.util.ArrayList.forEach(ArrayList.java:1596)

org.frcpm.repositories.RepositoryPerformanceTest.testGroupByQuery -- Time elapsed: 0.028 s <<< FAILURE!
org.opentest4j.AssertionFailedError: Should have 4 priority groups ==> expected: <4> but was: <0>
	at org.junit.jupiter.api.AssertionFailureBuilder.build(AssertionFailureBuilder.java:151)
	at org.junit.jupiter.api.AssertionFailureBuilder.buildAndThrow(AssertionFailureBuilder.java:132)
	at org.junit.jupiter.api.AssertEquals.failNotEqual(AssertEquals.java:197)
	at org.junit.jupiter.api.AssertEquals.assertEquals(AssertEquals.java:150)
	at org.junit.jupiter.api.Assertions.assertEquals(Assertions.java:563)
	at org.frcpm.repositories.RepositoryPerformanceTest.testGroupByQuery(RepositoryPerformanceTest.java:292)
	at java.base/java.lang.reflect.Method.invoke(Method.java:580)
	at java.base/java.util.ArrayList.forEach(ArrayList.java:1596)
	at java.base/java.util.ArrayList.forEach(ArrayList.java:1596)

org.frcpm.repositories.RepositoryPerformanceTest.testBatchInsertPerformance -- Time elapsed: 0.003 s <<< FAILURE!
org.opentest4j.AssertionFailedError: 
Batch insert test failed: could not execute statement [Referential integrity constraint violation: "FKSFHN82Y57I3K9UXWW1S007ACC: PUBLIC.TASKS FOREIGN KEY(PROJECT_ID) REFERENCES PUBLIC.PROJECTS(ID) (CAST(4 AS BIGINT))"; SQL statement:
/* insert for org.frcpm.models.Task */insert into tasks (actual_duration_seconds,completed,description,end_date,estimated_duration_seconds,priority,progress,project_id,start_date,subsystem_id,title,id)  [23506-224]] [/* insert for org.frcpm.models.Task */insert into tasks (actual_duration_seconds,completed,description,end_date,estimated_duration_seconds,priority,progress,project_id,start_date,subsystem_id,title,id) values (?,?,?,?,?,?,?,?,?,?,?,default)]
	at org.junit.jupiter.api.AssertionUtils.fail(AssertionUtils.java:38)
	at org.junit.jupiter.api.Assertions.fail(Assertions.java:138)
	at org.frcpm.repositories.RepositoryPerformanceTest.testBatchInsertPerformance(RepositoryPerformanceTest.java:370)
	at java.base/java.lang.reflect.Method.invoke(Method.java:580)
	at java.base/java.util.ArrayList.forEach(ArrayList.java:1596)
	at java.base/java.util.ArrayList.forEach(ArrayList.java:1596)

