-------------------------------------------------------------------------------
Test set: org.frcpm.services.ComponentServiceTest
-------------------------------------------------------------------------------
Tests run: 10, Failures: 0, Errors: 1, Skipped: 0, Time elapsed: 1.058 s <<< FAILURE! -- in org.frcpm.services.ComponentServiceTest
org.frcpm.services.ComponentServiceTest.testAssociateComponentsWithTask -- Time elapsed: 0.139 s <<< ERROR!
org.hibernate.LazyInitializationException: failed to lazily initialize a collection of role: org.frcpm.models.Task.requiredComponents: could not initialize proxy - no Session
	at org.hibernate.collection.spi.AbstractPersistentCollection.throwLazyInitializationException(AbstractPersistentCollection.java:634)
	at org.hibernate.collection.spi.AbstractPersistentCollection.withTemporarySessionIfNeeded(AbstractPersistentCollection.java:217)
	at org.hibernate.collection.spi.AbstractPersistentCollection.initialize(AbstractPersistentCollection.java:613)
	at org.hibernate.collection.spi.PersistentSet.clear(PersistentSet.java:287)
	at org.frcpm.services.impl.ComponentServiceImpl.associateComponentsWithTask(ComponentServiceImpl.java:125)
	at org.frcpm.services.ComponentServiceTest.testAssociateComponentsWithTask(ComponentServiceTest.java:241)
	at java.base/java.lang.reflect.Method.invoke(Method.java:580)
	at java.base/java.util.ArrayList.forEach(ArrayList.java:1596)
	at java.base/java.util.ArrayList.forEach(ArrayList.java:1596)

