-------------------------------------------------------------------------------
Test set: org.frcpm.services.AttendanceServiceTest
-------------------------------------------------------------------------------
Tests run: 12, Failures: 1, Errors: 1, Skipped: 0, Time elapsed: 1.416 s <<< FAILURE! -- in org.frcpm.services.AttendanceServiceTest
org.frcpm.services.AttendanceServiceTest.testRecordAttendanceForMeeting -- Time elapsed: 0.145 s <<< ERROR!
java.lang.IllegalArgumentException: Username already exists
	at org.frcpm.services.impl.TeamMemberServiceImpl.createTeamMember(TeamMemberServiceImpl.java:57)
	at org.frcpm.services.AttendanceServiceTest.testRecordAttendanceForMeeting(AttendanceServiceTest.java:299)
	at java.base/java.lang.reflect.Method.invoke(Method.java:580)
	at java.base/java.util.ArrayList.forEach(ArrayList.java:1596)
	at java.base/java.util.ArrayList.forEach(ArrayList.java:1596)

org.frcpm.services.AttendanceServiceTest.testGetAttendanceStatistics -- Time elapsed: 0.136 s <<< FAILURE!
org.opentest4j.AssertionFailedError: expected: java.lang.Integer@5b08b06e<0> but was: java.lang.Long@5b92e5f3<0>
	at org.junit.jupiter.api.AssertionFailureBuilder.build(AssertionFailureBuilder.java:151)
	at org.junit.jupiter.api.AssertionFailureBuilder.buildAndThrow(AssertionFailureBuilder.java:132)
	at org.junit.jupiter.api.AssertEquals.failNotEqual(AssertEquals.java:197)
	at org.junit.jupiter.api.AssertEquals.assertEquals(AssertEquals.java:182)
	at org.junit.jupiter.api.AssertEquals.assertEquals(AssertEquals.java:177)
	at org.junit.jupiter.api.Assertions.assertEquals(Assertions.java:1145)
	at org.frcpm.services.AttendanceServiceTest.testGetAttendanceStatistics(AttendanceServiceTest.java:373)
	at java.base/java.lang.reflect.Method.invoke(Method.java:580)
	at java.base/java.util.ArrayList.forEach(ArrayList.java:1596)
	at java.base/java.util.ArrayList.forEach(ArrayList.java:1596)

