<?xml version="1.0" encoding="UTF-8"?>
<testsuite xmlns:xsi="http://www.w3.org/2001/XMLSchema-instance" xsi:noNamespaceSchemaLocation="https://maven.apache.org/surefire/maven-surefire-plugin/xsd/surefire-test-report-3.0.xsd" version="3.0" name="org.frcpm.mvvm.views.ControllerInstantiationTest" time="1.403" tests="1" errors="0" skipped="0" failures="0">
  <properties>
[...]
</properties>
  <testcase name="testControllerInstantiation" classname="org.frcpm.mvvm.views.ControllerInstantiationTest" time="1.376">
    <system-out><![CDATA[=== CONTROLLER INSTANTIATION TEST ===

=== TESTING ProjectListMvvmView INSTANTIATION ===
1. Class loading test:
   ✅ Class loaded successfully: org.frcpm.mvvm.views.ProjectListMvvmView
2. Default constructor test:
   ✅ Default constructor found: public org.frcpm.mvvm.views.ProjectListMvvmView()
3. Instantiation test:
   ✅ Instance created successfully: org.frcpm.mvvm.views.ProjectListMvvmView
4. FxmlView interface test:
   FxmlView implementation: ✅
5. Initializable interface test:
   Initializable implementation: ✅
6. @InjectViewModel annotation test:
   ✅ Found @InjectViewModel field: viewModel (ProjectListMvvmViewModel)
7. @FXML fields test:
   @FXML fields found: 8 ✅

=== TESTING TeamMemberListMvvmView INSTANTIATION ===
1. Class loading test:
   ✅ Class loaded successfully: org.frcpm.mvvm.views.TeamMemberListMvvmView
2. Default constructor test:
   ✅ Default constructor found: public org.frcpm.mvvm.views.TeamMemberListMvvmView()
3. Instantiation test:
   ✅ Instance created successfully: org.frcpm.mvvm.views.TeamMemberListMvvmView
4. FxmlView interface test:
   FxmlView implementation: ✅
5. Initializable interface test:
   Initializable implementation: ✅
6. @InjectViewModel annotation test:
   ✅ Found @InjectViewModel field: viewModel (TeamMemberListMvvmViewModel)
7. @FXML fields test:
   @FXML fields found: 13 ✅
]]></system-out>
    <system-err><![CDATA[Jun 03, 2025 3:17:12 PM org.frcpm.di.TestModule initialize
INFO: Initializing TestModule
Jun 03, 2025 3:17:12 PM org.frcpm.di.ServiceLocator clear
INFO: ServiceLocator cleared
Jun 03, 2025 3:17:12 PM org.frcpm.di.TestModule createMockRepositories
INFO: Creating mock repositories
WARNING: A Java agent has been loaded dynamically (C:\Users\dhiebert\.m2\repository\net\bytebuddy\byte-buddy-agent\1.14.11\byte-buddy-agent-1.14.11.jar)
WARNING: If a serviceability tool is in use, please run with -XX:+EnableDynamicAgentLoading to hide this warning
WARNING: If a serviceability tool is not in use, please run with -Djdk.instrument.traceUsage for more information
WARNING: Dynamic loading of agents will be disallowed by default in a future release
Jun 03, 2025 3:17:13 PM org.frcpm.di.TestModule createMockServices
INFO: Creating mock services with async support
Jun 03, 2025 3:17:13 PM org.frcpm.di.TestModule createMockServices
INFO: Creating TestableTaskServiceAsyncImpl...
Jun 03, 2025 3:17:13 PM org.frcpm.di.TestModule createMockServices
INFO: Successfully created TaskService
Jun 03, 2025 3:17:13 PM org.frcpm.di.TestModule createMockServices
INFO: Creating TestableTeamMemberServiceAsyncImpl...
Jun 03, 2025 3:17:13 PM org.frcpm.di.TestModule createMockServices
INFO: Successfully created TeamMemberService
Jun 03, 2025 3:17:13 PM org.frcpm.di.TestModule createMockServices
INFO: Creating TestableComponentServiceAsyncImpl...
Jun 03, 2025 3:17:13 PM org.frcpm.di.TestModule createMockServices
INFO: Successfully created ComponentService
Jun 03, 2025 3:17:13 PM org.frcpm.di.TestModule createMockServices
INFO: Creating TestableMeetingServiceAsyncImpl...
Jun 03, 2025 3:17:13 PM org.frcpm.di.TestModule createMockServices
INFO: Successfully created MeetingService
Jun 03, 2025 3:17:13 PM org.frcpm.di.TestModule createMockServices
INFO: Creating TestableMilestoneServiceAsyncImpl...
Jun 03, 2025 3:17:13 PM org.frcpm.di.TestModule createMockServices
INFO: Successfully created MilestoneService
Jun 03, 2025 3:17:13 PM org.frcpm.di.TestModule createMockServices
INFO: Creating TestableSubsystemServiceAsyncImpl...
Jun 03, 2025 3:17:13 PM org.frcpm.di.TestModule createMockServices
INFO: Successfully created SubsystemService
Jun 03, 2025 3:17:13 PM org.frcpm.di.TestModule createMockServices
INFO: Creating TestableSubteamServiceAsyncImpl...
Jun 03, 2025 3:17:13 PM org.frcpm.di.TestModule createMockServices
INFO: Successfully created SubteamService
Jun 03, 2025 3:17:13 PM org.frcpm.di.TestModule createMockServices
INFO: Creating TestableAttendanceServiceAsyncImpl...
Jun 03, 2025 3:17:13 PM org.frcpm.di.TestModule createMockServices
INFO: Successfully created AttendanceService
Jun 03, 2025 3:17:13 PM org.frcpm.di.TestModule createMockServices
INFO: Creating TestableGanttDataServiceAsyncImpl...
Jun 03, 2025 3:17:13 PM org.frcpm.di.TestModule createMockServices
INFO: Successfully created GanttDataService
Jun 03, 2025 3:17:13 PM org.frcpm.di.TestModule createMockServices
INFO: Creating TestableVisualizationServiceAsyncImpl...
Jun 03, 2025 3:17:13 PM org.frcpm.di.TestModule createMockServices
INFO: Successfully created VisualizationService
Jun 03, 2025 3:17:13 PM org.frcpm.di.TestModule createMockServices
INFO: Creating TestableMetricsCalculationServiceAsyncImpl...
Jun 03, 2025 3:17:13 PM org.frcpm.di.TestModule createMockServices
INFO: Successfully created MetricsCalculationService
Jun 03, 2025 3:17:13 PM org.frcpm.di.TestModule createMockServices
INFO: Creating TestableReportGenerationServiceAsyncImpl...
Jun 03, 2025 3:17:14 PM org.frcpm.di.TestModule createMockServices
INFO: Successfully created ReportGenerationService
Jun 03, 2025 3:17:14 PM org.frcpm.di.TestModule createMockServices
INFO: Creating pure mock services...
Jun 03, 2025 3:17:14 PM org.frcpm.di.TestModule createMockServices
INFO: Successfully created pure mock services
Jun 03, 2025 3:17:14 PM org.frcpm.di.TestModule createMockServices
INFO: Successfully created all mock services
Jun 03, 2025 3:17:14 PM org.frcpm.di.TestModule registerWithServiceLocator
INFO: Registering mocks with ServiceLocator
Jun 03, 2025 3:17:14 PM org.frcpm.di.TestModule configureMvvmFxDependencyInjection
INFO: Configuring MVVMFx dependency injection
Jun 03, 2025 3:17:14 PM org.frcpm.di.TestModule initialize
INFO: TestModule initialization complete
Jun 03, 2025 3:17:14 PM org.frcpm.mvvm.MvvmConfig initialize
INFO: Initializing MVVMFx framework
Jun 03, 2025 3:17:14 PM org.frcpm.di.ServiceLocator initialize
INFO: Initializing ServiceLocator
Jun 03, 2025 3:17:14 PM org.frcpm.di.ServiceLocator registerRepositories
INFO: Registering repositories...
Jun 03, 2025 3:17:14 PM org.frcpm.di.ServiceLocator registerServices
INFO: Registering services...
Jun 03, 2025 3:17:14 PM org.frcpm.di.ServiceLocator injectRepositories
INFO: Injecting repositories into services...
Jun 03, 2025 3:17:14 PM org.frcpm.di.ServiceLocator injectRepository
WARNING: Field not found: projectRepository in ProjectServiceImpl
Jun 03, 2025 3:17:14 PM org.frcpm.di.ServiceLocator injectRepository
WARNING: Field not found: taskRepository in TaskServiceImpl
Jun 03, 2025 3:17:14 PM org.frcpm.di.ServiceLocator injectRepository
WARNING: Field not found: projectRepository in TaskServiceImpl
Jun 03, 2025 3:17:14 PM org.frcpm.di.ServiceLocator injectRepository
WARNING: Field not found: teamMemberRepository in TeamMemberServiceImpl
Jun 03, 2025 3:17:14 PM org.frcpm.di.ServiceLocator injectRepository
WARNING: Field not found: subteamRepository in SubteamServiceImpl
Jun 03, 2025 3:17:14 PM org.frcpm.di.ServiceLocator injectRepository
WARNING: Field not found: subsystemRepository in SubsystemServiceImpl
Jun 03, 2025 3:17:14 PM org.frcpm.di.ServiceLocator injectRepository
WARNING: Field not found: componentRepository in ComponentServiceImpl
Jun 03, 2025 3:17:14 PM org.frcpm.di.ServiceLocator injectRepository
WARNING: Field not found: meetingRepository in MeetingServiceImpl
Jun 03, 2025 3:17:14 PM org.frcpm.di.ServiceLocator injectRepository
WARNING: Field not found: attendanceRepository in AttendanceServiceImpl
Jun 03, 2025 3:17:14 PM org.frcpm.di.ServiceLocator injectRepository
WARNING: Field not found: milestoneRepository in MilestoneServiceImpl
Jun 03, 2025 3:17:14 PM org.frcpm.di.ServiceLocator initialize
INFO: ServiceLocator initialization complete
Jun 03, 2025 3:17:14 PM org.frcpm.mvvm.MvvmConfig initialize
INFO: Set global resource bundle: java.util.PropertyResourceBundle@f4c0e4e
Jun 03, 2025 3:17:14 PM org.frcpm.mvvm.MvvmConfig initialize
INFO: Set mvvmfx.resource.bundle.path to: org.frcpm.mvvm.views
Jun 03, 2025 3:17:14 PM org.frcpm.mvvm.MvvmConfig setupNotifications
INFO: Setting up global notification system
Jun 03, 2025 3:17:14 PM org.frcpm.mvvm.MvvmConfig initialize
INFO: MVVMFx framework initialized successfully
]]></system-err>
  </testcase>
</testsuite>