<?xml version="1.0" encoding="UTF-8"?>
<testsuite xmlns:xsi="http://www.w3.org/2001/XMLSchema-instance" xsi:noNamespaceSchemaLocation="https://maven.apache.org/surefire/maven-surefire-plugin/xsd/surefire-test-report-3.0.xsd" version="3.0" name="org.frcpm.repositories.ComponentRepositoryIntegrationTest" time="9.246" tests="31" errors="31" skipped="0" failures="0">
  <properties>
[...]
</properties>
  <testcase name="testComponentRepositoryComprehensiveIntegration" classname="org.frcpm.repositories.ComponentRepositoryIntegrationTest" time="0.035">
    <error message="Failed to load ApplicationContext for [MergedContextConfiguration@581cd446 testClass = org.frcpm.repositories.ComponentRepositoryIntegrationTest, locations = [], classes = [org.frcpm.FrcProjectManagementApplication], contextInitializerClasses = [], activeProfiles = [&quot;test&quot;], propertySourceDescriptors = [], propertySourceProperties = [&quot;org.springframework.boot.test.autoconfigure.orm.jpa.DataJpaTestContextBootstrapper=true&quot;], contextCustomizers = [[ImportsContextCustomizer@545c3628 key = [org.springframework.boot.autoconfigure.transaction.TransactionAutoConfiguration, org.springframework.boot.autoconfigure.data.jpa.JpaRepositoriesAutoConfiguration, org.springframework.boot.test.autoconfigure.orm.jpa.TestEntityManagerAutoConfiguration, org.springframework.boot.autoconfigure.cache.CacheAutoConfiguration, org.springframework.boot.autoconfigure.orm.jpa.HibernateJpaAutoConfiguration, org.springframework.boot.autoconfigure.sql.init.SqlInitializationAutoConfiguration, org.springframework.boot.test.autoconfigure.jdbc.TestDatabaseAutoConfiguration, org.springframework.boot.autoconfigure.flyway.FlywayAutoConfiguration, org.springframework.boot.autoconfigure.jdbc.DataSourceTransactionManagerAutoConfiguration, org.springframework.boot.autoconfigure.liquibase.LiquibaseAutoConfiguration, org.springframework.boot.autoconfigure.jdbc.JdbcClientAutoConfiguration, org.springframework.boot.autoconfigure.jdbc.DataSourceAutoConfiguration, org.springframework.boot.autoconfigure.jdbc.JdbcTemplateAutoConfiguration]], org.springframework.boot.test.context.filter.ExcludeFilterContextCustomizer@2474f125, org.springframework.boot.test.json.DuplicateJsonObjectContextCustomizerFactory$DuplicateJsonObjectContextCustomizer@5717c37, org.springframework.boot.test.mock.mockito.MockitoContextCustomizer@0, org.springframework.boot.test.autoconfigure.OverrideAutoConfigurationContextCustomizerFactory$DisableAutoConfigurationContextCustomizer@6ee4d9ab, org.springframework.boot.test.autoconfigure.actuate.observability.ObservabilityContextCustomizerFactory$DisableObservabilityContextCustomizer@1f, org.springframework.boot.test.autoconfigure.filter.TypeExcludeFiltersContextCustomizer@34be3d80, org.springframework.boot.test.autoconfigure.properties.PropertyMappingContextCustomizer@3cb40c9a, org.springframework.boot.test.autoconfigure.web.servlet.WebDriverContextCustomizer@59cba5a, org.springframework.boot.test.context.SpringBootTestAnnotation@10ed22a], contextLoader = org.springframework.boot.test.context.SpringBootContextLoader, parent = null]" type="java.lang.IllegalStateException"><![CDATA[java.lang.IllegalStateException: Failed to load ApplicationContext for [MergedContextConfiguration@581cd446 testClass = org.frcpm.repositories.ComponentRepositoryIntegrationTest, locations = [], classes = [org.frcpm.FrcProjectManagementApplication], contextInitializerClasses = [], activeProfiles = ["test"], propertySourceDescriptors = [], propertySourceProperties = ["org.springframework.boot.test.autoconfigure.orm.jpa.DataJpaTestContextBootstrapper=true"], contextCustomizers = [[ImportsContextCustomizer@545c3628 key = [org.springframework.boot.autoconfigure.transaction.TransactionAutoConfiguration, org.springframework.boot.autoconfigure.data.jpa.JpaRepositoriesAutoConfiguration, org.springframework.boot.test.autoconfigure.orm.jpa.TestEntityManagerAutoConfiguration, org.springframework.boot.autoconfigure.cache.CacheAutoConfiguration, org.springframework.boot.autoconfigure.orm.jpa.HibernateJpaAutoConfiguration, org.springframework.boot.autoconfigure.sql.init.SqlInitializationAutoConfiguration, org.springframework.boot.test.autoconfigure.jdbc.TestDatabaseAutoConfiguration, org.springframework.boot.autoconfigure.flyway.FlywayAutoConfiguration, org.springframework.boot.autoconfigure.jdbc.DataSourceTransactionManagerAutoConfiguration, org.springframework.boot.autoconfigure.liquibase.LiquibaseAutoConfiguration, org.springframework.boot.autoconfigure.jdbc.JdbcClientAutoConfiguration, org.springframework.boot.autoconfigure.jdbc.DataSourceAutoConfiguration, org.springframework.boot.autoconfigure.jdbc.JdbcTemplateAutoConfiguration]], org.springframework.boot.test.context.filter.ExcludeFilterContextCustomizer@2474f125, org.springframework.boot.test.json.DuplicateJsonObjectContextCustomizerFactory$DuplicateJsonObjectContextCustomizer@5717c37, org.springframework.boot.test.mock.mockito.MockitoContextCustomizer@0, org.springframework.boot.test.autoconfigure.OverrideAutoConfigurationContextCustomizerFactory$DisableAutoConfigurationContextCustomizer@6ee4d9ab, org.springframework.boot.test.autoconfigure.actuate.observability.ObservabilityContextCustomizerFactory$DisableObservabilityContextCustomizer@1f, org.springframework.boot.test.autoconfigure.filter.TypeExcludeFiltersContextCustomizer@34be3d80, org.springframework.boot.test.autoconfigure.properties.PropertyMappingContextCustomizer@3cb40c9a, org.springframework.boot.test.autoconfigure.web.servlet.WebDriverContextCustomizer@59cba5a, org.springframework.boot.test.context.SpringBootTestAnnotation@10ed22a], contextLoader = org.springframework.boot.test.context.SpringBootContextLoader, parent = null]
	at org.springframework.test.context.cache.DefaultCacheAwareContextLoaderDelegate.loadContext(DefaultCacheAwareContextLoaderDelegate.java:180)
	at org.springframework.test.context.support.DefaultTestContext.getApplicationContext(DefaultTestContext.java:130)
	at org.springframework.test.context.support.DependencyInjectionTestExecutionListener.injectDependencies(DependencyInjectionTestExecutionListener.java:141)
	at org.springframework.test.context.support.DependencyInjectionTestExecutionListener.prepareTestInstance(DependencyInjectionTestExecutionListener.java:97)
	at org.springframework.test.context.TestContextManager.prepareTestInstance(TestContextManager.java:247)
	at org.springframework.test.context.junit.jupiter.SpringExtension.postProcessTestInstance(SpringExtension.java:163)
	at java.base/java.util.stream.ReferencePipeline$3$1.accept(ReferencePipeline.java:197)
	at java.base/java.util.stream.ReferencePipeline$2$1.accept(ReferencePipeline.java:179)
	at java.base/java.util.ArrayList$ArrayListSpliterator.forEachRemaining(ArrayList.java:1708)
	at java.base/java.util.stream.AbstractPipeline.copyInto(AbstractPipeline.java:509)
	at java.base/java.util.stream.AbstractPipeline.wrapAndCopyInto(AbstractPipeline.java:499)
	at java.base/java.util.stream.StreamSpliterators$WrappingSpliterator.forEachRemaining(StreamSpliterators.java:310)
	at java.base/java.util.stream.Streams$ConcatSpliterator.forEachRemaining(Streams.java:735)
	at java.base/java.util.stream.Streams$ConcatSpliterator.forEachRemaining(Streams.java:734)
	at java.base/java.util.stream.ReferencePipeline$Head.forEach(ReferencePipeline.java:762)
	at java.base/java.util.Optional.orElseGet(Optional.java:364)
	at java.base/java.util.ArrayList.forEach(ArrayList.java:1596)
	at java.base/java.util.ArrayList.forEach(ArrayList.java:1596)
Caused by: org.springframework.beans.factory.BeanCreationException: Error creating bean with name 'partRepository' defined in org.frcpm.repositories.spring.PartRepository defined in @EnableJpaRepositories declared on JpaRepositoriesRegistrar.EnableJpaRepositoriesConfiguration: Could not create query for public abstract java.util.List org.frcpm.repositories.spring.PartRepository.findByQuantityOnHandLessThanEqualSafetyStockAndIsActiveTrue(); Reason: Failed to create query for method public abstract java.util.List org.frcpm.repositories.spring.PartRepository.findByQuantityOnHandLessThanEqualSafetyStockAndIsActiveTrue(); No property 'lessThanEqualSafetyStock' found for type 'Integer'; Traversed path: Part.quantityOnHand
	at org.springframework.beans.factory.support.AbstractAutowireCapableBeanFactory.initializeBean(AbstractAutowireCapableBeanFactory.java:1775)
	at org.springframework.beans.factory.support.AbstractAutowireCapableBeanFactory.doCreateBean(AbstractAutowireCapableBeanFactory.java:601)
	at org.springframework.beans.factory.support.AbstractAutowireCapableBeanFactory.createBean(AbstractAutowireCapableBeanFactory.java:523)
	at org.springframework.beans.factory.support.AbstractBeanFactory.lambda$doGetBean$0(AbstractBeanFactory.java:325)
	at org.springframework.beans.factory.support.DefaultSingletonBeanRegistry.getSingleton(DefaultSingletonBeanRegistry.java:234)
	at org.springframework.beans.factory.support.AbstractBeanFactory.doGetBean(AbstractBeanFactory.java:323)
	at org.springframework.beans.factory.support.AbstractBeanFactory.getBean(AbstractBeanFactory.java:199)
	at org.springframework.beans.factory.support.DefaultListableBeanFactory.preInstantiateSingletons(DefaultListableBeanFactory.java:967)
	at org.springframework.context.support.AbstractApplicationContext.finishBeanFactoryInitialization(AbstractApplicationContext.java:946)
	at org.springframework.context.support.AbstractApplicationContext.refresh(AbstractApplicationContext.java:616)
	at org.springframework.boot.SpringApplication.refresh(SpringApplication.java:753)
	at org.springframework.boot.SpringApplication.refreshContext(SpringApplication.java:455)
	at org.springframework.boot.SpringApplication.run(SpringApplication.java:323)
	at org.springframework.boot.test.context.SpringBootContextLoader.lambda$loadContext$3(SpringBootContextLoader.java:137)
	at org.springframework.util.function.ThrowingSupplier.get(ThrowingSupplier.java:58)
	at org.springframework.util.function.ThrowingSupplier.get(ThrowingSupplier.java:46)
	at org.springframework.boot.SpringApplication.withHook(SpringApplication.java:1442)
	at org.springframework.boot.test.context.SpringBootContextLoader$ContextLoaderHook.run(SpringBootContextLoader.java:552)
	at org.springframework.boot.test.context.SpringBootContextLoader.loadContext(SpringBootContextLoader.java:137)
	at org.springframework.boot.test.context.SpringBootContextLoader.loadContext(SpringBootContextLoader.java:108)
	at org.springframework.test.context.cache.DefaultCacheAwareContextLoaderDelegate.loadContextInternal(DefaultCacheAwareContextLoaderDelegate.java:225)
	at org.springframework.test.context.cache.DefaultCacheAwareContextLoaderDelegate.loadContext(DefaultCacheAwareContextLoaderDelegate.java:152)
	... 17 more
Caused by: org.springframework.data.repository.query.QueryCreationException: Could not create query for public abstract java.util.List org.frcpm.repositories.spring.PartRepository.findByQuantityOnHandLessThanEqualSafetyStockAndIsActiveTrue(); Reason: Failed to create query for method public abstract java.util.List org.frcpm.repositories.spring.PartRepository.findByQuantityOnHandLessThanEqualSafetyStockAndIsActiveTrue(); No property 'lessThanEqualSafetyStock' found for type 'Integer'; Traversed path: Part.quantityOnHand
	at org.springframework.data.repository.query.QueryCreationException.create(QueryCreationException.java:101)
	at org.springframework.data.repository.core.support.QueryExecutorMethodInterceptor.lookupQuery(QueryExecutorMethodInterceptor.java:115)
	at org.springframework.data.repository.core.support.QueryExecutorMethodInterceptor.mapMethodsToQuery(QueryExecutorMethodInterceptor.java:99)
	at org.springframework.data.repository.core.support.QueryExecutorMethodInterceptor.lambda$new$0(QueryExecutorMethodInterceptor.java:88)
	at java.base/java.util.Optional.map(Optional.java:260)
	at org.springframework.data.repository.core.support.QueryExecutorMethodInterceptor.<init>(QueryExecutorMethodInterceptor.java:88)
	at org.springframework.data.repository.core.support.RepositoryFactorySupport.getRepository(RepositoryFactorySupport.java:357)
	at org.springframework.data.repository.core.support.RepositoryFactoryBeanSupport.lambda$afterPropertiesSet$5(RepositoryFactoryBeanSupport.java:279)
	at org.springframework.data.util.Lazy.getNullable(Lazy.java:135)
	at org.springframework.data.util.Lazy.get(Lazy.java:113)
	at org.springframework.data.repository.core.support.RepositoryFactoryBeanSupport.afterPropertiesSet(RepositoryFactoryBeanSupport.java:285)
	at org.springframework.data.jpa.repository.support.JpaRepositoryFactoryBean.afterPropertiesSet(JpaRepositoryFactoryBean.java:132)
	at org.springframework.beans.factory.support.AbstractAutowireCapableBeanFactory.invokeInitMethods(AbstractAutowireCapableBeanFactory.java:1822)
	at org.springframework.beans.factory.support.AbstractAutowireCapableBeanFactory.initializeBean(AbstractAutowireCapableBeanFactory.java:1771)
	... 38 more
Caused by: java.lang.IllegalArgumentException: Failed to create query for method public abstract java.util.List org.frcpm.repositories.spring.PartRepository.findByQuantityOnHandLessThanEqualSafetyStockAndIsActiveTrue(); No property 'lessThanEqualSafetyStock' found for type 'Integer'; Traversed path: Part.quantityOnHand
	at org.springframework.data.jpa.repository.query.PartTreeJpaQuery.<init>(PartTreeJpaQuery.java:107)
	at org.springframework.data.jpa.repository.query.JpaQueryLookupStrategy$CreateQueryLookupStrategy.resolveQuery(JpaQueryLookupStrategy.java:124)
	at org.springframework.data.jpa.repository.query.JpaQueryLookupStrategy$CreateIfNotFoundQueryLookupStrategy.resolveQuery(JpaQueryLookupStrategy.java:258)
	at org.springframework.data.jpa.repository.query.JpaQueryLookupStrategy$AbstractQueryLookupStrategy.resolveQuery(JpaQueryLookupStrategy.java:95)
	at org.springframework.data.repository.core.support.QueryExecutorMethodInterceptor.lookupQuery(QueryExecutorMethodInterceptor.java:111)
	... 50 more
Caused by: org.springframework.data.mapping.PropertyReferenceException: No property 'lessThanEqualSafetyStock' found for type 'Integer'; Traversed path: Part.quantityOnHand
	at org.springframework.data.mapping.PropertyPath.<init>(PropertyPath.java:90)
	at org.springframework.data.mapping.PropertyPath.create(PropertyPath.java:443)
	at org.springframework.data.mapping.PropertyPath.create(PropertyPath.java:419)
	at org.springframework.data.mapping.PropertyPath.create(PropertyPath.java:453)
	at org.springframework.data.mapping.PropertyPath.create(PropertyPath.java:476)
	at org.springframework.data.mapping.PropertyPath.create(PropertyPath.java:476)
	at org.springframework.data.mapping.PropertyPath.create(PropertyPath.java:476)
	at org.springframework.data.mapping.PropertyPath.create(PropertyPath.java:476)
	at org.springframework.data.mapping.PropertyPath.create(PropertyPath.java:476)
	at org.springframework.data.mapping.PropertyPath.create(PropertyPath.java:419)
	at org.springframework.data.mapping.PropertyPath.lambda$from$0(PropertyPath.java:372)
	at java.base/java.util.concurrent.ConcurrentMap.computeIfAbsent(ConcurrentMap.java:330)
	at org.springframework.data.mapping.PropertyPath.from(PropertyPath.java:354)
	at org.springframework.data.mapping.PropertyPath.from(PropertyPath.java:332)
	at org.springframework.data.repository.query.parser.Part.<init>(Part.java:81)
	at org.springframework.data.repository.query.parser.PartTree$OrPart.lambda$new$0(PartTree.java:259)
	at java.base/java.util.stream.ReferencePipeline$3$1.accept(ReferencePipeline.java:197)
	at java.base/java.util.stream.ReferencePipeline$2$1.accept(ReferencePipeline.java:179)
	at java.base/java.util.Spliterators$ArraySpliterator.forEachRemaining(Spliterators.java:1024)
	at java.base/java.util.stream.AbstractPipeline.copyInto(AbstractPipeline.java:509)
	at java.base/java.util.stream.AbstractPipeline.wrapAndCopyInto(AbstractPipeline.java:499)
	at java.base/java.util.stream.ReduceOps$ReduceOp.evaluateSequential(ReduceOps.java:921)
	at java.base/java.util.stream.AbstractPipeline.evaluate(AbstractPipeline.java:234)
	at java.base/java.util.stream.ReferencePipeline.collect(ReferencePipeline.java:682)
	at org.springframework.data.repository.query.parser.PartTree$OrPart.<init>(PartTree.java:260)
	at org.springframework.data.repository.query.parser.PartTree$Predicate.lambda$new$0(PartTree.java:389)
	at java.base/java.util.stream.ReferencePipeline$3$1.accept(ReferencePipeline.java:197)
	at java.base/java.util.stream.ReferencePipeline$2$1.accept(ReferencePipeline.java:179)
	at java.base/java.util.Spliterators$ArraySpliterator.forEachRemaining(Spliterators.java:1024)
	at java.base/java.util.stream.AbstractPipeline.copyInto(AbstractPipeline.java:509)
	at java.base/java.util.stream.AbstractPipeline.wrapAndCopyInto(AbstractPipeline.java:499)
	at java.base/java.util.stream.ReduceOps$ReduceOp.evaluateSequential(ReduceOps.java:921)
	at java.base/java.util.stream.AbstractPipeline.evaluate(AbstractPipeline.java:234)
	at java.base/java.util.stream.ReferencePipeline.collect(ReferencePipeline.java:682)
	at org.springframework.data.repository.query.parser.PartTree$Predicate.<init>(PartTree.java:390)
	at org.springframework.data.repository.query.parser.PartTree.<init>(PartTree.java:103)
	at org.springframework.data.jpa.repository.query.PartTreeJpaQuery.<init>(PartTreeJpaQuery.java:100)
	... 54 more
]]></error>
    <system-out><![CDATA[09:29:08.536 [main] INFO org.springframework.test.context.support.AnnotationConfigContextLoaderUtils -- Could not detect default configuration classes for test class [org.frcpm.repositories.ComponentRepositoryIntegrationTest]: ComponentRepositoryIntegrationTest does not declare any static, non-private, non-final, nested classes annotated with @Configuration.
09:29:08.735 [main] INFO org.springframework.boot.test.context.SpringBootTestContextBootstrapper -- Found @SpringBootConfiguration org.frcpm.FrcProjectManagementApplication for test class org.frcpm.repositories.ComponentRepositoryIntegrationTest

  .   ____          _            __ _ _
 /\\ / ___'_ __ _ _(_)_ __  __ _ \ \ \ \
( ( )\___ | '_ | '_| | '_ \/ _` | \ \ \ \
 \\/  ___)| |_)| | | | | || (_| |  ) ) ) )
  '  |____| .__|_| |_|_| |_\__, | / / / /
 =========|_|==============|___/=/_/_/_/
 :: Spring Boot ::                (v3.2.0)

Hibernate: drop table if exists attendances cascade 
Hibernate: drop table if exists audit_logs cascade 
Hibernate: drop table if exists components cascade 
Hibernate: drop table if exists manufacturing_processes cascade 
Hibernate: drop table if exists manufacturing_steps cascade 
Hibernate: drop table if exists meetings cascade 
Hibernate: drop table if exists milestone_templates cascade 
Hibernate: drop table if exists milestones cascade 
Hibernate: drop table if exists part_requirements cascade 
Hibernate: drop table if exists part_transactions cascade 
Hibernate: drop table if exists parts cascade 
Hibernate: drop table if exists process_parts cascade 
Hibernate: drop table if exists project_templates cascade 
Hibernate: drop table if exists projects cascade 
Hibernate: drop table if exists quality_checkpoints cascade 
Hibernate: drop table if exists resource_requirements cascade 
Hibernate: drop table if exists subsystems cascade 
Hibernate: drop table if exists subteams cascade 
Hibernate: drop table if exists task_assignments cascade 
Hibernate: drop table if exists task_components cascade 
Hibernate: drop table if exists task_dependencies cascade 
Hibernate: drop table if exists task_template_dependencies cascade 
Hibernate: drop table if exists task_template_skills cascade 
Hibernate: drop table if exists task_templates cascade 
Hibernate: drop table if exists tasks cascade 
Hibernate: drop table if exists team_configuration cascade 
Hibernate: drop table if exists team_members cascade 
Hibernate: drop table if exists template_dependencies cascade 
Hibernate: drop table if exists users cascade 
Hibernate: create table attendances (arrival_time time(6), departure_time time(6), present boolean not null, id bigint generated by default as identity, meeting_id bigint not null, member_id bigint not null, primary key (id), unique (meeting_id, member_id))
Hibernate: create table audit_logs (coppa_relevant boolean not null, id bigint generated by default as identity, resource_id bigint, subject_user_id bigint, timestamp timestamp(6) not null, user_id bigint, user_agent varchar(500), description varchar(1000), action varchar(255) not null, ip_address varchar(255), level varchar(255) not null check (level in ('INFO','WARNING','COPPA_COMPLIANCE','SECURITY_ALERT','VIOLATION')), resource_type varchar(255), session_id varchar(255), primary key (id))
Hibernate: create table components (actual_delivery date, expected_delivery date, is_delivered boolean, id bigint generated by default as identity, part_number varchar(100), description TEXT, name varchar(255) not null, primary key (id))
Hibernate: create table manufacturing_processes (actual_hours float(53), estimated_hours float(53), has_quality_issues boolean not null, is_active boolean not null, is_blocked boolean not null, progress_percentage integer, requires_quality_inspection boolean not null, actual_end_time timestamp(6), actual_start_time timestamp(6), approved_by_id bigint, assigned_to_id bigint, created_at timestamp(6) not null, id bigint generated by default as identity, planned_end_time timestamp(6), planned_start_time timestamp(6), project_id bigint not null, rejected_by_id bigint, supervisor_id bigint, target_completion_date timestamp(6), task_id bigint not null, updated_at timestamp(6) not null, created_by varchar(100), updated_by varchar(100), name varchar(200) not null, blocked_reason varchar(500), work_instructions varchar(500), approval_notes varchar(1000), completion_notes varchar(1000), description varchar(1000), materials_required varchar(1000), quality_standards varchar(1000), required_tools varchar(1000), safety_notes varchar(1000), notes varchar(2000), quality_issues varchar(2000), requirements varchar(2000), priority varchar(255) not null check (priority in ('CRITICAL','HIGH','MEDIUM','LOW')), process_type varchar(255) not null check (process_type in ('MACHINING','CUTTING','DRILLING','WELDING','ASSEMBLY','BENDING','FORMING','FINISHING','PAINTING','WIRING','SOLDERING','PROGRAMMING','INSPECTION','TESTING','CALIBRATION','PROTOTYPING','DOCUMENTATION','OTHER')), required_skill_level varchar(255) check (required_skill_level in ('BEGINNER','INTERMEDIATE','ADVANCED','EXPERT')), status varchar(255) not null check (status in ('PLANNED','READY','IN_PROGRESS','PAUSED','BLOCKED','REVIEW','REWORK','FAILED','ON_HOLD','COMPLETED','CANCELLED')), primary key (id))
Hibernate: create table manufacturing_steps (actual_minutes integer, estimated_minutes integer, is_active boolean not null, is_verified boolean not null, requires_verification boolean not null, sequence_number integer not null, completed_at timestamp(6), created_at timestamp(6) not null, id bigint generated by default as identity, manufacturing_process_id bigint not null, performed_by_id bigint, started_at timestamp(6), updated_at timestamp(6) not null, verified_at timestamp(6), verified_by_id bigint, name varchar(200) not null, notes varchar(1000), instructions varchar(2000), status varchar(255) not null check (status in ('PENDING','IN_PROGRESS','COMPLETED','SKIPPED','FAILED','BLOCKED')), primary key (id))
Hibernate: create table meetings (date date not null, end_time time(6) not null, is_recurring boolean not null, max_attendees integer, reminder_enabled boolean not null, reminder_minutes_before integer, requires_preparation boolean not null, start_time time(6) not null, created_at timestamp(6) not null, id bigint generated by default as identity, project_id bigint not null, updated_at timestamp(6) not null, action_items TEXT, agenda TEXT, created_by varchar(255), description TEXT, location varchar(255), meeting_type varchar(255) not null check (meeting_type in ('TEAM_MEETING','DESIGN_REVIEW','STRATEGY_SESSION','BUILD_WORKSHOP','TESTING_SESSION','TRAINING','COMPETITION_PREP','SAFETY_MEETING','OUTREACH','SPONSOR_MEETING','PARENT_MEETING','MENTOR_MEETING','LEADERSHIP','POST_MORTEM','EMERGENCY','OTHER')), notes TEXT, preparation_notes TEXT, priority varchar(255) not null check (priority in ('LOW','MEDIUM','HIGH','CRITICAL','EMERGENCY')), recurrence_pattern varchar(255), status varchar(255) not null check (status in ('SCHEDULED','CONFIRMED','IN_PROGRESS','COMPLETED','CANCELLED','NO_SHOW','POSTPONED','ON_HOLD','NEEDS_RESCHEDULING')), title varchar(255) not null, virtual_meeting_url varchar(255), primary key (id))
Hibernate: create table milestone_templates (competition_critical boolean not null, is_critical_path boolean not null, is_gate boolean not null, requires_approval boolean not null, safety_review_required boolean not null, sequence_order integer not null, week_offset integer not null, id bigint generated by default as identity, project_template_id bigint not null, approver_role varchar(50), name varchar(100) not null, risk_if_delayed varchar(100), deliverables varchar(200), notes varchar(200), safety_checklist varchar(200), success_criteria varchar(500), build_phase varchar(255) not null check (build_phase in ('KICKOFF','DESIGN','PROTOTYPE','BUILD','INTEGRATION','TESTING','COMPETITION_PREP')), description TEXT, milestone_type varchar(255) not null check (milestone_type in ('DELIVERABLE','REVIEW','APPROVAL','TEST','INTEGRATION','SAFETY','COMPETITION')), primary key (id))
Hibernate: create table milestones (completed boolean not null, completion_date date, completion_percentage integer not null, date date, is_critical_path boolean not null, target_date date not null, assigned_to bigint, created_at timestamp(6), id bigint generated by default as identity, project_id bigint not null, updated_at timestamp(6), description TEXT, name varchar(255), priority varchar(255) check (priority in ('LOW','MEDIUM','HIGH','CRITICAL')), title varchar(255) not null, type varchar(255) check (type in ('DESIGN','PROTOTYPE','BUILD','TESTING','COMPETITION','DOCUMENTATION','SAFETY','CUSTOM')), primary key (id))
Hibernate: create table part_requirements (estimated_cost_per_unit numeric(10,2), is_active boolean not null, is_critical boolean not null, is_optional boolean not null, is_reusable boolean not null, lead_time_days integer, maximum_quantity integer, minimum_quantity integer, quantity_required integer not null, created_at timestamp(6) not null, id bigint generated by default as identity, part_id bigint not null, project_template_id bigint, task_template_id bigint, updated_at timestamp(6) not null, created_by varchar(100), updated_by varchar(100), preferred_vendor varchar(200), alternatives varchar(500), safety_notes varchar(500), specifications varchar(1000), usage_notes varchar(1000), build_phase varchar(255) check (build_phase in ('DESIGN','FABRICATION','TESTING','INTEGRATION','COMPETITION','ANY')), priority varchar(255) not null check (priority in ('CRITICAL','HIGH','MEDIUM','LOW','OPTIONAL')), primary key (id))
Hibernate: create table part_transactions (balance_after integer not null, is_approved boolean not null, quantity integer not null, total_cost numeric(10,2), unit_cost numeric(10,2), approved_at timestamp(6), created_at timestamp(6) not null, id bigint generated by default as identity, part_id bigint not null, project_id bigint, task_id bigint, team_member_id bigint, transaction_date timestamp(6) not null, approved_by varchar(100), created_by varchar(100), reference_number varchar(100), vendor varchar(200), reason varchar(500), notes varchar(1000), transaction_type varchar(255) not null check (transaction_type in ('PURCHASE','DONATION','RETURN','FOUND','USAGE','DAMAGED','LOST','DISPOSED','ADJUSTMENT_POSITIVE','ADJUSTMENT_NEGATIVE','INITIAL_STOCK','TRANSFER_IN','TRANSFER_OUT')), primary key (id))
Hibernate: create table parts (is_active boolean not null, is_consumable boolean not null, last_restock_date date, last_used_date date, lead_time_days integer, minimum_stock integer not null, optimal_stock integer, quantity_on_hand integer not null, safety_stock integer, unit_cost numeric(10,2), created_at timestamp(6) not null, id bigint generated by default as identity, updated_at timestamp(6) not null, unit varchar(20) not null, created_by varchar(100), part_number varchar(100) not null unique, storage_location varchar(100), updated_by varchar(100), vendor_part_number varchar(100), name varchar(200) not null, vendor varchar(200), vendor_url varchar(500), description varchar(1000), notes varchar(1000), category varchar(255) not null check (category in ('DRIVETRAIN','STRUCTURAL','ELECTRONICS','PNEUMATICS','GAME_SPECIFIC','FASTENERS','TOOLS','RAW_MATERIALS','SAFETY','OTHER')), primary key (id))
Hibernate: create table process_parts (part_id bigint not null, process_id bigint not null)
Hibernate: create table project_templates (avg_actual_weeks float(53), avg_completion_rate float(53), build_priority integer not null, estimated_weeks integer not null, is_active boolean not null, parallel_development boolean, success_rating float(53), team_size integer not null, usage_count integer not null, created_at timestamp(6) not null, id bigint generated by default as identity, last_used_at timestamp(6), updated_at timestamp(6), created_by varchar(50), implementation_type varchar(50) not null, name varchar(100) not null, description TEXT, difficulty_level varchar(255) not null check (difficulty_level in ('BEGINNER','INTERMEDIATE','ADVANCED','EXPERT')), subsystem_type varchar(255) not null check (subsystem_type in ('DRIVETRAIN','INTAKE','SHOOTER','CLIMBER','AUTONOMOUS','PNEUMATICS','ELECTRICAL','PROGRAMMING','VISION','MECHANISM','ASSEMBLY','TESTING')), primary key (id))
Hibernate: create table projects (goal_end_date date not null, hard_deadline date not null, start_date date not null, id bigint generated by default as identity, name varchar(100) not null, description TEXT, primary key (id))
Hibernate: create table quality_checkpoints (is_active boolean not null, is_blocking boolean not null, is_mandatory boolean not null, created_at timestamp(6) not null, id bigint generated by default as identity, inspected_at timestamp(6), inspector_id bigint, manufacturing_process_id bigint not null, updated_at timestamp(6) not null, created_by varchar(100), updated_by varchar(100), name varchar(200) not null, required_tools varchar(500), tolerance_specs varchar(500), acceptance_criteria varchar(1000), corrective_actions varchar(1000), description varchar(1000), issues_found varchar(1000), inspection_notes varchar(2000), checkpoint_type varchar(255) not null check (checkpoint_type in ('DIMENSIONAL','VISUAL','FUNCTIONAL','MATERIAL','ASSEMBLY','SAFETY','FINISH','CALIBRATION','DOCUMENTATION','PERFORMANCE','OTHER')), priority varchar(255) not null check (priority in ('CRITICAL','HIGH','MEDIUM','LOW')), result varchar(255) check (result in ('PASS','FAIL','CONDITIONAL_PASS','NEEDS_REWORK','INCONCLUSIVE')), status varchar(255) not null check (status in ('PENDING','IN_PROGRESS','COMPLETED','SKIPPED','DEFERRED')), primary key (id))
Hibernate: create table resource_requirements (check_inventory boolean not null, estimated_cost numeric(10,2), is_consumable boolean not null, is_reusable boolean not null, lead_time_days integer, quantity integer not null, requires_safety_training boolean not null, id bigint generated by default as identity, inventory_item_id bigint, project_template_id bigint not null, unit varchar(20), part_number varchar(50), vendor varchar(50), resource_name varchar(100) not null, safety_requirements varchar(100), alternatives varchar(200), notes varchar(200), vendor_url varchar(200), description TEXT, priority varchar(255) not null check (priority in ('CRITICAL','REQUIRED','RECOMMENDED','OPTIONAL','ALTERNATIVE')), resource_type varchar(255) not null check (resource_type in ('ALUMINUM','STEEL','PLASTIC','WOOD','BEARINGS','GEARS','CHAINS_BELTS','FASTENERS','PNEUMATIC_PARTS','MOTORS','SENSORS','ELECTRONICS','WIRING','TOOLS','CONSUMABLES','SAFETY_EQUIPMENT','MACHINING_SERVICES','CUSTOM_PARTS')), primary key (id))
Hibernate: create table subsystems (id bigint generated by default as identity, owner_subteam_id bigint not null, project_id bigint not null, color varchar(255), description varchar(255), name varchar(255) not null, primary key (id))
Hibernate: create table subteams (id bigint generated by default as identity, color varchar(255), description varchar(255), name varchar(255) not null unique, primary key (id))
Hibernate: create table task_assignments (task_id bigint not null, team_member_id bigint not null, primary key (task_id, team_member_id))
Hibernate: create table task_components (component_id bigint not null, task_id bigint not null, primary key (component_id, task_id))
Hibernate: create table task_dependencies (is_active boolean, is_critical_path boolean, lag_hours integer, created_at timestamp(6), dependent_task_id bigint not null, id bigint generated by default as identity, prerequisite_task_id bigint not null, project_id bigint, updated_at timestamp(6), dependency_type varchar(255) not null check (dependency_type in ('FINISH_TO_START','START_TO_START','FINISH_TO_FINISH','START_TO_FINISH','BLOCKING','SOFT')), notes TEXT, primary key (id), unique (dependent_task_id, prerequisite_task_id))
Hibernate: create table task_template_dependencies (task_template_id bigint not null, dependency_title varchar(255))
Hibernate: create table task_template_skills (task_template_id bigint not null, required_skill varchar(255) check (required_skill in ('CAD_MODELING','MACHINING','WELDING','ELECTRONICS','PROGRAMMING','PNEUMATICS','MECHANICAL_ASSEMBLY','ELECTRICAL_WIRING','SAFETY_TRAINING','PROJECT_MANAGEMENT')))
Hibernate: create table task_templates (can_be_parallel boolean not null, estimated_hours float(53) not null, is_critical_path boolean not null, is_milestone boolean not null, requires_mentor_approval boolean not null, safety_critical boolean not null, sequence_order integer not null, week_offset integer not null, id bigint generated by default as identity, project_template_id bigint not null, safety_notes varchar(200), title varchar(200) not null, acceptance_criteria varchar(500), notes varchar(500), build_phase varchar(255) check (build_phase in ('KICKOFF','DESIGN','PROTOTYPE','BUILD','INTEGRATION','TESTING','COMPETITION_PREP')), description TEXT, priority varchar(255) not null check (priority in ('LOW','MEDIUM','HIGH','CRITICAL')), task_category varchar(255) not null check (task_category in ('DESIGN','CAD','PROTOTYPE','FABRICATION','ASSEMBLY','WIRING','PROGRAMMING','TESTING','INTEGRATION','DOCUMENTATION')), primary key (id))
Hibernate: create table tasks (completed boolean not null, end_date date, progress integer not null, start_date date, actual_duration_seconds bigint, estimated_duration_seconds bigint not null, id bigint generated by default as identity, project_id bigint not null, subsystem_id bigint not null, description TEXT, priority varchar(255) not null check (priority in ('LOW','MEDIUM','HIGH','CRITICAL')), title varchar(255) not null, primary key (id))
Hibernate: create table team_configuration (is_active boolean not null, is_encrypted boolean not null, is_required boolean not null, created_at timestamp(6) not null, id bigint generated by default as identity, updated_at timestamp(6) not null, config_key varchar(100) not null, created_by varchar(100), updated_by varchar(100), display_name varchar(200), description varchar(500), validation_pattern varchar(500), config_value varchar(2000), default_value varchar(2000), category varchar(255) not null check (category in ('TEAM_INFO','FRC_API','TBA_API','DATABASE','EXTERNAL_APIS','DISCORD','GOOGLE_WORKSPACE','GITHUB','NOTIFICATIONS','SECURITY','UI_PREFERENCES','COMPETITION','MANUFACTURING','INVENTORY','REPORTING')), data_type varchar(255) not null check (data_type in ('STRING','INTEGER','DOUBLE','BOOLEAN','URL','EMAIL','PASSWORD','JSON','LIST','DATE','DATETIME','COLOR','FILE_PATH')), primary key (id))
Hibernate: create table team_members (is_leader boolean, id bigint generated by default as identity, subteam_id bigint, user_id bigint unique, phone varchar(15), first_name varchar(150), last_name varchar(150), username varchar(150) not null unique, email varchar(254), skills TEXT, primary key (id))
Hibernate: create table template_dependencies (template_id bigint not null, dependency_type varchar(255) check (dependency_type in ('DRIVETRAIN','INTAKE','SHOOTER','CLIMBER','AUTONOMOUS','PNEUMATICS','ELECTRICAL','PROGRAMMING','VISION','MECHANISM','ASSEMBLY','TESTING')))
Hibernate: create table users (account_non_expired boolean not null, account_non_locked boolean not null, age integer, credentials_non_expired boolean not null, enabled boolean not null, mfa_enabled boolean not null, requires_parental_consent boolean not null, created_at timestamp(6), id bigint generated by default as identity, last_login timestamp(6), parental_consent_date timestamp(6), updated_at timestamp(6), email varchar(255) not null unique, first_name varchar(255) not null, last_name varchar(255) not null, parent_email varchar(255), parental_consent_token varchar(255), password varchar(255) not null, phone_number varchar(255), role varchar(255) not null check (role in ('STUDENT','MENTOR','PARENT','ADMIN')), totp_secret varchar(255), username varchar(255) not null unique, primary key (id))
Hibernate: create index idx_process_task on manufacturing_processes (task_id)
Hibernate: create index idx_process_status on manufacturing_processes (status)
Hibernate: create index idx_process_type on manufacturing_processes (process_type)
Hibernate: create index idx_process_priority on manufacturing_processes (priority)
Hibernate: create index idx_step_process on manufacturing_steps (manufacturing_process_id)
Hibernate: create index idx_step_sequence on manufacturing_steps (sequence_number)
Hibernate: create index idx_step_status on manufacturing_steps (status)
Hibernate: create index idx_requirement_template on part_requirements (project_template_id)
Hibernate: create index idx_requirement_part on part_requirements (part_id)
Hibernate: create index idx_requirement_priority on part_requirements (priority)
Hibernate: create index idx_requirement_critical on part_requirements (is_critical)
Hibernate: create index idx_transaction_part on part_transactions (part_id)
Hibernate: create index idx_transaction_date on part_transactions (transaction_date)
Hibernate: create index idx_transaction_type on part_transactions (transaction_type)
Hibernate: create index idx_transaction_project on part_transactions (project_id)
Hibernate: create index idx_part_number on parts (part_number)
Hibernate: create index idx_part_category on parts (category)
Hibernate: create index idx_part_vendor on parts (vendor)
Hibernate: create index idx_part_low_stock on parts (quantity_on_hand, minimum_stock)
Hibernate: create index idx_checkpoint_process on quality_checkpoints (manufacturing_process_id)
Hibernate: create index idx_checkpoint_status on quality_checkpoints (status)
Hibernate: create index idx_checkpoint_type on quality_checkpoints (checkpoint_type)
Hibernate: create index idx_dependent_task on task_dependencies (dependent_task_id)
Hibernate: create index idx_prerequisite_task on task_dependencies (prerequisite_task_id)
Hibernate: create index idx_dependency_type on task_dependencies (dependency_type)
Hibernate: create index idx_critical_path on task_dependencies (is_critical_path)
Hibernate: create index idx_config_category on team_configuration (category)
Hibernate: create index idx_config_key on team_configuration (config_key)
Hibernate: create index idx_config_active on team_configuration (is_active)
Hibernate: alter table if exists attendances add constraint FK3i5ab1v2ad6wbm2rwhxbtm55u foreign key (meeting_id) references meetings
Hibernate: alter table if exists attendances add constraint FKb3g1rvha5qvyh1xik0bo6fghp foreign key (member_id) references team_members
Hibernate: alter table if exists audit_logs add constraint FK26f55a9ntedtf72x4d4r2plpu foreign key (subject_user_id) references users
Hibernate: alter table if exists audit_logs add constraint FKjs4iimve3y0xssbtve5ysyef0 foreign key (user_id) references users
Hibernate: alter table if exists manufacturing_processes add constraint FKfv2544650td0ove3uphnm0mh3 foreign key (approved_by_id) references team_members
Hibernate: alter table if exists manufacturing_processes add constraint FK5s7gs10vf4qdujiadlrgakwt9 foreign key (assigned_to_id) references team_members
Hibernate: alter table if exists manufacturing_processes add constraint FKbir26t23paxo7ti50nu1kk6dd foreign key (project_id) references projects
Hibernate: alter table if exists manufacturing_processes add constraint FKnt75pxyxbcbocgahey9jepxvf foreign key (rejected_by_id) references team_members
Hibernate: alter table if exists manufacturing_processes add constraint FKdbq2l62xqimkqut5qlne08rx7 foreign key (supervisor_id) references team_members
Hibernate: alter table if exists manufacturing_processes add constraint FKl4o957j7g77d8bos7mxi1w1xk foreign key (task_id) references tasks
Hibernate: alter table if exists manufacturing_steps add constraint FK1x3ftg2be13yahm1288qut4he foreign key (manufacturing_process_id) references manufacturing_processes
Hibernate: alter table if exists manufacturing_steps add constraint FKet236idv5mu0o85i2br3q3wrx foreign key (performed_by_id) references team_members
Hibernate: alter table if exists manufacturing_steps add constraint FKnjmawaod5eolsfdmlt8fgc1o5 foreign key (verified_by_id) references team_members
Hibernate: alter table if exists meetings add constraint FKbt3vmcde0efob60esnfkyaeg0 foreign key (project_id) references projects
Hibernate: alter table if exists milestone_templates add constraint FK62ealqv6ftpgx0x7sq8lvp01x foreign key (project_template_id) references project_templates
Hibernate: alter table if exists milestones add constraint FKe7t3etkri691oum09gg7r2fsw foreign key (assigned_to) references team_members
Hibernate: alter table if exists milestones add constraint FK2a7fp7wfu0qc1pq3wiifbksge foreign key (project_id) references projects
Hibernate: alter table if exists part_requirements add constraint FKo9mvbnpt5npmcmhthwef0u27h foreign key (part_id) references parts
Hibernate: alter table if exists part_requirements add constraint FKmvoq5q9d5n83jhkkubmvoysxf foreign key (project_template_id) references project_templates
Hibernate: alter table if exists part_requirements add constraint FKp9yh1gb6amowvy6jcc9d5d4xt foreign key (task_template_id) references task_templates
Hibernate: alter table if exists part_transactions add constraint FK2epr76xj7maif0bevg7oi3psh foreign key (part_id) references parts
Hibernate: alter table if exists part_transactions add constraint FKk8afh6184ha8xf6ubeqm5g5yr foreign key (team_member_id) references team_members
Hibernate: alter table if exists part_transactions add constraint FKkh2u3rc60ntyo1s8n3mkgeco8 foreign key (project_id) references projects
Hibernate: alter table if exists part_transactions add constraint FK7qn1klle5t92gbvo8qg6be665 foreign key (task_id) references tasks
Hibernate: alter table if exists process_parts add constraint FKmf5uoi6ql9mdd3di4q3lsk64i foreign key (part_id) references parts
Hibernate: alter table if exists process_parts add constraint FK8wlfxtn1uhqntpmd8797e8kdm foreign key (process_id) references manufacturing_processes
Hibernate: alter table if exists quality_checkpoints add constraint FK4t1qkbbexx65vqv0qiumdm7vh foreign key (inspector_id) references team_members
Hibernate: alter table if exists quality_checkpoints add constraint FK2fqorxa5vqn44li54ts9lppkf foreign key (manufacturing_process_id) references manufacturing_processes
Hibernate: alter table if exists resource_requirements add constraint FKmxcq7wbbh0ncbo2v4ikf4d0jq foreign key (project_template_id) references project_templates
Hibernate: alter table if exists subsystems add constraint FKm6w207eoixujbt3m3fq2irf24 foreign key (owner_subteam_id) references subteams
Hibernate: alter table if exists subsystems add constraint FK110848u668slbn6lex5wrxx5 foreign key (project_id) references projects
Hibernate: alter table if exists task_assignments add constraint FKqyivind1lu4axk93y5m7vcx7i foreign key (team_member_id) references team_members
Hibernate: alter table if exists task_assignments add constraint FKk36vhf9tt6t3woselwnkis6v6 foreign key (task_id) references tasks
Hibernate: alter table if exists task_components add constraint FK5irpaispcx79xwy6n1qomaxnv foreign key (component_id) references components
Hibernate: alter table if exists task_components add constraint FKjvcgnyl1ttc41nv55hjvnnft1 foreign key (task_id) references tasks
Hibernate: alter table if exists task_dependencies add constraint FK1cux22yxye95yaxw7h7h923xw foreign key (dependent_task_id) references tasks
Hibernate: alter table if exists task_dependencies add constraint FKbwfe0w9fgi0i25vmha5rj4ohk foreign key (prerequisite_task_id) references tasks
Hibernate: alter table if exists task_dependencies add constraint FKj6frtxpjjnkbkm14kuus406mm foreign key (project_id) references projects
Hibernate: alter table if exists task_template_dependencies add constraint FKel27try39r7tykhqo55pe39nn foreign key (task_template_id) references task_templates
Hibernate: alter table if exists task_template_skills add constraint FKe6n6byptkyoc876d52fqb04yy foreign key (task_template_id) references task_templates
Hibernate: alter table if exists task_templates add constraint FKf619cbl9j5o1o6t7w8nsbnppa foreign key (project_template_id) references project_templates
Hibernate: alter table if exists tasks add constraint FKsfhn82y57i3k9uxww1s007acc foreign key (project_id) references projects
Hibernate: alter table if exists tasks add constraint FK3tj2dchxxvxu2te3uwgjakx76 foreign key (subsystem_id) references subsystems
Hibernate: alter table if exists team_members add constraint FKnjkvjfudwwytv2aiuha5wyvqx foreign key (subteam_id) references subteams
Hibernate: alter table if exists team_members add constraint FKee8x7x5026imwmma9kndkxs36 foreign key (user_id) references users
Hibernate: alter table if exists template_dependencies add constraint FK6k8e0y3i4lhgkcrm1lmphyq3n foreign key (template_id) references project_templates
Hibernate: drop table if exists attendances cascade 
Hibernate: drop table if exists audit_logs cascade 
Hibernate: drop table if exists components cascade 
Hibernate: drop table if exists manufacturing_processes cascade 
Hibernate: drop table if exists manufacturing_steps cascade 
Hibernate: drop table if exists meetings cascade 
Hibernate: drop table if exists milestone_templates cascade 
Hibernate: drop table if exists milestones cascade 
Hibernate: drop table if exists part_requirements cascade 
Hibernate: drop table if exists part_transactions cascade 
Hibernate: drop table if exists parts cascade 
Hibernate: drop table if exists process_parts cascade 
Hibernate: drop table if exists project_templates cascade 
Hibernate: drop table if exists projects cascade 
Hibernate: drop table if exists quality_checkpoints cascade 
Hibernate: drop table if exists resource_requirements cascade 
Hibernate: drop table if exists subsystems cascade 
Hibernate: drop table if exists subteams cascade 
Hibernate: drop table if exists task_assignments cascade 
Hibernate: drop table if exists task_components cascade 
Hibernate: drop table if exists task_dependencies cascade 
Hibernate: drop table if exists task_template_dependencies cascade 
Hibernate: drop table if exists task_template_skills cascade 
Hibernate: drop table if exists task_templates cascade 
Hibernate: drop table if exists tasks cascade 
Hibernate: drop table if exists team_configuration cascade 
Hibernate: drop table if exists team_members cascade 
Hibernate: drop table if exists template_dependencies cascade 
Hibernate: drop table if exists users cascade 
2025-07-19 09:29:17 - Application run failed
org.springframework.beans.factory.BeanCreationException: Error creating bean with name 'partRepository' defined in org.frcpm.repositories.spring.PartRepository defined in @EnableJpaRepositories declared on JpaRepositoriesRegistrar.EnableJpaRepositoriesConfiguration: Could not create query for public abstract java.util.List org.frcpm.repositories.spring.PartRepository.findByQuantityOnHandLessThanEqualSafetyStockAndIsActiveTrue(); Reason: Failed to create query for method public abstract java.util.List org.frcpm.repositories.spring.PartRepository.findByQuantityOnHandLessThanEqualSafetyStockAndIsActiveTrue(); No property 'lessThanEqualSafetyStock' found for type 'Integer'; Traversed path: Part.quantityOnHand
	at org.springframework.beans.factory.support.AbstractAutowireCapableBeanFactory.initializeBean(AbstractAutowireCapableBeanFactory.java:1775)
	at org.springframework.beans.factory.support.AbstractAutowireCapableBeanFactory.doCreateBean(AbstractAutowireCapableBeanFactory.java:601)
	at org.springframework.beans.factory.support.AbstractAutowireCapableBeanFactory.createBean(AbstractAutowireCapableBeanFactory.java:523)
	at org.springframework.beans.factory.support.AbstractBeanFactory.lambda$doGetBean$0(AbstractBeanFactory.java:325)
	at org.springframework.beans.factory.support.DefaultSingletonBeanRegistry.getSingleton(DefaultSingletonBeanRegistry.java:234)
	at org.springframework.beans.factory.support.AbstractBeanFactory.doGetBean(AbstractBeanFactory.java:323)
	at org.springframework.beans.factory.support.AbstractBeanFactory.getBean(AbstractBeanFactory.java:199)
	at org.springframework.beans.factory.support.DefaultListableBeanFactory.preInstantiateSingletons(DefaultListableBeanFactory.java:967)
	at org.springframework.context.support.AbstractApplicationContext.finishBeanFactoryInitialization(AbstractApplicationContext.java:946)
	at org.springframework.context.support.AbstractApplicationContext.refresh(AbstractApplicationContext.java:616)
	at org.springframework.boot.SpringApplication.refresh(SpringApplication.java:753)
	at org.springframework.boot.SpringApplication.refreshContext(SpringApplication.java:455)
	at org.springframework.boot.SpringApplication.run(SpringApplication.java:323)
	at org.springframework.boot.test.context.SpringBootContextLoader.lambda$loadContext$3(SpringBootContextLoader.java:137)
	at org.springframework.util.function.ThrowingSupplier.get(ThrowingSupplier.java:58)
	at org.springframework.util.function.ThrowingSupplier.get(ThrowingSupplier.java:46)
	at org.springframework.boot.SpringApplication.withHook(SpringApplication.java:1442)
	at org.springframework.boot.test.context.SpringBootContextLoader$ContextLoaderHook.run(SpringBootContextLoader.java:552)
	at org.springframework.boot.test.context.SpringBootContextLoader.loadContext(SpringBootContextLoader.java:137)
	at org.springframework.boot.test.context.SpringBootContextLoader.loadContext(SpringBootContextLoader.java:108)
	at org.springframework.test.context.cache.DefaultCacheAwareContextLoaderDelegate.loadContextInternal(DefaultCacheAwareContextLoaderDelegate.java:225)
	at org.springframework.test.context.cache.DefaultCacheAwareContextLoaderDelegate.loadContext(DefaultCacheAwareContextLoaderDelegate.java:152)
	at org.springframework.test.context.support.DefaultTestContext.getApplicationContext(DefaultTestContext.java:130)
	at org.springframework.test.context.support.DependencyInjectionTestExecutionListener.injectDependencies(DependencyInjectionTestExecutionListener.java:141)
	at org.springframework.test.context.support.DependencyInjectionTestExecutionListener.prepareTestInstance(DependencyInjectionTestExecutionListener.java:97)
	at org.springframework.test.context.TestContextManager.prepareTestInstance(TestContextManager.java:247)
	at org.springframework.test.context.junit.jupiter.SpringExtension.postProcessTestInstance(SpringExtension.java:163)
	at org.junit.jupiter.engine.descriptor.ClassBasedTestDescriptor.lambda$invokeTestInstancePostProcessors$10(ClassBasedTestDescriptor.java:378)
	at org.junit.jupiter.engine.descriptor.ClassBasedTestDescriptor.executeAndMaskThrowable(ClassBasedTestDescriptor.java:383)
	at org.junit.jupiter.engine.descriptor.ClassBasedTestDescriptor.lambda$invokeTestInstancePostProcessors$11(ClassBasedTestDescriptor.java:378)
	at java.base/java.util.stream.ReferencePipeline$3$1.accept(ReferencePipeline.java:197)
	at java.base/java.util.stream.ReferencePipeline$2$1.accept(ReferencePipeline.java:179)
	at java.base/java.util.ArrayList$ArrayListSpliterator.forEachRemaining(ArrayList.java:1708)
	at java.base/java.util.stream.AbstractPipeline.copyInto(AbstractPipeline.java:509)
	at java.base/java.util.stream.AbstractPipeline.wrapAndCopyInto(AbstractPipeline.java:499)
	at java.base/java.util.stream.StreamSpliterators$WrappingSpliterator.forEachRemaining(StreamSpliterators.java:310)
	at java.base/java.util.stream.Streams$ConcatSpliterator.forEachRemaining(Streams.java:735)
	at java.base/java.util.stream.Streams$ConcatSpliterator.forEachRemaining(Streams.java:734)
	at java.base/java.util.stream.ReferencePipeline$Head.forEach(ReferencePipeline.java:762)
	at org.junit.jupiter.engine.descriptor.ClassBasedTestDescriptor.invokeTestInstancePostProcessors(ClassBasedTestDescriptor.java:377)
	at org.junit.jupiter.engine.descriptor.ClassBasedTestDescriptor.lambda$instantiateAndPostProcessTestInstance$6(ClassBasedTestDescriptor.java:290)
	at org.junit.platform.engine.support.hierarchical.ThrowableCollector.execute(ThrowableCollector.java:73)
	at org.junit.jupiter.engine.descriptor.ClassBasedTestDescriptor.instantiateAndPostProcessTestInstance(ClassBasedTestDescriptor.java:289)
	at org.junit.jupiter.engine.descriptor.ClassBasedTestDescriptor.lambda$testInstancesProvider$4(ClassBasedTestDescriptor.java:279)
	at java.base/java.util.Optional.orElseGet(Optional.java:364)
	at org.junit.jupiter.engine.descriptor.ClassBasedTestDescriptor.lambda$testInstancesProvider$5(ClassBasedTestDescriptor.java:278)
	at org.junit.jupiter.engine.execution.TestInstancesProvider.getTestInstances(TestInstancesProvider.java:31)
	at org.junit.jupiter.engine.descriptor.TestMethodTestDescriptor.lambda$prepare$0(TestMethodTestDescriptor.java:106)
	at org.junit.platform.engine.support.hierarchical.ThrowableCollector.execute(ThrowableCollector.java:73)
	at org.junit.jupiter.engine.descriptor.TestMethodTestDescriptor.prepare(TestMethodTestDescriptor.java:105)
	at org.junit.jupiter.engine.descriptor.TestMethodTestDescriptor.prepare(TestMethodTestDescriptor.java:69)
	at org.junit.platform.engine.support.hierarchical.NodeTestTask.lambda$prepare$2(NodeTestTask.java:123)
	at org.junit.platform.engine.support.hierarchical.ThrowableCollector.execute(ThrowableCollector.java:73)
	at org.junit.platform.engine.support.hierarchical.NodeTestTask.prepare(NodeTestTask.java:123)
	at org.junit.platform.engine.support.hierarchical.NodeTestTask.execute(NodeTestTask.java:90)
	at java.base/java.util.ArrayList.forEach(ArrayList.java:1596)
	at org.junit.platform.engine.support.hierarchical.SameThreadHierarchicalTestExecutorService.invokeAll(SameThreadHierarchicalTestExecutorService.java:41)
	at org.junit.platform.engine.support.hierarchical.NodeTestTask.lambda$executeRecursively$6(NodeTestTask.java:155)
	at org.junit.platform.engine.support.hierarchical.ThrowableCollector.execute(ThrowableCollector.java:73)
	at org.junit.platform.engine.support.hierarchical.NodeTestTask.lambda$executeRecursively$8(NodeTestTask.java:141)
	at org.junit.platform.engine.support.hierarchical.Node.around(Node.java:137)
	at org.junit.platform.engine.support.hierarchical.NodeTestTask.lambda$executeRecursively$9(NodeTestTask.java:139)
	at org.junit.platform.engine.support.hierarchical.ThrowableCollector.execute(ThrowableCollector.java:73)
	at org.junit.platform.engine.support.hierarchical.NodeTestTask.executeRecursively(NodeTestTask.java:138)
	at org.junit.platform.engine.support.hierarchical.NodeTestTask.execute(NodeTestTask.java:95)
	at java.base/java.util.ArrayList.forEach(ArrayList.java:1596)
	at org.junit.platform.engine.support.hierarchical.SameThreadHierarchicalTestExecutorService.invokeAll(SameThreadHierarchicalTestExecutorService.java:41)
	at org.junit.platform.engine.support.hierarchical.NodeTestTask.lambda$executeRecursively$6(NodeTestTask.java:155)
	at org.junit.platform.engine.support.hierarchical.ThrowableCollector.execute(ThrowableCollector.java:73)
	at org.junit.platform.engine.support.hierarchical.NodeTestTask.lambda$executeRecursively$8(NodeTestTask.java:141)
	at org.junit.platform.engine.support.hierarchical.Node.around(Node.java:137)
	at org.junit.platform.engine.support.hierarchical.NodeTestTask.lambda$executeRecursively$9(NodeTestTask.java:139)
	at org.junit.platform.engine.support.hierarchical.ThrowableCollector.execute(ThrowableCollector.java:73)
	at org.junit.platform.engine.support.hierarchical.NodeTestTask.executeRecursively(NodeTestTask.java:138)
	at org.junit.platform.engine.support.hierarchical.NodeTestTask.execute(NodeTestTask.java:95)
	at org.junit.platform.engine.support.hierarchical.SameThreadHierarchicalTestExecutorService.submit(SameThreadHierarchicalTestExecutorService.java:35)
	at org.junit.platform.engine.support.hierarchical.HierarchicalTestExecutor.execute(HierarchicalTestExecutor.java:57)
	at org.junit.platform.engine.support.hierarchical.HierarchicalTestEngine.execute(HierarchicalTestEngine.java:54)
	at org.junit.platform.launcher.core.EngineExecutionOrchestrator.execute(EngineExecutionOrchestrator.java:198)
	at org.junit.platform.launcher.core.EngineExecutionOrchestrator.execute(EngineExecutionOrchestrator.java:169)
	at org.junit.platform.launcher.core.EngineExecutionOrchestrator.execute(EngineExecutionOrchestrator.java:93)
	at org.junit.platform.launcher.core.EngineExecutionOrchestrator.lambda$execute$0(EngineExecutionOrchestrator.java:58)
	at org.junit.platform.launcher.core.EngineExecutionOrchestrator.withInterceptedStreams(EngineExecutionOrchestrator.java:141)
	at org.junit.platform.launcher.core.EngineExecutionOrchestrator.execute(EngineExecutionOrchestrator.java:57)
	at org.junit.platform.launcher.core.DefaultLauncher.execute(DefaultLauncher.java:103)
	at org.junit.platform.launcher.core.DefaultLauncher.execute(DefaultLauncher.java:85)
	at org.junit.platform.launcher.core.DelegatingLauncher.execute(DelegatingLauncher.java:47)
	at org.apache.maven.surefire.junitplatform.LazyLauncher.execute(LazyLauncher.java:56)
	at org.apache.maven.surefire.junitplatform.JUnitPlatformProvider.execute(JUnitPlatformProvider.java:184)
	at org.apache.maven.surefire.junitplatform.JUnitPlatformProvider.invokeAllTests(JUnitPlatformProvider.java:148)
	at org.apache.maven.surefire.junitplatform.JUnitPlatformProvider.invoke(JUnitPlatformProvider.java:122)
	at org.apache.maven.surefire.booter.ForkedBooter.runSuitesInProcess(ForkedBooter.java:385)
	at org.apache.maven.surefire.booter.ForkedBooter.execute(ForkedBooter.java:162)
	at org.apache.maven.surefire.booter.ForkedBooter.run(ForkedBooter.java:507)
	at org.apache.maven.surefire.booter.ForkedBooter.main(ForkedBooter.java:495)
Caused by: org.springframework.data.repository.query.QueryCreationException: Could not create query for public abstract java.util.List org.frcpm.repositories.spring.PartRepository.findByQuantityOnHandLessThanEqualSafetyStockAndIsActiveTrue(); Reason: Failed to create query for method public abstract java.util.List org.frcpm.repositories.spring.PartRepository.findByQuantityOnHandLessThanEqualSafetyStockAndIsActiveTrue(); No property 'lessThanEqualSafetyStock' found for type 'Integer'; Traversed path: Part.quantityOnHand
	at org.springframework.data.repository.query.QueryCreationException.create(QueryCreationException.java:101)
	at org.springframework.data.repository.core.support.QueryExecutorMethodInterceptor.lookupQuery(QueryExecutorMethodInterceptor.java:115)
	at org.springframework.data.repository.core.support.QueryExecutorMethodInterceptor.mapMethodsToQuery(QueryExecutorMethodInterceptor.java:99)
	at org.springframework.data.repository.core.support.QueryExecutorMethodInterceptor.lambda$new$0(QueryExecutorMethodInterceptor.java:88)
	at java.base/java.util.Optional.map(Optional.java:260)
	at org.springframework.data.repository.core.support.QueryExecutorMethodInterceptor.<init>(QueryExecutorMethodInterceptor.java:88)
	at org.springframework.data.repository.core.support.RepositoryFactorySupport.getRepository(RepositoryFactorySupport.java:357)
	at org.springframework.data.repository.core.support.RepositoryFactoryBeanSupport.lambda$afterPropertiesSet$5(RepositoryFactoryBeanSupport.java:279)
	at org.springframework.data.util.Lazy.getNullable(Lazy.java:135)
	at org.springframework.data.util.Lazy.get(Lazy.java:113)
	at org.springframework.data.repository.core.support.RepositoryFactoryBeanSupport.afterPropertiesSet(RepositoryFactoryBeanSupport.java:285)
	at org.springframework.data.jpa.repository.support.JpaRepositoryFactoryBean.afterPropertiesSet(JpaRepositoryFactoryBean.java:132)
	at org.springframework.beans.factory.support.AbstractAutowireCapableBeanFactory.invokeInitMethods(AbstractAutowireCapableBeanFactory.java:1822)
	at org.springframework.beans.factory.support.AbstractAutowireCapableBeanFactory.initializeBean(AbstractAutowireCapableBeanFactory.java:1771)
	... 94 common frames omitted
Caused by: java.lang.IllegalArgumentException: Failed to create query for method public abstract java.util.List org.frcpm.repositories.spring.PartRepository.findByQuantityOnHandLessThanEqualSafetyStockAndIsActiveTrue(); No property 'lessThanEqualSafetyStock' found for type 'Integer'; Traversed path: Part.quantityOnHand
	at org.springframework.data.jpa.repository.query.PartTreeJpaQuery.<init>(PartTreeJpaQuery.java:107)
	at org.springframework.data.jpa.repository.query.JpaQueryLookupStrategy$CreateQueryLookupStrategy.resolveQuery(JpaQueryLookupStrategy.java:124)
	at org.springframework.data.jpa.repository.query.JpaQueryLookupStrategy$CreateIfNotFoundQueryLookupStrategy.resolveQuery(JpaQueryLookupStrategy.java:258)
	at org.springframework.data.jpa.repository.query.JpaQueryLookupStrategy$AbstractQueryLookupStrategy.resolveQuery(JpaQueryLookupStrategy.java:95)
	at org.springframework.data.repository.core.support.QueryExecutorMethodInterceptor.lookupQuery(QueryExecutorMethodInterceptor.java:111)
	... 106 common frames omitted
Caused by: org.springframework.data.mapping.PropertyReferenceException: No property 'lessThanEqualSafetyStock' found for type 'Integer'; Traversed path: Part.quantityOnHand
	at org.springframework.data.mapping.PropertyPath.<init>(PropertyPath.java:90)
	at org.springframework.data.mapping.PropertyPath.create(PropertyPath.java:443)
	at org.springframework.data.mapping.PropertyPath.create(PropertyPath.java:419)
	at org.springframework.data.mapping.PropertyPath.create(PropertyPath.java:453)
	at org.springframework.data.mapping.PropertyPath.create(PropertyPath.java:476)
	at org.springframework.data.mapping.PropertyPath.create(PropertyPath.java:476)
	at org.springframework.data.mapping.PropertyPath.create(PropertyPath.java:476)
	at org.springframework.data.mapping.PropertyPath.create(PropertyPath.java:476)
	at org.springframework.data.mapping.PropertyPath.create(PropertyPath.java:476)
	at org.springframework.data.mapping.PropertyPath.create(PropertyPath.java:419)
	at org.springframework.data.mapping.PropertyPath.lambda$from$0(PropertyPath.java:372)
	at java.base/java.util.concurrent.ConcurrentMap.computeIfAbsent(ConcurrentMap.java:330)
	at org.springframework.data.mapping.PropertyPath.from(PropertyPath.java:354)
	at org.springframework.data.mapping.PropertyPath.from(PropertyPath.java:332)
	at org.springframework.data.repository.query.parser.Part.<init>(Part.java:81)
	at org.springframework.data.repository.query.parser.PartTree$OrPart.lambda$new$0(PartTree.java:259)
	at java.base/java.util.stream.ReferencePipeline$3$1.accept(ReferencePipeline.java:197)
	at java.base/java.util.stream.ReferencePipeline$2$1.accept(ReferencePipeline.java:179)
	at java.base/java.util.Spliterators$ArraySpliterator.forEachRemaining(Spliterators.java:1024)
	at java.base/java.util.stream.AbstractPipeline.copyInto(AbstractPipeline.java:509)
	at java.base/java.util.stream.AbstractPipeline.wrapAndCopyInto(AbstractPipeline.java:499)
	at java.base/java.util.stream.ReduceOps$ReduceOp.evaluateSequential(ReduceOps.java:921)
	at java.base/java.util.stream.AbstractPipeline.evaluate(AbstractPipeline.java:234)
	at java.base/java.util.stream.ReferencePipeline.collect(ReferencePipeline.java:682)
	at org.springframework.data.repository.query.parser.PartTree$OrPart.<init>(PartTree.java:260)
	at org.springframework.data.repository.query.parser.PartTree$Predicate.lambda$new$0(PartTree.java:389)
	at java.base/java.util.stream.ReferencePipeline$3$1.accept(ReferencePipeline.java:197)
	at java.base/java.util.stream.ReferencePipeline$2$1.accept(ReferencePipeline.java:179)
	at java.base/java.util.Spliterators$ArraySpliterator.forEachRemaining(Spliterators.java:1024)
	at java.base/java.util.stream.AbstractPipeline.copyInto(AbstractPipeline.java:509)
	at java.base/java.util.stream.AbstractPipeline.wrapAndCopyInto(AbstractPipeline.java:499)
	at java.base/java.util.stream.ReduceOps$ReduceOp.evaluateSequential(ReduceOps.java:921)
	at java.base/java.util.stream.AbstractPipeline.evaluate(AbstractPipeline.java:234)
	at java.base/java.util.stream.ReferencePipeline.collect(ReferencePipeline.java:682)
	at org.springframework.data.repository.query.parser.PartTree$Predicate.<init>(PartTree.java:390)
	at org.springframework.data.repository.query.parser.PartTree.<init>(PartTree.java:103)
	at org.springframework.data.jpa.repository.query.PartTreeJpaQuery.<init>(PartTreeJpaQuery.java:100)
	... 110 common frames omitted
2025-07-19 09:29:17 - Caught exception while allowing TestExecutionListener [org.springframework.test.context.support.DependencyInjectionTestExecutionListener] to prepare test instance [org.frcpm.repositories.ComponentRepositoryIntegrationTest@64a552]
java.lang.IllegalStateException: Failed to load ApplicationContext for [MergedContextConfiguration@581cd446 testClass = org.frcpm.repositories.ComponentRepositoryIntegrationTest, locations = [], classes = [org.frcpm.FrcProjectManagementApplication], contextInitializerClasses = [], activeProfiles = ["test"], propertySourceDescriptors = [], propertySourceProperties = ["org.springframework.boot.test.autoconfigure.orm.jpa.DataJpaTestContextBootstrapper=true"], contextCustomizers = [[ImportsContextCustomizer@545c3628 key = [org.springframework.boot.autoconfigure.transaction.TransactionAutoConfiguration, org.springframework.boot.autoconfigure.data.jpa.JpaRepositoriesAutoConfiguration, org.springframework.boot.test.autoconfigure.orm.jpa.TestEntityManagerAutoConfiguration, org.springframework.boot.autoconfigure.cache.CacheAutoConfiguration, org.springframework.boot.autoconfigure.orm.jpa.HibernateJpaAutoConfiguration, org.springframework.boot.autoconfigure.sql.init.SqlInitializationAutoConfiguration, org.springframework.boot.test.autoconfigure.jdbc.TestDatabaseAutoConfiguration, org.springframework.boot.autoconfigure.flyway.FlywayAutoConfiguration, org.springframework.boot.autoconfigure.jdbc.DataSourceTransactionManagerAutoConfiguration, org.springframework.boot.autoconfigure.liquibase.LiquibaseAutoConfiguration, org.springframework.boot.autoconfigure.jdbc.JdbcClientAutoConfiguration, org.springframework.boot.autoconfigure.jdbc.DataSourceAutoConfiguration, org.springframework.boot.autoconfigure.jdbc.JdbcTemplateAutoConfiguration]], org.springframework.boot.test.context.filter.ExcludeFilterContextCustomizer@2474f125, org.springframework.boot.test.json.DuplicateJsonObjectContextCustomizerFactory$DuplicateJsonObjectContextCustomizer@5717c37, org.springframework.boot.test.mock.mockito.MockitoContextCustomizer@0, org.springframework.boot.test.autoconfigure.OverrideAutoConfigurationContextCustomizerFactory$DisableAutoConfigurationContextCustomizer@6ee4d9ab, org.springframework.boot.test.autoconfigure.actuate.observability.ObservabilityContextCustomizerFactory$DisableObservabilityContextCustomizer@1f, org.springframework.boot.test.autoconfigure.filter.TypeExcludeFiltersContextCustomizer@34be3d80, org.springframework.boot.test.autoconfigure.properties.PropertyMappingContextCustomizer@3cb40c9a, org.springframework.boot.test.autoconfigure.web.servlet.WebDriverContextCustomizer@59cba5a, org.springframework.boot.test.context.SpringBootTestAnnotation@10ed22a], contextLoader = org.springframework.boot.test.context.SpringBootContextLoader, parent = null]
	at org.springframework.test.context.cache.DefaultCacheAwareContextLoaderDelegate.loadContext(DefaultCacheAwareContextLoaderDelegate.java:180)
	at org.springframework.test.context.support.DefaultTestContext.getApplicationContext(DefaultTestContext.java:130)
	at org.springframework.test.context.support.DependencyInjectionTestExecutionListener.injectDependencies(DependencyInjectionTestExecutionListener.java:141)
	at org.springframework.test.context.support.DependencyInjectionTestExecutionListener.prepareTestInstance(DependencyInjectionTestExecutionListener.java:97)
	at org.springframework.test.context.TestContextManager.prepareTestInstance(TestContextManager.java:247)
	at org.springframework.test.context.junit.jupiter.SpringExtension.postProcessTestInstance(SpringExtension.java:163)
	at org.junit.jupiter.engine.descriptor.ClassBasedTestDescriptor.lambda$invokeTestInstancePostProcessors$10(ClassBasedTestDescriptor.java:378)
	at org.junit.jupiter.engine.descriptor.ClassBasedTestDescriptor.executeAndMaskThrowable(ClassBasedTestDescriptor.java:383)
	at org.junit.jupiter.engine.descriptor.ClassBasedTestDescriptor.lambda$invokeTestInstancePostProcessors$11(ClassBasedTestDescriptor.java:378)
	at java.base/java.util.stream.ReferencePipeline$3$1.accept(ReferencePipeline.java:197)
	at java.base/java.util.stream.ReferencePipeline$2$1.accept(ReferencePipeline.java:179)
	at java.base/java.util.ArrayList$ArrayListSpliterator.forEachRemaining(ArrayList.java:1708)
	at java.base/java.util.stream.AbstractPipeline.copyInto(AbstractPipeline.java:509)
	at java.base/java.util.stream.AbstractPipeline.wrapAndCopyInto(AbstractPipeline.java:499)
	at java.base/java.util.stream.StreamSpliterators$WrappingSpliterator.forEachRemaining(StreamSpliterators.java:310)
	at java.base/java.util.stream.Streams$ConcatSpliterator.forEachRemaining(Streams.java:735)
	at java.base/java.util.stream.Streams$ConcatSpliterator.forEachRemaining(Streams.java:734)
	at java.base/java.util.stream.ReferencePipeline$Head.forEach(ReferencePipeline.java:762)
	at org.junit.jupiter.engine.descriptor.ClassBasedTestDescriptor.invokeTestInstancePostProcessors(ClassBasedTestDescriptor.java:377)
	at org.junit.jupiter.engine.descriptor.ClassBasedTestDescriptor.lambda$instantiateAndPostProcessTestInstance$6(ClassBasedTestDescriptor.java:290)
	at org.junit.platform.engine.support.hierarchical.ThrowableCollector.execute(ThrowableCollector.java:73)
	at org.junit.jupiter.engine.descriptor.ClassBasedTestDescriptor.instantiateAndPostProcessTestInstance(ClassBasedTestDescriptor.java:289)
	at org.junit.jupiter.engine.descriptor.ClassBasedTestDescriptor.lambda$testInstancesProvider$4(ClassBasedTestDescriptor.java:279)
	at java.base/java.util.Optional.orElseGet(Optional.java:364)
	at org.junit.jupiter.engine.descriptor.ClassBasedTestDescriptor.lambda$testInstancesProvider$5(ClassBasedTestDescriptor.java:278)
	at org.junit.jupiter.engine.execution.TestInstancesProvider.getTestInstances(TestInstancesProvider.java:31)
	at org.junit.jupiter.engine.descriptor.TestMethodTestDescriptor.lambda$prepare$0(TestMethodTestDescriptor.java:106)
	at org.junit.platform.engine.support.hierarchical.ThrowableCollector.execute(ThrowableCollector.java:73)
	at org.junit.jupiter.engine.descriptor.TestMethodTestDescriptor.prepare(TestMethodTestDescriptor.java:105)
	at org.junit.jupiter.engine.descriptor.TestMethodTestDescriptor.prepare(TestMethodTestDescriptor.java:69)
	at org.junit.platform.engine.support.hierarchical.NodeTestTask.lambda$prepare$2(NodeTestTask.java:123)
	at org.junit.platform.engine.support.hierarchical.ThrowableCollector.execute(ThrowableCollector.java:73)
	at org.junit.platform.engine.support.hierarchical.NodeTestTask.prepare(NodeTestTask.java:123)
	at org.junit.platform.engine.support.hierarchical.NodeTestTask.execute(NodeTestTask.java:90)
	at java.base/java.util.ArrayList.forEach(ArrayList.java:1596)
	at org.junit.platform.engine.support.hierarchical.SameThreadHierarchicalTestExecutorService.invokeAll(SameThreadHierarchicalTestExecutorService.java:41)
	at org.junit.platform.engine.support.hierarchical.NodeTestTask.lambda$executeRecursively$6(NodeTestTask.java:155)
	at org.junit.platform.engine.support.hierarchical.ThrowableCollector.execute(ThrowableCollector.java:73)
	at org.junit.platform.engine.support.hierarchical.NodeTestTask.lambda$executeRecursively$8(NodeTestTask.java:141)
	at org.junit.platform.engine.support.hierarchical.Node.around(Node.java:137)
	at org.junit.platform.engine.support.hierarchical.NodeTestTask.lambda$executeRecursively$9(NodeTestTask.java:139)
	at org.junit.platform.engine.support.hierarchical.ThrowableCollector.execute(ThrowableCollector.java:73)
	at org.junit.platform.engine.support.hierarchical.NodeTestTask.executeRecursively(NodeTestTask.java:138)
	at org.junit.platform.engine.support.hierarchical.NodeTestTask.execute(NodeTestTask.java:95)
	at java.base/java.util.ArrayList.forEach(ArrayList.java:1596)
	at org.junit.platform.engine.support.hierarchical.SameThreadHierarchicalTestExecutorService.invokeAll(SameThreadHierarchicalTestExecutorService.java:41)
	at org.junit.platform.engine.support.hierarchical.NodeTestTask.lambda$executeRecursively$6(NodeTestTask.java:155)
	at org.junit.platform.engine.support.hierarchical.ThrowableCollector.execute(ThrowableCollector.java:73)
	at org.junit.platform.engine.support.hierarchical.NodeTestTask.lambda$executeRecursively$8(NodeTestTask.java:141)
	at org.junit.platform.engine.support.hierarchical.Node.around(Node.java:137)
	at org.junit.platform.engine.support.hierarchical.NodeTestTask.lambda$executeRecursively$9(NodeTestTask.java:139)
	at org.junit.platform.engine.support.hierarchical.ThrowableCollector.execute(ThrowableCollector.java:73)
	at org.junit.platform.engine.support.hierarchical.NodeTestTask.executeRecursively(NodeTestTask.java:138)
	at org.junit.platform.engine.support.hierarchical.NodeTestTask.execute(NodeTestTask.java:95)
	at org.junit.platform.engine.support.hierarchical.SameThreadHierarchicalTestExecutorService.submit(SameThreadHierarchicalTestExecutorService.java:35)
	at org.junit.platform.engine.support.hierarchical.HierarchicalTestExecutor.execute(HierarchicalTestExecutor.java:57)
	at org.junit.platform.engine.support.hierarchical.HierarchicalTestEngine.execute(HierarchicalTestEngine.java:54)
	at org.junit.platform.launcher.core.EngineExecutionOrchestrator.execute(EngineExecutionOrchestrator.java:198)
	at org.junit.platform.launcher.core.EngineExecutionOrchestrator.execute(EngineExecutionOrchestrator.java:169)
	at org.junit.platform.launcher.core.EngineExecutionOrchestrator.execute(EngineExecutionOrchestrator.java:93)
	at org.junit.platform.launcher.core.EngineExecutionOrchestrator.lambda$execute$0(EngineExecutionOrchestrator.java:58)
	at org.junit.platform.launcher.core.EngineExecutionOrchestrator.withInterceptedStreams(EngineExecutionOrchestrator.java:141)
	at org.junit.platform.launcher.core.EngineExecutionOrchestrator.execute(EngineExecutionOrchestrator.java:57)
	at org.junit.platform.launcher.core.DefaultLauncher.execute(DefaultLauncher.java:103)
	at org.junit.platform.launcher.core.DefaultLauncher.execute(DefaultLauncher.java:85)
	at org.junit.platform.launcher.core.DelegatingLauncher.execute(DelegatingLauncher.java:47)
	at org.apache.maven.surefire.junitplatform.LazyLauncher.execute(LazyLauncher.java:56)
	at org.apache.maven.surefire.junitplatform.JUnitPlatformProvider.execute(JUnitPlatformProvider.java:184)
	at org.apache.maven.surefire.junitplatform.JUnitPlatformProvider.invokeAllTests(JUnitPlatformProvider.java:148)
	at org.apache.maven.surefire.junitplatform.JUnitPlatformProvider.invoke(JUnitPlatformProvider.java:122)
	at org.apache.maven.surefire.booter.ForkedBooter.runSuitesInProcess(ForkedBooter.java:385)
	at org.apache.maven.surefire.booter.ForkedBooter.execute(ForkedBooter.java:162)
	at org.apache.maven.surefire.booter.ForkedBooter.run(ForkedBooter.java:507)
	at org.apache.maven.surefire.booter.ForkedBooter.main(ForkedBooter.java:495)
Caused by: org.springframework.beans.factory.BeanCreationException: Error creating bean with name 'partRepository' defined in org.frcpm.repositories.spring.PartRepository defined in @EnableJpaRepositories declared on JpaRepositoriesRegistrar.EnableJpaRepositoriesConfiguration: Could not create query for public abstract java.util.List org.frcpm.repositories.spring.PartRepository.findByQuantityOnHandLessThanEqualSafetyStockAndIsActiveTrue(); Reason: Failed to create query for method public abstract java.util.List org.frcpm.repositories.spring.PartRepository.findByQuantityOnHandLessThanEqualSafetyStockAndIsActiveTrue(); No property 'lessThanEqualSafetyStock' found for type 'Integer'; Traversed path: Part.quantityOnHand
	at org.springframework.beans.factory.support.AbstractAutowireCapableBeanFactory.initializeBean(AbstractAutowireCapableBeanFactory.java:1775)
	at org.springframework.beans.factory.support.AbstractAutowireCapableBeanFactory.doCreateBean(AbstractAutowireCapableBeanFactory.java:601)
	at org.springframework.beans.factory.support.AbstractAutowireCapableBeanFactory.createBean(AbstractAutowireCapableBeanFactory.java:523)
	at org.springframework.beans.factory.support.AbstractBeanFactory.lambda$doGetBean$0(AbstractBeanFactory.java:325)
	at org.springframework.beans.factory.support.DefaultSingletonBeanRegistry.getSingleton(DefaultSingletonBeanRegistry.java:234)
	at org.springframework.beans.factory.support.AbstractBeanFactory.doGetBean(AbstractBeanFactory.java:323)
	at org.springframework.beans.factory.support.AbstractBeanFactory.getBean(AbstractBeanFactory.java:199)
	at org.springframework.beans.factory.support.DefaultListableBeanFactory.preInstantiateSingletons(DefaultListableBeanFactory.java:967)
	at org.springframework.context.support.AbstractApplicationContext.finishBeanFactoryInitialization(AbstractApplicationContext.java:946)
	at org.springframework.context.support.AbstractApplicationContext.refresh(AbstractApplicationContext.java:616)
	at org.springframework.boot.SpringApplication.refresh(SpringApplication.java:753)
	at org.springframework.boot.SpringApplication.refreshContext(SpringApplication.java:455)
	at org.springframework.boot.SpringApplication.run(SpringApplication.java:323)
	at org.springframework.boot.test.context.SpringBootContextLoader.lambda$loadContext$3(SpringBootContextLoader.java:137)
	at org.springframework.util.function.ThrowingSupplier.get(ThrowingSupplier.java:58)
	at org.springframework.util.function.ThrowingSupplier.get(ThrowingSupplier.java:46)
	at org.springframework.boot.SpringApplication.withHook(SpringApplication.java:1442)
	at org.springframework.boot.test.context.SpringBootContextLoader$ContextLoaderHook.run(SpringBootContextLoader.java:552)
	at org.springframework.boot.test.context.SpringBootContextLoader.loadContext(SpringBootContextLoader.java:137)
	at org.springframework.boot.test.context.SpringBootContextLoader.loadContext(SpringBootContextLoader.java:108)
	at org.springframework.test.context.cache.DefaultCacheAwareContextLoaderDelegate.loadContextInternal(DefaultCacheAwareContextLoaderDelegate.java:225)
	at org.springframework.test.context.cache.DefaultCacheAwareContextLoaderDelegate.loadContext(DefaultCacheAwareContextLoaderDelegate.java:152)
[...]
	at org.junit.platform.launcher.core.EngineExecutionOrchestrator.execute(EngineExecutionOrchestrator.java:198)
	at org.junit.platform.launcher.core.EngineExecutionOrchestrator.execute(EngineExecutionOrchestrator.java:169)
	at org.junit.platform.launcher.core.EngineExecutionOrchestrator.execute(EngineExecutionOrchestrator.java:93)
	at org.junit.platform.launcher.core.EngineExecutionOrchestrator.lambda$execute$0(EngineExecutionOrchestrator.java:58)
	at org.junit.platform.launcher.core.EngineExecutionOrchestrator.withInterceptedStreams(EngineExecutionOrchestrator.java:141)
	at org.junit.platform.launcher.core.EngineExecutionOrchestrator.execute(EngineExecutionOrchestrator.java:57)
	at org.junit.platform.launcher.core.DefaultLauncher.execute(DefaultLauncher.java:103)
	at org.junit.platform.launcher.core.DefaultLauncher.execute(DefaultLauncher.java:85)
	at org.junit.platform.launcher.core.DelegatingLauncher.execute(DelegatingLauncher.java:47)
	at org.apache.maven.surefire.junitplatform.LazyLauncher.execute(LazyLauncher.java:56)
	at org.apache.maven.surefire.junitplatform.JUnitPlatformProvider.execute(JUnitPlatformProvider.java:184)
	at org.apache.maven.surefire.junitplatform.JUnitPlatformProvider.invokeAllTests(JUnitPlatformProvider.java:148)
	at org.apache.maven.surefire.junitplatform.JUnitPlatformProvider.invoke(JUnitPlatformProvider.java:122)
	at org.apache.maven.surefire.booter.ForkedBooter.runSuitesInProcess(ForkedBooter.java:385)
	at org.apache.maven.surefire.booter.ForkedBooter.execute(ForkedBooter.java:162)
	at org.apache.maven.surefire.booter.ForkedBooter.run(ForkedBooter.java:507)
	at org.apache.maven.surefire.booter.ForkedBooter.main(ForkedBooter.java:495)
]]></system-out>
  </testcase>
  <testcase name="testFindByExpectedDeliveryAfter" classname="org.frcpm.repositories.ComponentRepositoryIntegrationTest" time="0.001">
    <error message="ApplicationContext failure threshold (1) exceeded: skipping repeated attempt to load context for [MergedContextConfiguration@581cd446 testClass = org.frcpm.repositories.ComponentRepositoryIntegrationTest, locations = [], classes = [org.frcpm.FrcProjectManagementApplication], contextInitializerClasses = [], activeProfiles = [&quot;test&quot;], propertySourceDescriptors = [], propertySourceProperties = [&quot;org.springframework.boot.test.autoconfigure.orm.jpa.DataJpaTestContextBootstrapper=true&quot;], contextCustomizers = [[ImportsContextCustomizer@545c3628 key = [org.springframework.boot.autoconfigure.transaction.TransactionAutoConfiguration, org.springframework.boot.autoconfigure.data.jpa.JpaRepositoriesAutoConfiguration, org.springframework.boot.test.autoconfigure.orm.jpa.TestEntityManagerAutoConfiguration, org.springframework.boot.autoconfigure.cache.CacheAutoConfiguration, org.springframework.boot.autoconfigure.orm.jpa.HibernateJpaAutoConfiguration, org.springframework.boot.autoconfigure.sql.init.SqlInitializationAutoConfiguration, org.springframework.boot.test.autoconfigure.jdbc.TestDatabaseAutoConfiguration, org.springframework.boot.autoconfigure.flyway.FlywayAutoConfiguration, org.springframework.boot.autoconfigure.jdbc.DataSourceTransactionManagerAutoConfiguration, org.springframework.boot.autoconfigure.liquibase.LiquibaseAutoConfiguration, org.springframework.boot.autoconfigure.jdbc.JdbcClientAutoConfiguration, org.springframework.boot.autoconfigure.jdbc.DataSourceAutoConfiguration, org.springframework.boot.autoconfigure.jdbc.JdbcTemplateAutoConfiguration]], org.springframework.boot.test.context.filter.ExcludeFilterContextCustomizer@2474f125, org.springframework.boot.test.json.DuplicateJsonObjectContextCustomizerFactory$DuplicateJsonObjectContextCustomizer@5717c37, org.springframework.boot.test.mock.mockito.MockitoContextCustomizer@0, org.springframework.boot.test.autoconfigure.OverrideAutoConfigurationContextCustomizerFactory$DisableAutoConfigurationContextCustomizer@6ee4d9ab, org.springframework.boot.test.autoconfigure.actuate.observability.ObservabilityContextCustomizerFactory$DisableObservabilityContextCustomizer@1f, org.springframework.boot.test.autoconfigure.filter.TypeExcludeFiltersContextCustomizer@34be3d80, org.springframework.boot.test.autoconfigure.properties.PropertyMappingContextCustomizer@3cb40c9a, org.springframework.boot.test.autoconfigure.web.servlet.WebDriverContextCustomizer@59cba5a, org.springframework.boot.test.context.SpringBootTestAnnotation@10ed22a], contextLoader = org.springframework.boot.test.context.SpringBootContextLoader, parent = null]" type="java.lang.IllegalStateException"><![CDATA[java.lang.IllegalStateException: ApplicationContext failure threshold (1) exceeded: skipping repeated attempt to load context for [MergedContextConfiguration@581cd446 testClass = org.frcpm.repositories.ComponentRepositoryIntegrationTest, locations = [], classes = [org.frcpm.FrcProjectManagementApplication], contextInitializerClasses = [], activeProfiles = ["test"], propertySourceDescriptors = [], propertySourceProperties = ["org.springframework.boot.test.autoconfigure.orm.jpa.DataJpaTestContextBootstrapper=true"], contextCustomizers = [[ImportsContextCustomizer@545c3628 key = [org.springframework.boot.autoconfigure.transaction.TransactionAutoConfiguration, org.springframework.boot.autoconfigure.data.jpa.JpaRepositoriesAutoConfiguration, org.springframework.boot.test.autoconfigure.orm.jpa.TestEntityManagerAutoConfiguration, org.springframework.boot.autoconfigure.cache.CacheAutoConfiguration, org.springframework.boot.autoconfigure.orm.jpa.HibernateJpaAutoConfiguration, org.springframework.boot.autoconfigure.sql.init.SqlInitializationAutoConfiguration, org.springframework.boot.test.autoconfigure.jdbc.TestDatabaseAutoConfiguration, org.springframework.boot.autoconfigure.flyway.FlywayAutoConfiguration, org.springframework.boot.autoconfigure.jdbc.DataSourceTransactionManagerAutoConfiguration, org.springframework.boot.autoconfigure.liquibase.LiquibaseAutoConfiguration, org.springframework.boot.autoconfigure.jdbc.JdbcClientAutoConfiguration, org.springframework.boot.autoconfigure.jdbc.DataSourceAutoConfiguration, org.springframework.boot.autoconfigure.jdbc.JdbcTemplateAutoConfiguration]], org.springframework.boot.test.context.filter.ExcludeFilterContextCustomizer@2474f125, org.springframework.boot.test.json.DuplicateJsonObjectContextCustomizerFactory$DuplicateJsonObjectContextCustomizer@5717c37, org.springframework.boot.test.mock.mockito.MockitoContextCustomizer@0, org.springframework.boot.test.autoconfigure.OverrideAutoConfigurationContextCustomizerFactory$DisableAutoConfigurationContextCustomizer@6ee4d9ab, org.springframework.boot.test.autoconfigure.actuate.observability.ObservabilityContextCustomizerFactory$DisableObservabilityContextCustomizer@1f, org.springframework.boot.test.autoconfigure.filter.TypeExcludeFiltersContextCustomizer@34be3d80, org.springframework.boot.test.autoconfigure.properties.PropertyMappingContextCustomizer@3cb40c9a, org.springframework.boot.test.autoconfigure.web.servlet.WebDriverContextCustomizer@59cba5a, org.springframework.boot.test.context.SpringBootTestAnnotation@10ed22a], contextLoader = org.springframework.boot.test.context.SpringBootContextLoader, parent = null]
	at org.springframework.test.context.cache.DefaultCacheAwareContextLoaderDelegate.loadContext(DefaultCacheAwareContextLoaderDelegate.java:145)
	at org.springframework.test.context.support.DefaultTestContext.getApplicationContext(DefaultTestContext.java:130)
	at org.springframework.test.context.support.DependencyInjectionTestExecutionListener.injectDependencies(DependencyInjectionTestExecutionListener.java:141)
	at org.springframework.test.context.support.DependencyInjectionTestExecutionListener.prepareTestInstance(DependencyInjectionTestExecutionListener.java:97)
	at org.springframework.test.context.TestContextManager.prepareTestInstance(TestContextManager.java:247)
	at org.springframework.test.context.junit.jupiter.SpringExtension.postProcessTestInstance(SpringExtension.java:163)
	at java.base/java.util.stream.ReferencePipeline$3$1.accept(ReferencePipeline.java:197)
	at java.base/java.util.stream.ReferencePipeline$2$1.accept(ReferencePipeline.java:179)
	at java.base/java.util.ArrayList$ArrayListSpliterator.forEachRemaining(ArrayList.java:1708)
	at java.base/java.util.stream.AbstractPipeline.copyInto(AbstractPipeline.java:509)
	at java.base/java.util.stream.AbstractPipeline.wrapAndCopyInto(AbstractPipeline.java:499)
	at java.base/java.util.stream.StreamSpliterators$WrappingSpliterator.forEachRemaining(StreamSpliterators.java:310)
	at java.base/java.util.stream.Streams$ConcatSpliterator.forEachRemaining(Streams.java:735)
	at java.base/java.util.stream.Streams$ConcatSpliterator.forEachRemaining(Streams.java:734)
	at java.base/java.util.stream.ReferencePipeline$Head.forEach(ReferencePipeline.java:762)
	at java.base/java.util.Optional.orElseGet(Optional.java:364)
	at java.base/java.util.ArrayList.forEach(ArrayList.java:1596)
	at java.base/java.util.ArrayList.forEach(ArrayList.java:1596)
]]></error>
    <system-out><![CDATA[2025-07-19 09:29:17 - Caught exception while allowing TestExecutionListener [org.springframework.test.context.support.DependencyInjectionTestExecutionListener] to prepare test instance [org.frcpm.repositories.ComponentRepositoryIntegrationTest@87f4794]
java.lang.IllegalStateException: ApplicationContext failure threshold (1) exceeded: skipping repeated attempt to load context for [MergedContextConfiguration@581cd446 testClass = org.frcpm.repositories.ComponentRepositoryIntegrationTest, locations = [], classes = [org.frcpm.FrcProjectManagementApplication], contextInitializerClasses = [], activeProfiles = ["test"], propertySourceDescriptors = [], propertySourceProperties = ["org.springframework.boot.test.autoconfigure.orm.jpa.DataJpaTestContextBootstrapper=true"], contextCustomizers = [[ImportsContextCustomizer@545c3628 key = [org.springframework.boot.autoconfigure.transaction.TransactionAutoConfiguration, org.springframework.boot.autoconfigure.data.jpa.JpaRepositoriesAutoConfiguration, org.springframework.boot.test.autoconfigure.orm.jpa.TestEntityManagerAutoConfiguration, org.springframework.boot.autoconfigure.cache.CacheAutoConfiguration, org.springframework.boot.autoconfigure.orm.jpa.HibernateJpaAutoConfiguration, org.springframework.boot.autoconfigure.sql.init.SqlInitializationAutoConfiguration, org.springframework.boot.test.autoconfigure.jdbc.TestDatabaseAutoConfiguration, org.springframework.boot.autoconfigure.flyway.FlywayAutoConfiguration, org.springframework.boot.autoconfigure.jdbc.DataSourceTransactionManagerAutoConfiguration, org.springframework.boot.autoconfigure.liquibase.LiquibaseAutoConfiguration, org.springframework.boot.autoconfigure.jdbc.JdbcClientAutoConfiguration, org.springframework.boot.autoconfigure.jdbc.DataSourceAutoConfiguration, org.springframework.boot.autoconfigure.jdbc.JdbcTemplateAutoConfiguration]], org.springframework.boot.test.context.filter.ExcludeFilterContextCustomizer@2474f125, org.springframework.boot.test.json.DuplicateJsonObjectContextCustomizerFactory$DuplicateJsonObjectContextCustomizer@5717c37, org.springframework.boot.test.mock.mockito.MockitoContextCustomizer@0, org.springframework.boot.test.autoconfigure.OverrideAutoConfigurationContextCustomizerFactory$DisableAutoConfigurationContextCustomizer@6ee4d9ab, org.springframework.boot.test.autoconfigure.actuate.observability.ObservabilityContextCustomizerFactory$DisableObservabilityContextCustomizer@1f, org.springframework.boot.test.autoconfigure.filter.TypeExcludeFiltersContextCustomizer@34be3d80, org.springframework.boot.test.autoconfigure.properties.PropertyMappingContextCustomizer@3cb40c9a, org.springframework.boot.test.autoconfigure.web.servlet.WebDriverContextCustomizer@59cba5a, org.springframework.boot.test.context.SpringBootTestAnnotation@10ed22a], contextLoader = org.springframework.boot.test.context.SpringBootContextLoader, parent = null]
	at org.springframework.test.context.cache.DefaultCacheAwareContextLoaderDelegate.loadContext(DefaultCacheAwareContextLoaderDelegate.java:145)
	at org.springframework.test.context.support.DefaultTestContext.getApplicationContext(DefaultTestContext.java:130)
	at org.springframework.test.context.support.DependencyInjectionTestExecutionListener.injectDependencies(DependencyInjectionTestExecutionListener.java:141)
	at org.springframework.test.context.support.DependencyInjectionTestExecutionListener.prepareTestInstance(DependencyInjectionTestExecutionListener.java:97)
	at org.springframework.test.context.TestContextManager.prepareTestInstance(TestContextManager.java:247)
	at org.springframework.test.context.junit.jupiter.SpringExtension.postProcessTestInstance(SpringExtension.java:163)
	at org.junit.jupiter.engine.descriptor.ClassBasedTestDescriptor.lambda$invokeTestInstancePostProcessors$10(ClassBasedTestDescriptor.java:378)
	at org.junit.jupiter.engine.descriptor.ClassBasedTestDescriptor.executeAndMaskThrowable(ClassBasedTestDescriptor.java:383)
	at org.junit.jupiter.engine.descriptor.ClassBasedTestDescriptor.lambda$invokeTestInstancePostProcessors$11(ClassBasedTestDescriptor.java:378)
	at java.base/java.util.stream.ReferencePipeline$3$1.accept(ReferencePipeline.java:197)
	at java.base/java.util.stream.ReferencePipeline$2$1.accept(ReferencePipeline.java:179)
	at java.base/java.util.ArrayList$ArrayListSpliterator.forEachRemaining(ArrayList.java:1708)
	at java.base/java.util.stream.AbstractPipeline.copyInto(AbstractPipeline.java:509)
	at java.base/java.util.stream.AbstractPipeline.wrapAndCopyInto(AbstractPipeline.java:499)
	at java.base/java.util.stream.StreamSpliterators$WrappingSpliterator.forEachRemaining(StreamSpliterators.java:310)
	at java.base/java.util.stream.Streams$ConcatSpliterator.forEachRemaining(Streams.java:735)
	at java.base/java.util.stream.Streams$ConcatSpliterator.forEachRemaining(Streams.java:734)
	at java.base/java.util.stream.ReferencePipeline$Head.forEach(ReferencePipeline.java:762)
	at org.junit.jupiter.engine.descriptor.ClassBasedTestDescriptor.invokeTestInstancePostProcessors(ClassBasedTestDescriptor.java:377)
	at org.junit.jupiter.engine.descriptor.ClassBasedTestDescriptor.lambda$instantiateAndPostProcessTestInstance$6(ClassBasedTestDescriptor.java:290)
	at org.junit.platform.engine.support.hierarchical.ThrowableCollector.execute(ThrowableCollector.java:73)
	at org.junit.jupiter.engine.descriptor.ClassBasedTestDescriptor.instantiateAndPostProcessTestInstance(ClassBasedTestDescriptor.java:289)
	at org.junit.jupiter.engine.descriptor.ClassBasedTestDescriptor.lambda$testInstancesProvider$4(ClassBasedTestDescriptor.java:279)
	at java.base/java.util.Optional.orElseGet(Optional.java:364)
	at org.junit.jupiter.engine.descriptor.ClassBasedTestDescriptor.lambda$testInstancesProvider$5(ClassBasedTestDescriptor.java:278)
	at org.junit.jupiter.engine.execution.TestInstancesProvider.getTestInstances(TestInstancesProvider.java:31)
	at org.junit.jupiter.engine.descriptor.TestMethodTestDescriptor.lambda$prepare$0(TestMethodTestDescriptor.java:106)
	at org.junit.platform.engine.support.hierarchical.ThrowableCollector.execute(ThrowableCollector.java:73)
	at org.junit.jupiter.engine.descriptor.TestMethodTestDescriptor.prepare(TestMethodTestDescriptor.java:105)
	at org.junit.jupiter.engine.descriptor.TestMethodTestDescriptor.prepare(TestMethodTestDescriptor.java:69)
	at org.junit.platform.engine.support.hierarchical.NodeTestTask.lambda$prepare$2(NodeTestTask.java:123)
	at org.junit.platform.engine.support.hierarchical.ThrowableCollector.execute(ThrowableCollector.java:73)
	at org.junit.platform.engine.support.hierarchical.NodeTestTask.prepare(NodeTestTask.java:123)
	at org.junit.platform.engine.support.hierarchical.NodeTestTask.execute(NodeTestTask.java:90)
	at java.base/java.util.ArrayList.forEach(ArrayList.java:1596)
	at org.junit.platform.engine.support.hierarchical.SameThreadHierarchicalTestExecutorService.invokeAll(SameThreadHierarchicalTestExecutorService.java:41)
	at org.junit.platform.engine.support.hierarchical.NodeTestTask.lambda$executeRecursively$6(NodeTestTask.java:155)
	at org.junit.platform.engine.support.hierarchical.ThrowableCollector.execute(ThrowableCollector.java:73)
	at org.junit.platform.engine.support.hierarchical.NodeTestTask.lambda$executeRecursively$8(NodeTestTask.java:141)
	at org.junit.platform.engine.support.hierarchical.Node.around(Node.java:137)
	at org.junit.platform.engine.support.hierarchical.NodeTestTask.lambda$executeRecursively$9(NodeTestTask.java:139)
	at org.junit.platform.engine.support.hierarchical.ThrowableCollector.execute(ThrowableCollector.java:73)
	at org.junit.platform.engine.support.hierarchical.NodeTestTask.executeRecursively(NodeTestTask.java:138)
	at org.junit.platform.engine.support.hierarchical.NodeTestTask.execute(NodeTestTask.java:95)
	at java.base/java.util.ArrayList.forEach(ArrayList.java:1596)
	at org.junit.platform.engine.support.hierarchical.SameThreadHierarchicalTestExecutorService.invokeAll(SameThreadHierarchicalTestExecutorService.java:41)
	at org.junit.platform.engine.support.hierarchical.NodeTestTask.lambda$executeRecursively$6(NodeTestTask.java:155)
	at org.junit.platform.engine.support.hierarchical.ThrowableCollector.execute(ThrowableCollector.java:73)
	at org.junit.platform.engine.support.hierarchical.NodeTestTask.lambda$executeRecursively$8(NodeTestTask.java:141)
	at org.junit.platform.engine.support.hierarchical.Node.around(Node.java:137)
	at org.junit.platform.engine.support.hierarchical.NodeTestTask.lambda$executeRecursively$9(NodeTestTask.java:139)
	at org.junit.platform.engine.support.hierarchical.ThrowableCollector.execute(ThrowableCollector.java:73)
	at org.junit.platform.engine.support.hierarchical.NodeTestTask.executeRecursively(NodeTestTask.java:138)
	at org.junit.platform.engine.support.hierarchical.NodeTestTask.execute(NodeTestTask.java:95)
	at org.junit.platform.engine.support.hierarchical.SameThreadHierarchicalTestExecutorService.submit(SameThreadHierarchicalTestExecutorService.java:35)
	at org.junit.platform.engine.support.hierarchical.HierarchicalTestExecutor.execute(HierarchicalTestExecutor.java:57)
	at org.junit.platform.engine.support.hierarchical.HierarchicalTestEngine.execute(HierarchicalTestEngine.java:54)
	at org.junit.platform.launcher.core.EngineExecutionOrchestrator.execute(EngineExecutionOrchestrator.java:198)
	at org.junit.platform.launcher.core.EngineExecutionOrchestrator.execute(EngineExecutionOrchestrator.java:169)
	at org.junit.platform.launcher.core.EngineExecutionOrchestrator.execute(EngineExecutionOrchestrator.java:93)
	at org.junit.platform.launcher.core.EngineExecutionOrchestrator.lambda$execute$0(EngineExecutionOrchestrator.java:58)
	at org.junit.platform.launcher.core.EngineExecutionOrchestrator.withInterceptedStreams(EngineExecutionOrchestrator.java:141)
	at org.junit.platform.launcher.core.EngineExecutionOrchestrator.execute(EngineExecutionOrchestrator.java:57)
	at org.junit.platform.launcher.core.DefaultLauncher.execute(DefaultLauncher.java:103)
	at org.junit.platform.launcher.core.DefaultLauncher.execute(DefaultLauncher.java:85)
	at org.junit.platform.launcher.core.DelegatingLauncher.execute(DelegatingLauncher.java:47)
	at org.apache.maven.surefire.junitplatform.LazyLauncher.execute(LazyLauncher.java:56)
	at org.apache.maven.surefire.junitplatform.JUnitPlatformProvider.execute(JUnitPlatformProvider.java:184)
	at org.apache.maven.surefire.junitplatform.JUnitPlatformProvider.invokeAllTests(JUnitPlatformProvider.java:148)
	at org.apache.maven.surefire.junitplatform.JUnitPlatformProvider.invoke(JUnitPlatformProvider.java:122)
	at org.apache.maven.surefire.booter.ForkedBooter.runSuitesInProcess(ForkedBooter.java:385)
	at org.apache.maven.surefire.booter.ForkedBooter.execute(ForkedBooter.java:162)
	at org.apache.maven.surefire.booter.ForkedBooter.run(ForkedBooter.java:507)
	at org.apache.maven.surefire.booter.ForkedBooter.main(ForkedBooter.java:495)
]]></system-out>
  </testcase>
</testsuite>