<?xml version="1.0" encoding="UTF-8"?>
<testsuite xmlns:xsi="http://www.w3.org/2001/XMLSchema-instance" xsi:noNamespaceSchemaLocation="https://maven.apache.org/surefire/maven-surefire-plugin/xsd/surefire-test-report-3.0.xsd" version="3.0" name="org.frcpm.repositories.TeamMemberRepositoryIntegrationTest" time="7.178" tests="30" errors="1" skipped="0" failures="1">
  <properties>
[...]
</properties>
  <testcase name="testFindByFirstNameContainingIgnoreCase" classname="org.frcpm.repositories.TeamMemberRepositoryIntegrationTest" time="1.29">
    <failure message="&#10;Expected size: 2 but was: 1 in:&#10;[Team Leader]" type="java.lang.AssertionError"><![CDATA[java.lang.AssertionError: 

Expected size: 2 but was: 1 in:
[Team Leader]
	at org.frcpm.repositories.TeamMemberRepositoryIntegrationTest.testFindByFirstNameContainingIgnoreCase(TeamMemberRepositoryIntegrationTest.java:291)
	at java.base/java.lang.reflect.Method.invoke(Method.java:580)
	at java.base/java.util.ArrayList.forEach(ArrayList.java:1596)
	at java.base/java.util.ArrayList.forEach(ArrayList.java:1596)
]]></failure>
    <system-out><![CDATA[07:47:21.242 [main] INFO org.springframework.test.context.support.AnnotationConfigContextLoaderUtils -- Could not detect default configuration classes for test class [org.frcpm.repositories.TeamMemberRepositoryIntegrationTest]: TeamMemberRepositoryIntegrationTest does not declare any static, non-private, non-final, nested classes annotated with @Configuration.
07:47:21.399 [main] INFO org.springframework.boot.test.context.SpringBootTestContextBootstrapper -- Found @SpringBootConfiguration org.frcpm.FrcProjectManagementApplication for test class org.frcpm.repositories.TeamMemberRepositoryIntegrationTest

  .   ____          _            __ _ _
 /\\ / ___'_ __ _ _(_)_ __  __ _ \ \ \ \
( ( )\___ | '_ | '_| | '_ \/ _` | \ \ \ \
 \\/  ___)| |_)| | | | | || (_| |  ) ) ) )
  '  |____| .__|_| |_|_| |_\__, | / / / /
 =========|_|==============|___/=/_/_/_/
 :: Spring Boot ::                (v3.2.0)

Hibernate: drop table if exists attendances cascade 
Hibernate: drop table if exists components cascade 
Hibernate: drop table if exists meetings cascade 
Hibernate: drop table if exists milestones cascade 
Hibernate: drop table if exists projects cascade 
Hibernate: drop table if exists subsystems cascade 
Hibernate: drop table if exists subteams cascade 
Hibernate: drop table if exists task_assignments cascade 
Hibernate: drop table if exists task_components cascade 
Hibernate: drop table if exists task_dependencies cascade 
Hibernate: drop table if exists tasks cascade 
Hibernate: drop table if exists team_members cascade 
Hibernate: create table attendances (arrival_time time(6), departure_time time(6), present boolean not null, id bigint generated by default as identity, meeting_id bigint not null, member_id bigint not null, primary key (id), unique (meeting_id, member_id))
Hibernate: create table components (actual_delivery date, expected_delivery date, is_delivered boolean, id bigint generated by default as identity, part_number varchar(100), description TEXT, name varchar(255) not null, primary key (id))
Hibernate: create table meetings (date date not null, end_time time(6) not null, start_time time(6) not null, id bigint generated by default as identity, project_id bigint not null, notes TEXT, primary key (id))
Hibernate: create table milestones (date date not null, id bigint generated by default as identity, project_id bigint not null, description TEXT, name varchar(255) not null, primary key (id))
Hibernate: create table projects (goal_end_date date not null, hard_deadline date not null, start_date date not null, id bigint generated by default as identity, name varchar(100) not null, description TEXT, primary key (id))
Hibernate: create table subsystems (id bigint generated by default as identity, responsible_subteam_id bigint, name varchar(100) not null, description TEXT, status varchar(255) not null check (status in ('NOT_STARTED','IN_PROGRESS','COMPLETED','TESTING','ISSUES')), primary key (id))
Hibernate: create table subteams (color_code varchar(7) not null, id bigint generated by default as identity, name varchar(100) not null, specialties TEXT, primary key (id))
Hibernate: create table task_assignments (task_id bigint not null, team_member_id bigint not null, primary key (task_id, team_member_id))
Hibernate: create table task_components (component_id bigint not null, task_id bigint not null, primary key (component_id, task_id))
Hibernate: create table task_dependencies (dependency_id bigint not null, task_id bigint not null, primary key (dependency_id, task_id))
Hibernate: create table tasks (completed boolean not null, end_date date, progress integer not null, start_date date, actual_duration_seconds bigint, estimated_duration_seconds bigint not null, id bigint generated by default as identity, project_id bigint not null, subsystem_id bigint not null, description TEXT, priority varchar(255) not null check (priority in ('LOW','MEDIUM','HIGH','CRITICAL')), title varchar(255) not null, primary key (id))
Hibernate: create table team_members (is_leader boolean, id bigint generated by default as identity, subteam_id bigint, phone varchar(15), first_name varchar(150), last_name varchar(150), username varchar(150) not null unique, email varchar(254), skills TEXT, primary key (id))
Hibernate: alter table if exists attendances add constraint FK3i5ab1v2ad6wbm2rwhxbtm55u foreign key (meeting_id) references meetings
Hibernate: alter table if exists attendances add constraint FKb3g1rvha5qvyh1xik0bo6fghp foreign key (member_id) references team_members
Hibernate: alter table if exists meetings add constraint FKbt3vmcde0efob60esnfkyaeg0 foreign key (project_id) references projects
Hibernate: alter table if exists milestones add constraint FK2a7fp7wfu0qc1pq3wiifbksge foreign key (project_id) references projects
Hibernate: alter table if exists subsystems add constraint FK6w4rk9yygp8j1dhs91d0qt8vp foreign key (responsible_subteam_id) references subteams
Hibernate: alter table if exists task_assignments add constraint FKqyivind1lu4axk93y5m7vcx7i foreign key (team_member_id) references team_members
Hibernate: alter table if exists task_assignments add constraint FKk36vhf9tt6t3woselwnkis6v6 foreign key (task_id) references tasks
Hibernate: alter table if exists task_components add constraint FK5irpaispcx79xwy6n1qomaxnv foreign key (component_id) references components
Hibernate: alter table if exists task_components add constraint FKjvcgnyl1ttc41nv55hjvnnft1 foreign key (task_id) references tasks
Hibernate: alter table if exists task_dependencies add constraint FKnwfxktx9emcwsylqofad5cxbx foreign key (dependency_id) references tasks
Hibernate: alter table if exists task_dependencies add constraint FKerlktvi2bud6uauih348u0loj foreign key (task_id) references tasks
Hibernate: alter table if exists tasks add constraint FKsfhn82y57i3k9uxww1s007acc foreign key (project_id) references projects
Hibernate: alter table if exists tasks add constraint FK3tj2dchxxvxu2te3uwgjakx76 foreign key (subsystem_id) references subsystems
Hibernate: alter table if exists team_members add constraint FKnjkvjfudwwytv2aiuha5wyvqx foreign key (subteam_id) references subteams
Hibernate: insert into team_members (email,first_name,last_name,is_leader,phone,skills,subteam_id,username,id) values (?,?,?,?,?,?,?,?,default)
Hibernate: insert into team_members (email,first_name,last_name,is_leader,phone,skills,subteam_id,username,id) values (?,?,?,?,?,?,?,?,default)
Hibernate: select tm1_0.id,tm1_0.email,tm1_0.first_name,tm1_0.last_name,tm1_0.is_leader,tm1_0.phone,tm1_0.skills,tm1_0.subteam_id,tm1_0.username from team_members tm1_0 where upper(tm1_0.first_name) like upper(?) escape '\'
]]></system-out>
    <system-err><![CDATA[WARNING: A Java agent has been loaded dynamically (C:\Users\dhiebert\.m2\repository\net\bytebuddy\byte-buddy-agent\1.14.10\byte-buddy-agent-1.14.10.jar)
WARNING: If a serviceability tool is in use, please run with -XX:+EnableDynamicAgentLoading to hide this warning
WARNING: If a serviceability tool is not in use, please run with -Djdk.instrument.traceUsage for more information
WARNING: Dynamic loading of agents will be disallowed by default in a future release
]]></system-err>
  </testcase>
  <testcase name="testFullNameGeneration" classname="org.frcpm.repositories.TeamMemberRepositoryIntegrationTest" time="0.015">
    <system-out><![CDATA[Hibernate: insert into team_members (email,first_name,last_name,is_leader,phone,skills,subteam_id,username,id) values (?,?,?,?,?,?,?,?,default)
]]></system-out>
  </testcase>
  <testcase name="testFindAll" classname="org.frcpm.repositories.TeamMemberRepositoryIntegrationTest" time="0.014">
    <system-out><![CDATA[Hibernate: insert into team_members (email,first_name,last_name,is_leader,phone,skills,subteam_id,username,id) values (?,?,?,?,?,?,?,?,default)
Hibernate: insert into team_members (email,first_name,last_name,is_leader,phone,skills,subteam_id,username,id) values (?,?,?,?,?,?,?,?,default)
Hibernate: select tm1_0.id,tm1_0.email,tm1_0.first_name,tm1_0.last_name,tm1_0.is_leader,tm1_0.phone,tm1_0.skills,tm1_0.subteam_id,tm1_0.username from team_members tm1_0
]]></system-out>
  </testcase>
  <testcase name="testCount" classname="org.frcpm.repositories.TeamMemberRepositoryIntegrationTest" time="0.032">
    <system-out><![CDATA[Hibernate: select count(*) from team_members tm1_0
Hibernate: insert into team_members (email,first_name,last_name,is_leader,phone,skills,subteam_id,username,id) values (?,?,?,?,?,?,?,?,default)
Hibernate: insert into team_members (email,first_name,last_name,is_leader,phone,skills,subteam_id,username,id) values (?,?,?,?,?,?,?,?,default)
Hibernate: select count(*) from team_members tm1_0
]]></system-out>
  </testcase>
  <testcase name="testFindByName" classname="org.frcpm.repositories.TeamMemberRepositoryIntegrationTest" time="0.021">
    <system-out><![CDATA[Hibernate: insert into team_members (email,first_name,last_name,is_leader,phone,skills,subteam_id,username,id) values (?,?,?,?,?,?,?,?,default)
Hibernate: insert into team_members (email,first_name,last_name,is_leader,phone,skills,subteam_id,username,id) values (?,?,?,?,?,?,?,?,default)
Hibernate: select tm1_0.id,tm1_0.email,tm1_0.first_name,tm1_0.last_name,tm1_0.is_leader,tm1_0.phone,tm1_0.skills,tm1_0.subteam_id,tm1_0.username from team_members tm1_0 where lower((tm1_0.first_name||' '||tm1_0.last_name)) like lower(('%'||?||'%')) escape ''
Hibernate: select tm1_0.id,tm1_0.email,tm1_0.first_name,tm1_0.last_name,tm1_0.is_leader,tm1_0.phone,tm1_0.skills,tm1_0.subteam_id,tm1_0.username from team_members tm1_0 where lower((tm1_0.first_name||' '||tm1_0.last_name)) like lower(('%'||?||'%')) escape ''
]]></system-out>
  </testcase>
  <testcase name="testFindByEmail_NotFound" classname="org.frcpm.repositories.TeamMemberRepositoryIntegrationTest" time="0.018">
    <system-out><![CDATA[Hibernate: insert into team_members (email,first_name,last_name,is_leader,phone,skills,subteam_id,username,id) values (?,?,?,?,?,?,?,?,default)
Hibernate: select tm1_0.id,tm1_0.email,tm1_0.first_name,tm1_0.last_name,tm1_0.is_leader,tm1_0.phone,tm1_0.skills,tm1_0.subteam_id,tm1_0.username from team_members tm1_0 where tm1_0.email=?
]]></system-out>
  </testcase>
  <testcase name="testCountByLeaderTrue" classname="org.frcpm.repositories.TeamMemberRepositoryIntegrationTest" time="0.015">
    <system-out><![CDATA[Hibernate: insert into team_members (email,first_name,last_name,is_leader,phone,skills,subteam_id,username,id) values (?,?,?,?,?,?,?,?,default)
Hibernate: insert into team_members (email,first_name,last_name,is_leader,phone,skills,subteam_id,username,id) values (?,?,?,?,?,?,?,?,default)
Hibernate: insert into team_members (email,first_name,last_name,is_leader,phone,skills,subteam_id,username,id) values (?,?,?,?,?,?,?,?,default)
Hibernate: select count(tm1_0.id) from team_members tm1_0 where tm1_0.is_leader
]]></system-out>
  </testcase>
  <testcase name="testFindByLeaderTrue" classname="org.frcpm.repositories.TeamMemberRepositoryIntegrationTest" time="0.014">
    <system-out><![CDATA[Hibernate: insert into team_members (email,first_name,last_name,is_leader,phone,skills,subteam_id,username,id) values (?,?,?,?,?,?,?,?,default)
Hibernate: insert into team_members (email,first_name,last_name,is_leader,phone,skills,subteam_id,username,id) values (?,?,?,?,?,?,?,?,default)
Hibernate: select tm1_0.id,tm1_0.email,tm1_0.first_name,tm1_0.last_name,tm1_0.is_leader,tm1_0.phone,tm1_0.skills,tm1_0.subteam_id,tm1_0.username from team_members tm1_0 where tm1_0.is_leader
]]></system-out>
  </testcase>
  <testcase name="testCountBySubteam" classname="org.frcpm.repositories.TeamMemberRepositoryIntegrationTest" time="0.029">
    <system-out><![CDATA[Hibernate: insert into subteams (color_code,name,specialties,id) values (?,?,?,default)
Hibernate: insert into subteams (color_code,name,specialties,id) values (?,?,?,default)
Hibernate: insert into team_members (email,first_name,last_name,is_leader,phone,skills,subteam_id,username,id) values (?,?,?,?,?,?,?,?,default)
Hibernate: insert into team_members (email,first_name,last_name,is_leader,phone,skills,subteam_id,username,id) values (?,?,?,?,?,?,?,?,default)
Hibernate: insert into team_members (email,first_name,last_name,is_leader,phone,skills,subteam_id,username,id) values (?,?,?,?,?,?,?,?,default)
Hibernate: select count(tm1_0.id) from team_members tm1_0 where tm1_0.subteam_id=?
Hibernate: select count(tm1_0.id) from team_members tm1_0 where tm1_0.subteam_id=?
]]></system-out>
  </testcase>
  <testcase name="testUniqueConstraint_Username" classname="org.frcpm.repositories.TeamMemberRepositoryIntegrationTest" time="0.022">
    <error message="could not execute statement [Unique index or primary key violation: &quot;PUBLIC.CONSTRAINT_INDEX_37 ON PUBLIC.TEAM_MEMBERS(USERNAME NULLS FIRST) VALUES ( /* 19 */ &apos;testuser&apos; )&quot;; SQL statement:&#10;insert into team_members (email,first_name,last_name,is_leader,phone,skills,subteam_id,username,id) values (?,?,?,?,?,?,?,?,default) [23505-224]] [insert into team_members (email,first_name,last_name,is_leader,phone,skills,subteam_id,username,id) values (?,?,?,?,?,?,?,?,default)]; SQL [insert into team_members (email,first_name,last_name,is_leader,phone,skills,subteam_id,username,id) values (?,?,?,?,?,?,?,?,default)]; constraint [&quot;PUBLIC.CONSTRAINT_INDEX_37 ON PUBLIC.TEAM_MEMBERS(USERNAME NULLS FIRST) VALUES ( /* 19 */ &apos;testuser&apos; )&quot;; SQL statement:&#10;insert into team_members (email,first_name,last_name,is_leader,phone,skills,subteam_id,username,id) values (?,?,?,?,?,?,?,?,default) [23505-224]]" type="org.springframework.dao.DataIntegrityViolationException"><![CDATA[org.springframework.dao.DataIntegrityViolationException: 
could not execute statement [Unique index or primary key violation: "PUBLIC.CONSTRAINT_INDEX_37 ON PUBLIC.TEAM_MEMBERS(USERNAME NULLS FIRST) VALUES ( /* 19 */ 'testuser' )"; SQL statement:
insert into team_members (email,first_name,last_name,is_leader,phone,skills,subteam_id,username,id) values (?,?,?,?,?,?,?,?,default) [23505-224]] [insert into team_members (email,first_name,last_name,is_leader,phone,skills,subteam_id,username,id) values (?,?,?,?,?,?,?,?,default)]; SQL [insert into team_members (email,first_name,last_name,is_leader,phone,skills,subteam_id,username,id) values (?,?,?,?,?,?,?,?,default)]; constraint ["PUBLIC.CONSTRAINT_INDEX_37 ON PUBLIC.TEAM_MEMBERS(USERNAME NULLS FIRST) VALUES ( /* 19 */ 'testuser' )"; SQL statement:
insert into team_members (email,first_name,last_name,is_leader,phone,skills,subteam_id,username,id) values (?,?,?,?,?,?,?,?,default) [23505-224]]
	at org.springframework.orm.jpa.vendor.HibernateJpaDialect.convertHibernateAccessException(HibernateJpaDialect.java:290)
	at org.springframework.orm.jpa.vendor.HibernateJpaDialect.translateExceptionIfPossible(HibernateJpaDialect.java:241)
	at org.springframework.orm.jpa.AbstractEntityManagerFactoryBean.translateExceptionIfPossible(AbstractEntityManagerFactoryBean.java:550)
	at org.springframework.dao.support.ChainedPersistenceExceptionTranslator.translateExceptionIfPossible(ChainedPersistenceExceptionTranslator.java:61)
	at org.springframework.dao.support.DataAccessUtils.translateIfNecessary(DataAccessUtils.java:335)
	at org.springframework.dao.support.PersistenceExceptionTranslationInterceptor.invoke(PersistenceExceptionTranslationInterceptor.java:152)
	at org.springframework.aop.framework.ReflectiveMethodInvocation.proceed(ReflectiveMethodInvocation.java:184)
	at org.springframework.data.jpa.repository.support.CrudMethodMetadataPostProcessor$CrudMethodMetadataPopulatingMethodInterceptor.invoke(CrudMethodMetadataPostProcessor.java:164)
	at org.springframework.aop.framework.ReflectiveMethodInvocation.proceed(ReflectiveMethodInvocation.java:184)
	at org.springframework.aop.interceptor.ExposeInvocationInterceptor.invoke(ExposeInvocationInterceptor.java:97)
	at org.springframework.aop.framework.ReflectiveMethodInvocation.proceed(ReflectiveMethodInvocation.java:184)
	at org.springframework.aop.framework.JdkDynamicAopProxy.invoke(JdkDynamicAopProxy.java:249)
	at jdk.proxy2/jdk.proxy2.$Proxy126.save(Unknown Source)
	at org.frcpm.repositories.TeamMemberRepositoryIntegrationTest.testUniqueConstraint_Username(TeamMemberRepositoryIntegrationTest.java:534)
	at java.base/java.lang.reflect.Method.invoke(Method.java:580)
	at java.base/java.util.ArrayList.forEach(ArrayList.java:1596)
	at java.base/java.util.ArrayList.forEach(ArrayList.java:1596)
Caused by: org.hibernate.exception.ConstraintViolationException: could not execute statement [Unique index or primary key violation: "PUBLIC.CONSTRAINT_INDEX_37 ON PUBLIC.TEAM_MEMBERS(USERNAME NULLS FIRST) VALUES ( /* 19 */ 'testuser' )"; SQL statement:
insert into team_members (email,first_name,last_name,is_leader,phone,skills,subteam_id,username,id) values (?,?,?,?,?,?,?,?,default) [23505-224]] [insert into team_members (email,first_name,last_name,is_leader,phone,skills,subteam_id,username,id) values (?,?,?,?,?,?,?,?,default)]
	at org.hibernate.exception.internal.SQLExceptionTypeDelegate.convert(SQLExceptionTypeDelegate.java:62)
	at org.hibernate.exception.internal.StandardSQLExceptionConverter.convert(StandardSQLExceptionConverter.java:58)
	at org.hibernate.engine.jdbc.spi.SqlExceptionHelper.convert(SqlExceptionHelper.java:108)
	at org.hibernate.engine.jdbc.internal.ResultSetReturnImpl.executeUpdate(ResultSetReturnImpl.java:283)
	at org.hibernate.id.insert.GetGeneratedKeysDelegate.performInsert(GetGeneratedKeysDelegate.java:107)
	at org.hibernate.engine.jdbc.mutation.internal.MutationExecutorPostInsertSingleTable.execute(MutationExecutorPostInsertSingleTable.java:100)
	at org.hibernate.persister.entity.mutation.InsertCoordinator.doStaticInserts(InsertCoordinator.java:171)
	at org.hibernate.persister.entity.mutation.InsertCoordinator.coordinateInsert(InsertCoordinator.java:112)
	at org.hibernate.persister.entity.AbstractEntityPersister.insert(AbstractEntityPersister.java:2860)
	at org.hibernate.action.internal.EntityIdentityInsertAction.execute(EntityIdentityInsertAction.java:81)
	at org.hibernate.engine.spi.ActionQueue.execute(ActionQueue.java:667)
	at org.hibernate.engine.spi.ActionQueue.addResolvedEntityInsertAction(ActionQueue.java:290)
	at org.hibernate.engine.spi.ActionQueue.addInsertAction(ActionQueue.java:271)
	at org.hibernate.engine.spi.ActionQueue.addAction(ActionQueue.java:321)
	at org.hibernate.event.internal.AbstractSaveEventListener.addInsertAction(AbstractSaveEventListener.java:386)
	at org.hibernate.event.internal.AbstractSaveEventListener.performSaveOrReplicate(AbstractSaveEventListener.java:300)
	at org.hibernate.event.internal.AbstractSaveEventListener.performSave(AbstractSaveEventListener.java:219)
	at org.hibernate.event.internal.AbstractSaveEventListener.saveWithGeneratedId(AbstractSaveEventListener.java:134)
	at org.hibernate.event.internal.DefaultPersistEventListener.entityIsTransient(DefaultPersistEventListener.java:175)
	at org.hibernate.event.internal.DefaultPersistEventListener.persist(DefaultPersistEventListener.java:93)
	at org.hibernate.event.internal.DefaultPersistEventListener.onPersist(DefaultPersistEventListener.java:77)
	at org.hibernate.event.internal.DefaultPersistEventListener.onPersist(DefaultPersistEventListener.java:54)
	at org.hibernate.event.service.internal.EventListenerGroupImpl.fireEventOnEachListener(EventListenerGroupImpl.java:127)
	at org.hibernate.internal.SessionImpl.firePersist(SessionImpl.java:766)
	at org.hibernate.internal.SessionImpl.persist(SessionImpl.java:750)
	at java.base/jdk.internal.reflect.DirectMethodHandleAccessor.invoke(DirectMethodHandleAccessor.java:103)
	at java.base/java.lang.reflect.Method.invoke(Method.java:580)
	at org.springframework.orm.jpa.SharedEntityManagerCreator$SharedEntityManagerInvocationHandler.invoke(SharedEntityManagerCreator.java:311)
	at jdk.proxy2/jdk.proxy2.$Proxy112.persist(Unknown Source)
	at org.springframework.data.jpa.repository.support.SimpleJpaRepository.save(SimpleJpaRepository.java:618)
	at java.base/jdk.internal.reflect.DirectMethodHandleAccessor.invoke(DirectMethodHandleAccessor.java:103)
	at java.base/java.lang.reflect.Method.invoke(Method.java:580)
	at org.springframework.aop.support.AopUtils.invokeJoinpointUsingReflection(AopUtils.java:352)
	at org.springframework.data.repository.core.support.RepositoryMethodInvoker$RepositoryFragmentMethodInvoker.lambda$new$0(RepositoryMethodInvoker.java:277)
	at org.springframework.data.repository.core.support.RepositoryMethodInvoker.doInvoke(RepositoryMethodInvoker.java:170)
	at org.springframework.data.repository.core.support.RepositoryMethodInvoker.invoke(RepositoryMethodInvoker.java:158)
	at org.springframework.data.repository.core.support.RepositoryComposition$RepositoryFragments.invoke(RepositoryComposition.java:516)
	at org.springframework.data.repository.core.support.RepositoryComposition.invoke(RepositoryComposition.java:285)
	at org.springframework.data.repository.core.support.RepositoryFactorySupport$ImplementationMethodExecutionInterceptor.invoke(RepositoryFactorySupport.java:628)
	at org.springframework.aop.framework.ReflectiveMethodInvocation.proceed(ReflectiveMethodInvocation.java:184)
	at org.springframework.data.repository.core.support.QueryExecutorMethodInterceptor.doInvoke(QueryExecutorMethodInterceptor.java:168)
	at org.springframework.data.repository.core.support.QueryExecutorMethodInterceptor.invoke(QueryExecutorMethodInterceptor.java:143)
	at org.springframework.aop.framework.ReflectiveMethodInvocation.proceed(ReflectiveMethodInvocation.java:184)
	at org.springframework.data.projection.DefaultMethodInvokingMethodInterceptor.invoke(DefaultMethodInvokingMethodInterceptor.java:70)
	at org.springframework.aop.framework.ReflectiveMethodInvocation.proceed(ReflectiveMethodInvocation.java:184)
	at org.springframework.transaction.interceptor.TransactionInterceptor$1.proceedWithInvocation(TransactionInterceptor.java:123)
	at org.springframework.transaction.interceptor.TransactionAspectSupport.invokeWithinTransaction(TransactionAspectSupport.java:385)
	at org.springframework.transaction.interceptor.TransactionInterceptor.invoke(TransactionInterceptor.java:119)
	at org.springframework.aop.framework.ReflectiveMethodInvocation.proceed(ReflectiveMethodInvocation.java:184)
	at org.springframework.dao.support.PersistenceExceptionTranslationInterceptor.invoke(PersistenceExceptionTranslationInterceptor.java:137)
	... 11 more
Caused by: org.h2.jdbc.JdbcSQLIntegrityConstraintViolationException: Unique index or primary key violation: "PUBLIC.CONSTRAINT_INDEX_37 ON PUBLIC.TEAM_MEMBERS(USERNAME NULLS FIRST) VALUES ( /* 19 */ 'testuser' )"; SQL statement:
insert into team_members (email,first_name,last_name,is_leader,phone,skills,subteam_id,username,id) values (?,?,?,?,?,?,?,?,default) [23505-224]
	at org.h2.message.DbException.getJdbcSQLException(DbException.java:520)
	at org.h2.message.DbException.getJdbcSQLException(DbException.java:489)
	at org.h2.message.DbException.get(DbException.java:223)
	at org.h2.message.DbException.get(DbException.java:199)
	at org.h2.index.Index.getDuplicateKeyException(Index.java:527)
	at org.h2.mvstore.db.MVSecondaryIndex.checkUnique(MVSecondaryIndex.java:223)
	at org.h2.mvstore.db.MVSecondaryIndex.add(MVSecondaryIndex.java:184)
	at org.h2.mvstore.db.MVTable.addRow(MVTable.java:519)
	at org.h2.command.dml.Insert.insertRows(Insert.java:174)
	at org.h2.command.dml.Insert.update(Insert.java:135)
	at org.h2.command.CommandContainer.executeUpdateWithGeneratedKeys(CommandContainer.java:242)
	at org.h2.command.CommandContainer.update(CommandContainer.java:163)
	at org.h2.command.Command.executeUpdate(Command.java:256)
	at org.h2.jdbc.JdbcPreparedStatement.executeUpdateInternal(JdbcPreparedStatement.java:216)
	at org.h2.jdbc.JdbcPreparedStatement.executeUpdate(JdbcPreparedStatement.java:174)
	at org.hibernate.engine.jdbc.internal.ResultSetReturnImpl.executeUpdate(ResultSetReturnImpl.java:280)
	... 57 more
]]></error>
    <system-out><![CDATA[Hibernate: insert into team_members (email,first_name,last_name,is_leader,phone,skills,subteam_id,username,id) values (?,?,?,?,?,?,?,?,default)
Hibernate: insert into team_members (email,first_name,last_name,is_leader,phone,skills,subteam_id,username,id) values (?,?,?,?,?,?,?,?,default)
2025-06-17 07:47:27 - Unique index or primary key violation: "PUBLIC.CONSTRAINT_INDEX_37 ON PUBLIC.TEAM_MEMBERS(USERNAME NULLS FIRST) VALUES ( /* 19 */ 'testuser' )"; SQL statement:
insert into team_members (email,first_name,last_name,is_leader,phone,skills,subteam_id,username,id) values (?,?,?,?,?,?,?,?,default) [23505-224]
]]></system-out>
  </testcase>
  <testcase name="testFindBySkillsContainingIgnoreCase" classname="org.frcpm.repositories.TeamMemberRepositoryIntegrationTest" time="0.028">
    <system-out><![CDATA[Hibernate: insert into team_members (email,first_name,last_name,is_leader,phone,skills,subteam_id,username,id) values (?,?,?,?,?,?,?,?,default)
Hibernate: insert into team_members (email,first_name,last_name,is_leader,phone,skills,subteam_id,username,id) values (?,?,?,?,?,?,?,?,default)
Hibernate: select distinct tm1_0.id,tm1_0.email,tm1_0.first_name,tm1_0.last_name,tm1_0.is_leader,tm1_0.phone,tm1_0.skills,tm1_0.subteam_id,tm1_0.username from team_members tm1_0 where exists(select 1 from team_members tm2_0 where tm2_0.id=tm1_0.id and (lower(tm2_0.skills) like lower(('%'||?||'%')) escape ''))
]]></system-out>
  </testcase>
  <testcase name="testFindBySkillsContainingIgnoreCase_NoMatch" classname="org.frcpm.repositories.TeamMemberRepositoryIntegrationTest" time="0.009">
    <system-out><![CDATA[Hibernate: insert into team_members (email,first_name,last_name,is_leader,phone,skills,subteam_id,username,id) values (?,?,?,?,?,?,?,?,default)
Hibernate: insert into team_members (email,first_name,last_name,is_leader,phone,skills,subteam_id,username,id) values (?,?,?,?,?,?,?,?,default)
Hibernate: select distinct tm1_0.id,tm1_0.email,tm1_0.first_name,tm1_0.last_name,tm1_0.is_leader,tm1_0.phone,tm1_0.skills,tm1_0.subteam_id,tm1_0.username from team_members tm1_0 where exists(select 1 from team_members tm2_0 where tm2_0.id=tm1_0.id and (lower(tm2_0.skills) like lower(('%'||?||'%')) escape ''))
]]></system-out>
  </testcase>
  <testcase name="testFindByUsername" classname="org.frcpm.repositories.TeamMemberRepositoryIntegrationTest" time="0.014">
    <system-out><![CDATA[Hibernate: insert into team_members (email,first_name,last_name,is_leader,phone,skills,subteam_id,username,id) values (?,?,?,?,?,?,?,?,default)
Hibernate: select tm1_0.id,tm1_0.email,tm1_0.first_name,tm1_0.last_name,tm1_0.is_leader,tm1_0.phone,tm1_0.skills,tm1_0.subteam_id,tm1_0.username from team_members tm1_0 where tm1_0.username=?
]]></system-out>
  </testcase>
  <testcase name="testFindLeaders" classname="org.frcpm.repositories.TeamMemberRepositoryIntegrationTest" time="0.013">
    <system-out><![CDATA[Hibernate: insert into team_members (email,first_name,last_name,is_leader,phone,skills,subteam_id,username,id) values (?,?,?,?,?,?,?,?,default)
Hibernate: insert into team_members (email,first_name,last_name,is_leader,phone,skills,subteam_id,username,id) values (?,?,?,?,?,?,?,?,default)
Hibernate: select tm1_0.id,tm1_0.email,tm1_0.first_name,tm1_0.last_name,tm1_0.is_leader,tm1_0.phone,tm1_0.skills,tm1_0.subteam_id,tm1_0.username from team_members tm1_0 where tm1_0.is_leader=true
]]></system-out>
  </testcase>
  <testcase name="testFindByLeaderFalse" classname="org.frcpm.repositories.TeamMemberRepositoryIntegrationTest" time="0.023">
    <system-out><![CDATA[Hibernate: insert into team_members (email,first_name,last_name,is_leader,phone,skills,subteam_id,username,id) values (?,?,?,?,?,?,?,?,default)
Hibernate: insert into team_members (email,first_name,last_name,is_leader,phone,skills,subteam_id,username,id) values (?,?,?,?,?,?,?,?,default)
Hibernate: select tm1_0.id,tm1_0.email,tm1_0.first_name,tm1_0.last_name,tm1_0.is_leader,tm1_0.phone,tm1_0.skills,tm1_0.subteam_id,tm1_0.username from team_members tm1_0 where not(tm1_0.is_leader)
]]></system-out>
  </testcase>
  <testcase name="testLeadershipStatusManagement" classname="org.frcpm.repositories.TeamMemberRepositoryIntegrationTest" time="0.067">
    <system-out><![CDATA[Hibernate: insert into team_members (email,first_name,last_name,is_leader,phone,skills,subteam_id,username,id) values (?,?,?,?,?,?,?,?,default)
Hibernate: select tm1_0.id,tm1_0.email,tm1_0.first_name,tm1_0.last_name,tm1_0.is_leader,tm1_0.phone,tm1_0.skills,tm1_0.subteam_id,tm1_0.username from team_members tm1_0 where tm1_0.is_leader
Hibernate: update team_members set email=?,first_name=?,last_name=?,is_leader=?,phone=?,skills=?,subteam_id=?,username=? where id=?
Hibernate: select tm1_0.id,tm1_0.email,tm1_0.first_name,tm1_0.last_name,tm1_0.is_leader,tm1_0.phone,tm1_0.skills,tm1_0.subteam_id,tm1_0.username from team_members tm1_0 where tm1_0.is_leader
]]></system-out>
  </testcase>
  <testcase name="testSkillsManagement" classname="org.frcpm.repositories.TeamMemberRepositoryIntegrationTest" time="0.021">
    <system-out><![CDATA[Hibernate: insert into team_members (email,first_name,last_name,is_leader,phone,skills,subteam_id,username,id) values (?,?,?,?,?,?,?,?,default)
Hibernate: update team_members set email=?,first_name=?,last_name=?,is_leader=?,phone=?,skills=?,subteam_id=?,username=? where id=?
Hibernate: select distinct tm1_0.id,tm1_0.email,tm1_0.first_name,tm1_0.last_name,tm1_0.is_leader,tm1_0.phone,tm1_0.skills,tm1_0.subteam_id,tm1_0.username from team_members tm1_0 where exists(select 1 from team_members tm2_0 where tm2_0.id=tm1_0.id and (lower(tm2_0.skills) like lower(('%'||?||'%')) escape ''))
]]></system-out>
  </testcase>
  <testcase name="testFindByUsernameOrEmail_NotFound" classname="org.frcpm.repositories.TeamMemberRepositoryIntegrationTest" time="0.01">
    <system-out><![CDATA[Hibernate: insert into team_members (email,first_name,last_name,is_leader,phone,skills,subteam_id,username,id) values (?,?,?,?,?,?,?,?,default)
Hibernate: select tm1_0.id,tm1_0.email,tm1_0.first_name,tm1_0.last_name,tm1_0.is_leader,tm1_0.phone,tm1_0.skills,tm1_0.subteam_id,tm1_0.username from team_members tm1_0 where tm1_0.username=? or tm1_0.email=?
]]></system-out>
  </testcase>
  <testcase name="testFindByEmail" classname="org.frcpm.repositories.TeamMemberRepositoryIntegrationTest" time="0.008">
    <system-out><![CDATA[Hibernate: insert into team_members (email,first_name,last_name,is_leader,phone,skills,subteam_id,username,id) values (?,?,?,?,?,?,?,?,default)
Hibernate: select tm1_0.id,tm1_0.email,tm1_0.first_name,tm1_0.last_name,tm1_0.is_leader,tm1_0.phone,tm1_0.skills,tm1_0.subteam_id,tm1_0.username from team_members tm1_0 where tm1_0.email=?
]]></system-out>
  </testcase>
  <testcase name="testSubteamAssignmentChange" classname="org.frcpm.repositories.TeamMemberRepositoryIntegrationTest" time="0.012">
    <system-out><![CDATA[Hibernate: insert into subteams (color_code,name,specialties,id) values (?,?,?,default)
Hibernate: insert into subteams (color_code,name,specialties,id) values (?,?,?,default)
Hibernate: insert into team_members (email,first_name,last_name,is_leader,phone,skills,subteam_id,username,id) values (?,?,?,?,?,?,?,?,default)
Hibernate: update team_members set email=?,first_name=?,last_name=?,is_leader=?,phone=?,skills=?,subteam_id=?,username=? where id=?
Hibernate: select count(tm1_0.id) from team_members tm1_0 where tm1_0.subteam_id=?
Hibernate: select count(tm1_0.id) from team_members tm1_0 where tm1_0.subteam_id=?
]]></system-out>
  </testcase>
  <testcase name="testFindByUsernameOrEmail" classname="org.frcpm.repositories.TeamMemberRepositoryIntegrationTest" time="0.013">
    <system-out><![CDATA[Hibernate: insert into team_members (email,first_name,last_name,is_leader,phone,skills,subteam_id,username,id) values (?,?,?,?,?,?,?,?,default)
Hibernate: select tm1_0.id,tm1_0.email,tm1_0.first_name,tm1_0.last_name,tm1_0.is_leader,tm1_0.phone,tm1_0.skills,tm1_0.subteam_id,tm1_0.username from team_members tm1_0 where tm1_0.username=? or tm1_0.email=?
Hibernate: select tm1_0.id,tm1_0.email,tm1_0.first_name,tm1_0.last_name,tm1_0.is_leader,tm1_0.phone,tm1_0.skills,tm1_0.subteam_id,tm1_0.username from team_members tm1_0 where tm1_0.username=? or tm1_0.email=?
]]></system-out>
  </testcase>
  <testcase name="testDeleteById" classname="org.frcpm.repositories.TeamMemberRepositoryIntegrationTest" time="0.036">
    <system-out><![CDATA[Hibernate: insert into team_members (email,first_name,last_name,is_leader,phone,skills,subteam_id,username,id) values (?,?,?,?,?,?,?,?,default)
Hibernate: select count(*) from team_members tm1_0 where tm1_0.id=?
Hibernate: delete from team_members where id=?
Hibernate: select count(*) from team_members tm1_0 where tm1_0.id=?
Hibernate: select tm1_0.id,tm1_0.email,tm1_0.first_name,tm1_0.last_name,tm1_0.is_leader,tm1_0.phone,tm1_0.skills,tm1_0.subteam_id,tm1_0.username from team_members tm1_0 where tm1_0.id=?
]]></system-out>
  </testcase>
  <testcase name="testFindByUsername_NotFound" classname="org.frcpm.repositories.TeamMemberRepositoryIntegrationTest" time="0.009">
    <system-out><![CDATA[Hibernate: insert into team_members (email,first_name,last_name,is_leader,phone,skills,subteam_id,username,id) values (?,?,?,?,?,?,?,?,default)
Hibernate: select tm1_0.id,tm1_0.email,tm1_0.first_name,tm1_0.last_name,tm1_0.is_leader,tm1_0.phone,tm1_0.skills,tm1_0.subteam_id,tm1_0.username from team_members tm1_0 where tm1_0.username=?
]]></system-out>
  </testcase>
  <testcase name="testFindBySubteamIsNull" classname="org.frcpm.repositories.TeamMemberRepositoryIntegrationTest" time="0.013">
    <system-out><![CDATA[Hibernate: insert into subteams (color_code,name,specialties,id) values (?,?,?,default)
Hibernate: insert into team_members (email,first_name,last_name,is_leader,phone,skills,subteam_id,username,id) values (?,?,?,?,?,?,?,?,default)
Hibernate: insert into team_members (email,first_name,last_name,is_leader,phone,skills,subteam_id,username,id) values (?,?,?,?,?,?,?,?,default)
Hibernate: select tm1_0.id,tm1_0.email,tm1_0.first_name,tm1_0.last_name,tm1_0.is_leader,tm1_0.phone,tm1_0.skills,tm1_0.subteam_id,tm1_0.username from team_members tm1_0 where tm1_0.subteam_id is null
]]></system-out>
  </testcase>
  <testcase name="testFindBySubteam" classname="org.frcpm.repositories.TeamMemberRepositoryIntegrationTest" time="0.014">
    <system-out><![CDATA[Hibernate: insert into subteams (color_code,name,specialties,id) values (?,?,?,default)
Hibernate: insert into team_members (email,first_name,last_name,is_leader,phone,skills,subteam_id,username,id) values (?,?,?,?,?,?,?,?,default)
Hibernate: insert into team_members (email,first_name,last_name,is_leader,phone,skills,subteam_id,username,id) values (?,?,?,?,?,?,?,?,default)
Hibernate: select tm1_0.id,tm1_0.email,tm1_0.first_name,tm1_0.last_name,tm1_0.is_leader,tm1_0.phone,tm1_0.skills,tm1_0.subteam_id,tm1_0.username from team_members tm1_0 where tm1_0.subteam_id=?
]]></system-out>
  </testcase>
  <testcase name="testFindBySubteamId" classname="org.frcpm.repositories.TeamMemberRepositoryIntegrationTest" time="0.009">
    <system-out><![CDATA[Hibernate: insert into subteams (color_code,name,specialties,id) values (?,?,?,default)
Hibernate: insert into team_members (email,first_name,last_name,is_leader,phone,skills,subteam_id,username,id) values (?,?,?,?,?,?,?,?,default)
Hibernate: select tm1_0.id,tm1_0.email,tm1_0.first_name,tm1_0.last_name,tm1_0.is_leader,tm1_0.phone,tm1_0.skills,tm1_0.subteam_id,tm1_0.username from team_members tm1_0 where tm1_0.subteam_id=?
]]></system-out>
  </testcase>
  <testcase name="testRemoveSubteamAssignment" classname="org.frcpm.repositories.TeamMemberRepositoryIntegrationTest" time="0.01">
    <system-out><![CDATA[Hibernate: insert into subteams (color_code,name,specialties,id) values (?,?,?,default)
Hibernate: insert into team_members (email,first_name,last_name,is_leader,phone,skills,subteam_id,username,id) values (?,?,?,?,?,?,?,?,default)
Hibernate: update team_members set email=?,first_name=?,last_name=?,is_leader=?,phone=?,skills=?,subteam_id=?,username=? where id=?
Hibernate: select tm1_0.id,tm1_0.email,tm1_0.first_name,tm1_0.last_name,tm1_0.is_leader,tm1_0.phone,tm1_0.skills,tm1_0.subteam_id,tm1_0.username from team_members tm1_0 where tm1_0.subteam_id is null
]]></system-out>
  </testcase>
  <testcase name="testFindByLastNameContainingIgnoreCase" classname="org.frcpm.repositories.TeamMemberRepositoryIntegrationTest" time="0.009">
    <system-out><![CDATA[Hibernate: insert into team_members (email,first_name,last_name,is_leader,phone,skills,subteam_id,username,id) values (?,?,?,?,?,?,?,?,default)
Hibernate: insert into team_members (email,first_name,last_name,is_leader,phone,skills,subteam_id,username,id) values (?,?,?,?,?,?,?,?,default)
Hibernate: select tm1_0.id,tm1_0.email,tm1_0.first_name,tm1_0.last_name,tm1_0.is_leader,tm1_0.phone,tm1_0.skills,tm1_0.subteam_id,tm1_0.username from team_members tm1_0 where upper(tm1_0.last_name) like upper(?) escape '\'
]]></system-out>
  </testcase>
  <testcase name="testSaveAndFindById" classname="org.frcpm.repositories.TeamMemberRepositoryIntegrationTest" time="0.01">
    <system-out><![CDATA[Hibernate: insert into subteams (color_code,name,specialties,id) values (?,?,?,default)
Hibernate: insert into team_members (email,first_name,last_name,is_leader,phone,skills,subteam_id,username,id) values (?,?,?,?,?,?,?,?,default)
]]></system-out>
  </testcase>
  <testcase name="testSubteamRelationship" classname="org.frcpm.repositories.TeamMemberRepositoryIntegrationTest" time="0.014">
    <system-out><![CDATA[Hibernate: insert into subteams (color_code,name,specialties,id) values (?,?,?,default)
Hibernate: insert into team_members (email,first_name,last_name,is_leader,phone,skills,subteam_id,username,id) values (?,?,?,?,?,?,?,?,default)
Hibernate: insert into team_members (email,first_name,last_name,is_leader,phone,skills,subteam_id,username,id) values (?,?,?,?,?,?,?,?,default)
Hibernate: select tm1_0.id,tm1_0.email,tm1_0.first_name,tm1_0.last_name,tm1_0.is_leader,tm1_0.phone,tm1_0.skills,tm1_0.subteam_id,tm1_0.username from team_members tm1_0 where tm1_0.subteam_id=?
]]></system-out>
  </testcase>
</testsuite>