<?xml version="1.0" encoding="UTF-8"?>
<testsuite xmlns:xsi="http://www.w3.org/2001/XMLSchema-instance" xsi:noNamespaceSchemaLocation="https://maven.apache.org/surefire/maven-surefire-plugin/xsd/surefire-test-report-3.0.xsd" version="3.0" name="org.frcpm.controllers.ProjectControllerTest" time="1.643" tests="19" errors="0" skipped="0" failures="0">
  <properties>
[...]
</properties>
  <testcase name="testShowInfoAlert" classname="org.frcpm.controllers.ProjectControllerTest" time="1.269">
    <system-out><![CDATA[10:24:07.179 [main] DEBUG org.hibernate.orm.sql.ast.create - Created new SQL alias : p1_0
10:24:07.179 [main] DEBUG org.hibernate.orm.sql.ast.create - Registration of TableGroup [StandardTableGroup(org.frcpm.models.Project(959663465371700))] with identifierForTableGroup [org.frcpm.models.Project] for NavigablePath [org.frcpm.models.Project] 
10:24:07.179 [main] DEBUG org.hibernate.orm.results.graph.AST - DomainResult Graph:
 \-EntityResultImpl [org.frcpm.models.Project(959663465371700)]
 |  +-BasicFetch [org.frcpm.models.Project(959663465371700).description]
 |  +-BasicFetch [org.frcpm.models.Project(959663465371700).goalEndDate]
 |  +-BasicFetch [org.frcpm.models.Project(959663465371700).hardDeadline]
 |  +-DelayedCollectionFetch [org.frcpm.models.Project(959663465371700).meetings]
 |  +-DelayedCollectionFetch [org.frcpm.models.Project(959663465371700).milestones]
 |  +-BasicFetch [org.frcpm.models.Project(959663465371700).name]
 |  +-BasicFetch [org.frcpm.models.Project(959663465371700).startDate]
 |  \-DelayedCollectionFetch [org.frcpm.models.Project(959663465371700).tasks]

10:24:07.179 [main] DEBUG org.hibernate.orm.sql.ast.tree - SQL AST Tree:
    SelectStatement {
      FromClause {
        StandardTableGroup (p1 : org.frcpm.models.Project(959663465371700)) {
          primaryTableReference : projects as p1_0
        }
      }
    }

10:24:07.179 [main] DEBUG org.hibernate.orm.sql.exec - Skipping reading Query result cache data: cache-enabled = false, cache-mode = NORMAL
10:24:07.179 [main] DEBUG org.hibernate.orm.results - Initializer list:
	  org.frcpm.models.Project(959663465371700).milestones -> DelayedCollectionInitializer(org.frcpm.models.Project(959663465371700).milestones)@726460659 (PluralAttribute(org.frcpm.models.Project.milestones))
	  org.frcpm.models.Project(959663465371700) -> EntityResultInitializer(org.frcpm.models.Project(959663465371700))@2125085331 (SingleTableEntityPersister(org.frcpm.models.Project))
	  org.frcpm.models.Project(959663465371700).tasks -> DelayedCollectionInitializer(org.frcpm.models.Project(959663465371700).tasks)@1785850177 (PluralAttribute(org.frcpm.models.Project.tasks))
	  org.frcpm.models.Project(959663465371700).meetings -> DelayedCollectionInitializer(org.frcpm.models.Project(959663465371700).meetings)@573904188 (PluralAttribute(org.frcpm.models.Project.meetings))

10:24:07.179 [main] DEBUG org.hibernate.SQL - select p1_0.id,p1_0.description,p1_0.goal_end_date,p1_0.hard_deadline,p1_0.name,p1_0.start_date from projects p1_0
10:24:07.181 [main] DEBUG org.hibernate.orm.results - Extracted JDBC value [0] - [1]
10:24:07.181 [main] DEBUG org.hibernate.orm.results.loading.entity - (EntityResultInitializer) Hydrated EntityKey (org.frcpm.models.Project(959663465371700)): 1
10:24:07.181 [main] DEBUG org.hibernate.orm.results.loading.org.hibernate.orm.results.loading.collection - (DelayedCollectionInitializer) Current row collection key : org.frcpm.models.Project(959663465371700).meetings#1
10:24:07.181 [main] DEBUG org.hibernate.orm.results.loading.org.hibernate.orm.results.loading.collection - (DelayedCollectionInitializer) Current row collection key : org.frcpm.models.Project(959663465371700).milestones#1
10:24:07.181 [main] DEBUG org.hibernate.orm.results.loading.org.hibernate.orm.results.loading.collection - (DelayedCollectionInitializer) Current row collection key : org.frcpm.models.Project(959663465371700).tasks#1
10:24:07.181 [main] DEBUG org.hibernate.orm.results.loading.entity - (EntityResultInitializer) Created new entity instance [org.frcpm.models.Project(959663465371700)#1] : 612198802
10:24:07.181 [main] DEBUG org.hibernate.orm.results - Extracted JDBC value [1] - [Competition robot for the 2025 FIRST Robotics Competition]
10:24:07.181 [main] DEBUG org.hibernate.orm.results - Extracted JDBC value [2] - [2025-06-12]
10:24:07.181 [main] DEBUG org.hibernate.orm.results - Extracted JDBC value [3] - [2025-06-26]
10:24:07.181 [main] DEBUG org.hibernate.orm.results - Extracted JDBC value [4] - [FRC 2025 Robot]
10:24:07.181 [main] DEBUG org.hibernate.orm.results - Extracted JDBC value [5] - [2025-05-01]
10:24:07.181 [main] DEBUG org.hibernate.orm.results.loading.entity - (EntityResultInitializer) Done materializing entityInstance : org.frcpm.models.Project(959663465371700)#1
10:24:07.181 [main] DEBUG org.hibernate.orm.results.loading - Calling top-level assembler (0 / 1) : org.hibernate.sql.results.graph.entity.internal.EntityAssembler@40ea25b0
10:24:07.181 [main] DEBUG org.hibernate.orm.results - Extracted JDBC value [0] - [51]
10:24:07.181 [main] DEBUG org.hibernate.orm.results.loading.entity - (EntityResultInitializer) Hydrated EntityKey (org.frcpm.models.Project(959663465371700)): 51
10:24:07.181 [main] DEBUG org.hibernate.orm.results.loading.org.hibernate.orm.results.loading.collection - (DelayedCollectionInitializer) Current row collection key : org.frcpm.models.Project(959663465371700).meetings#51
10:24:07.181 [main] DEBUG org.hibernate.orm.results.loading.org.hibernate.orm.results.loading.collection - (DelayedCollectionInitializer) Current row collection key : org.frcpm.models.Project(959663465371700).milestones#51
10:24:07.181 [main] DEBUG org.hibernate.orm.results.loading.org.hibernate.orm.results.loading.collection - (DelayedCollectionInitializer) Current row collection key : org.frcpm.models.Project(959663465371700).tasks#51
10:24:07.182 [main] DEBUG org.hibernate.orm.results.loading.entity - (EntityResultInitializer) Created new entity instance [org.frcpm.models.Project(959663465371700)#51] : 911328461
10:24:07.182 [main] DEBUG org.hibernate.orm.results - Extracted JDBC value [1] - [null]
10:24:07.182 [main] DEBUG org.hibernate.orm.results - Extracted JDBC value [2] - [2025-05-23]
10:24:07.182 [main] DEBUG org.hibernate.orm.results - Extracted JDBC value [3] - [2025-06-06]
10:24:07.182 [main] DEBUG org.hibernate.orm.results - Extracted JDBC value [4] - [Test Count Project]
10:24:07.182 [main] DEBUG org.hibernate.orm.results - Extracted JDBC value [5] - [2025-04-25]
10:24:07.182 [main] DEBUG org.hibernate.orm.results.loading.entity - (EntityResultInitializer) Done materializing entityInstance : org.frcpm.models.Project(959663465371700)#51
10:24:07.182 [main] DEBUG org.hibernate.orm.results.loading - Calling top-level assembler (0 / 1) : org.hibernate.sql.results.graph.entity.internal.EntityAssembler@40ea25b0
10:24:07.182 [main] DEBUG org.hibernate.orm.results - Extracted JDBC value [0] - [54]
10:24:07.182 [main] DEBUG org.hibernate.orm.results.loading.entity - (EntityResultInitializer) Hydrated EntityKey (org.frcpm.models.Project(959663465371700)): 54
10:24:07.182 [main] DEBUG org.hibernate.orm.results.loading.org.hibernate.orm.results.loading.collection - (DelayedCollectionInitializer) Current row collection key : org.frcpm.models.Project(959663465371700).meetings#54
10:24:07.182 [main] DEBUG org.hibernate.orm.results.loading.org.hibernate.orm.results.loading.collection - (DelayedCollectionInitializer) Current row collection key : org.frcpm.models.Project(959663465371700).milestones#54
10:24:07.182 [main] DEBUG org.hibernate.orm.results.loading.org.hibernate.orm.results.loading.collection - (DelayedCollectionInitializer) Current row collection key : org.frcpm.models.Project(959663465371700).tasks#54
10:24:07.182 [main] DEBUG org.hibernate.orm.results.loading.entity - (EntityResultInitializer) Created new entity instance [org.frcpm.models.Project(959663465371700)#54] : 2027663395
10:24:07.182 [main] DEBUG org.hibernate.orm.results - Extracted JDBC value [1] - [Test save description]
10:24:07.182 [main] DEBUG org.hibernate.orm.results - Extracted JDBC value [2] - [2025-05-23]
10:24:07.182 [main] DEBUG org.hibernate.orm.results - Extracted JDBC value [3] - [2025-06-06]
10:24:07.182 [main] DEBUG org.hibernate.orm.results - Extracted JDBC value [4] - [Test Save Project]
10:24:07.182 [main] DEBUG org.hibernate.orm.results - Extracted JDBC value [5] - [2025-04-25]
10:24:07.182 [main] DEBUG org.hibernate.orm.results.loading.entity - (EntityResultInitializer) Done materializing entityInstance : org.frcpm.models.Project(959663465371700)#54
10:24:07.182 [main] DEBUG org.hibernate.orm.results.loading - Calling top-level assembler (0 / 1) : org.hibernate.sql.results.graph.entity.internal.EntityAssembler@40ea25b0
10:24:07.182 [main] DEBUG org.hibernate.orm.results - Extracted JDBC value [0] - [69]
10:24:07.182 [main] DEBUG org.hibernate.orm.results.loading.entity - (EntityResultInitializer) Hydrated EntityKey (org.frcpm.models.Project(959663465371700)): 69
10:24:07.182 [main] DEBUG org.hibernate.orm.results.loading.org.hibernate.orm.results.loading.collection - (DelayedCollectionInitializer) Current row collection key : org.frcpm.models.Project(959663465371700).meetings#69
10:24:07.182 [main] DEBUG org.hibernate.orm.results.loading.org.hibernate.orm.results.loading.collection - (DelayedCollectionInitializer) Current row collection key : org.frcpm.models.Project(959663465371700).milestones#69
10:24:07.182 [main] DEBUG org.hibernate.orm.results.loading.org.hibernate.orm.results.loading.collection - (DelayedCollectionInitializer) Current row collection key : org.frcpm.models.Project(959663465371700).tasks#69
10:24:07.182 [main] DEBUG org.hibernate.orm.results.loading.entity - (EntityResultInitializer) Created new entity instance [org.frcpm.models.Project(959663465371700)#69] : 2015868288
10:24:07.182 [main] DEBUG org.hibernate.orm.results - Extracted JDBC value [1] - [null]
10:24:07.182 [main] DEBUG org.hibernate.orm.results - Extracted JDBC value [2] - [2025-05-23]
10:24:07.182 [main] DEBUG org.hibernate.orm.results - Extracted JDBC value [3] - [2025-06-06]
10:24:07.182 [main] DEBUG org.hibernate.orm.results - Extracted JDBC value [4] - [Updated Project Name]
10:24:07.182 [main] DEBUG org.hibernate.orm.results - Extracted JDBC value [5] - [2025-04-25]
10:24:07.182 [main] DEBUG org.hibernate.orm.results.loading.entity - (EntityResultInitializer) Done materializing entityInstance : org.frcpm.models.Project(959663465371700)#69
10:24:07.182 [main] DEBUG org.hibernate.orm.results.loading - Calling top-level assembler (0 / 1) : org.hibernate.sql.results.graph.entity.internal.EntityAssembler@40ea25b0
10:24:07.182 [main] DEBUG org.hibernate.orm.results - Extracted JDBC value [0] - [70]
10:24:07.182 [main] DEBUG org.hibernate.orm.results.loading.entity - (EntityResultInitializer) Hydrated EntityKey (org.frcpm.models.Project(959663465371700)): 70
10:24:07.182 [main] DEBUG org.hibernate.orm.results.loading.org.hibernate.orm.results.loading.collection - (DelayedCollectionInitializer) Current row collection key : org.frcpm.models.Project(959663465371700).meetings#70
10:24:07.182 [main] DEBUG org.hibernate.orm.results.loading.org.hibernate.orm.results.loading.collection - (DelayedCollectionInitializer) Current row collection key : org.frcpm.models.Project(959663465371700).milestones#70
10:24:07.182 [main] DEBUG org.hibernate.orm.results.loading.org.hibernate.orm.results.loading.collection - (DelayedCollectionInitializer) Current row collection key : org.frcpm.models.Project(959663465371700).tasks#70
10:24:07.182 [main] DEBUG org.hibernate.orm.results.loading.entity - (EntityResultInitializer) Created new entity instance [org.frcpm.models.Project(959663465371700)#70] : 540697999
10:24:07.182 [main] DEBUG org.hibernate.orm.results - Extracted JDBC value [1] - [null]
10:24:07.182 [main] DEBUG org.hibernate.orm.results - Extracted JDBC value [2] - [2025-06-06]
10:24:07.182 [main] DEBUG org.hibernate.orm.results - Extracted JDBC value [3] - [2025-06-20]
10:24:07.182 [main] DEBUG org.hibernate.orm.results - Extracted JDBC value [4] - [Test Task Project]
10:24:07.182 [main] DEBUG org.hibernate.orm.results - Extracted JDBC value [5] - [2025-04-25]
10:24:07.182 [main] DEBUG org.hibernate.orm.results.loading.entity - (EntityResultInitializer) Done materializing entityInstance : org.frcpm.models.Project(959663465371700)#70
10:24:07.182 [main] DEBUG org.hibernate.orm.results.loading - Calling top-level assembler (0 / 1) : org.hibernate.sql.results.graph.entity.internal.EntityAssembler@40ea25b0
10:24:07.182 [main] DEBUG org.hibernate.orm.results - Extracted JDBC value [0] - [71]
10:24:07.182 [main] DEBUG org.hibernate.orm.results.loading.entity - (EntityResultInitializer) Hydrated EntityKey (org.frcpm.models.Project(959663465371700)): 71
10:24:07.182 [main] DEBUG org.hibernate.orm.results.loading.org.hibernate.orm.results.loading.collection - (DelayedCollectionInitializer) Current row collection key : org.frcpm.models.Project(959663465371700).meetings#71
10:24:07.182 [main] DEBUG org.hibernate.orm.results.loading.org.hibernate.orm.results.loading.collection - (DelayedCollectionInitializer) Current row collection key : org.frcpm.models.Project(959663465371700).milestones#71
10:24:07.182 [main] DEBUG org.hibernate.orm.results.loading.org.hibernate.orm.results.loading.collection - (DelayedCollectionInitializer) Current row collection key : org.frcpm.models.Project(959663465371700).tasks#71
10:24:07.182 [main] DEBUG org.hibernate.orm.results.loading.entity - (EntityResultInitializer) Created new entity instance [org.frcpm.models.Project(959663465371700)#71] : 133462382
10:24:07.182 [main] DEBUG org.hibernate.orm.results - Extracted JDBC value [1] - [null]
10:24:07.182 [main] DEBUG org.hibernate.orm.results - Extracted JDBC value [2] - [2025-06-06]
10:24:07.182 [main] DEBUG org.hibernate.orm.results - Extracted JDBC value [3] - [2025-06-20]
10:24:07.182 [main] DEBUG org.hibernate.orm.results - Extracted JDBC value [4] - [Test Task Project]
10:24:07.182 [main] DEBUG org.hibernate.orm.results - Extracted JDBC value [5] - [2025-04-25]
10:24:07.182 [main] DEBUG org.hibernate.orm.results.loading.entity - (EntityResultInitializer) Done materializing entityInstance : org.frcpm.models.Project(959663465371700)#71
10:24:07.182 [main] DEBUG org.hibernate.orm.results.loading - Calling top-level assembler (0 / 1) : org.hibernate.sql.results.graph.entity.internal.EntityAssembler@40ea25b0
10:24:07.182 [main] DEBUG org.hibernate.orm.results - Extracted JDBC value [0] - [72]
10:24:07.182 [main] DEBUG org.hibernate.orm.results.loading.entity - (EntityResultInitializer) Hydrated EntityKey (org.frcpm.models.Project(959663465371700)): 72
10:24:07.182 [main] DEBUG org.hibernate.orm.results.loading.org.hibernate.orm.results.loading.collection - (DelayedCollectionInitializer) Current row collection key : org.frcpm.models.Project(959663465371700).meetings#72
10:24:07.182 [main] DEBUG org.hibernate.orm.results.loading.org.hibernate.orm.results.loading.collection - (DelayedCollectionInitializer) Current row collection key : org.frcpm.models.Project(959663465371700).milestones#72
10:24:07.182 [main] DEBUG org.hibernate.orm.results.loading.org.hibernate.orm.results.loading.collection - (DelayedCollectionInitializer) Current row collection key : org.frcpm.models.Project(959663465371700).tasks#72
10:24:07.182 [main] DEBUG org.hibernate.orm.results.loading.entity - (EntityResultInitializer) Created new entity instance [org.frcpm.models.Project(959663465371700)#72] : 850411201
10:24:07.183 [main] DEBUG org.hibernate.orm.results - Extracted JDBC value [1] - [null]
10:24:07.183 [main] DEBUG org.hibernate.orm.results - Extracted JDBC value [2] - [2025-06-06]
10:24:07.183 [main] DEBUG org.hibernate.orm.results - Extracted JDBC value [3] - [2025-06-20]
10:24:07.183 [main] DEBUG org.hibernate.orm.results - Extracted JDBC value [4] - [Test Task Project]
10:24:07.183 [main] DEBUG org.hibernate.orm.results - Extracted JDBC value [5] - [2025-04-25]
10:24:07.183 [main] DEBUG org.hibernate.orm.results.loading.entity - (EntityResultInitializer) Done materializing entityInstance : org.frcpm.models.Project(959663465371700)#72
10:24:07.183 [main] DEBUG org.hibernate.orm.results.loading - Calling top-level assembler (0 / 1) : org.hibernate.sql.results.graph.entity.internal.EntityAssembler@40ea25b0
10:24:07.183 [main] DEBUG org.hibernate.orm.results - Extracted JDBC value [0] - [73]
10:24:07.183 [main] DEBUG org.hibernate.orm.results.loading.entity - (EntityResultInitializer) Hydrated EntityKey (org.frcpm.models.Project(959663465371700)): 73
10:24:07.183 [main] DEBUG org.hibernate.orm.results.loading.org.hibernate.orm.results.loading.collection - (DelayedCollectionInitializer) Current row collection key : org.frcpm.models.Project(959663465371700).meetings#73
10:24:07.183 [main] DEBUG org.hibernate.orm.results.loading.org.hibernate.orm.results.loading.collection - (DelayedCollectionInitializer) Current row collection key : org.frcpm.models.Project(959663465371700).milestones#73
10:24:07.183 [main] DEBUG org.hibernate.orm.results.loading.org.hibernate.orm.results.loading.collection - (DelayedCollectionInitializer) Current row collection key : org.frcpm.models.Project(959663465371700).tasks#73
10:24:07.183 [main] DEBUG org.hibernate.orm.results.loading.entity - (EntityResultInitializer) Created new entity instance [org.frcpm.models.Project(959663465371700)#73] : 726235544
10:24:07.183 [main] DEBUG org.hibernate.orm.results - Extracted JDBC value [1] - [null]
10:24:07.183 [main] DEBUG org.hibernate.orm.results - Extracted JDBC value [2] - [2025-06-06]
10:24:07.183 [main] DEBUG org.hibernate.orm.results - Extracted JDBC value [3] - [2025-06-20]
10:24:07.183 [main] DEBUG org.hibernate.orm.results - Extracted JDBC value [4] - [Test Task Project]
10:24:07.183 [main] DEBUG org.hibernate.orm.results - Extracted JDBC value [5] - [2025-04-25]
10:24:07.183 [main] DEBUG org.hibernate.orm.results.loading.entity - (EntityResultInitializer) Done materializing entityInstance : org.frcpm.models.Project(959663465371700)#73
10:24:07.183 [main] DEBUG org.hibernate.orm.results.loading - Calling top-level assembler (0 / 1) : org.hibernate.sql.results.graph.entity.internal.EntityAssembler@40ea25b0
10:24:07.183 [main] DEBUG org.hibernate.orm.results - Extracted JDBC value [0] - [74]
10:24:07.183 [main] DEBUG org.hibernate.orm.results.loading.entity - (EntityResultInitializer) Hydrated EntityKey (org.frcpm.models.Project(959663465371700)): 74
10:24:07.183 [main] DEBUG org.hibernate.orm.results.loading.org.hibernate.orm.results.loading.collection - (DelayedCollectionInitializer) Current row collection key : org.frcpm.models.Project(959663465371700).meetings#74
10:24:07.183 [main] DEBUG org.hibernate.orm.results.loading.org.hibernate.orm.results.loading.collection - (DelayedCollectionInitializer) Current row collection key : org.frcpm.models.Project(959663465371700).milestones#74
10:24:07.183 [main] DEBUG org.hibernate.orm.results.loading.org.hibernate.orm.results.loading.collection - (DelayedCollectionInitializer) Current row collection key : org.frcpm.models.Project(959663465371700).tasks#74
10:24:07.183 [main] DEBUG org.hibernate.orm.results.loading.entity - (EntityResultInitializer) Created new entity instance [org.frcpm.models.Project(959663465371700)#74] : 1619441797
10:24:07.183 [main] DEBUG org.hibernate.orm.results - Extracted JDBC value [1] - [null]
10:24:07.183 [main] DEBUG org.hibernate.orm.results - Extracted JDBC value [2] - [2025-06-06]
10:24:07.183 [main] DEBUG org.hibernate.orm.results - Extracted JDBC value [3] - [2025-06-20]
10:24:07.183 [main] DEBUG org.hibernate.orm.results - Extracted JDBC value [4] - [Test Task Project]
10:24:07.183 [main] DEBUG org.hibernate.orm.results - Extracted JDBC value [5] - [2025-04-25]
10:24:07.183 [main] DEBUG org.hibernate.orm.results.loading.entity - (EntityResultInitializer) Done materializing entityInstance : org.frcpm.models.Project(959663465371700)#74
10:24:07.183 [main] DEBUG org.hibernate.orm.results.loading - Calling top-level assembler (0 / 1) : org.hibernate.sql.results.graph.entity.internal.EntityAssembler@40ea25b0
10:24:07.183 [main] DEBUG org.hibernate.orm.results - Extracted JDBC value [0] - [75]
10:24:07.183 [main] DEBUG org.hibernate.orm.results.loading.entity - (EntityResultInitializer) Hydrated EntityKey (org.frcpm.models.Project(959663465371700)): 75
10:24:07.183 [main] DEBUG org.hibernate.orm.results.loading.org.hibernate.orm.results.loading.collection - (DelayedCollectionInitializer) Current row collection key : org.frcpm.models.Project(959663465371700).meetings#75
10:24:07.183 [main] DEBUG org.hibernate.orm.results.loading.org.hibernate.orm.results.loading.collection - (DelayedCollectionInitializer) Current row collection key : org.frcpm.models.Project(959663465371700).milestones#75
10:24:07.183 [main] DEBUG org.hibernate.orm.results.loading.org.hibernate.orm.results.loading.collection - (DelayedCollectionInitializer) Current row collection key : org.frcpm.models.Project(959663465371700).tasks#75
10:24:07.183 [main] DEBUG org.hibernate.orm.results.loading.entity - (EntityResultInitializer) Created new entity instance [org.frcpm.models.Project(959663465371700)#75] : 1664523153
10:24:07.183 [main] DEBUG org.hibernate.orm.results - Extracted JDBC value [1] - [null]
10:24:07.183 [main] DEBUG org.hibernate.orm.results - Extracted JDBC value [2] - [2025-06-06]
10:24:07.183 [main] DEBUG org.hibernate.orm.results - Extracted JDBC value [3] - [2025-06-20]
10:24:07.183 [main] DEBUG org.hibernate.orm.results - Extracted JDBC value [4] - [Test Task Project]
10:24:07.183 [main] DEBUG org.hibernate.orm.results - Extracted JDBC value [5] - [2025-04-25]
10:24:07.183 [main] DEBUG org.hibernate.orm.results.loading.entity - (EntityResultInitializer) Done materializing entityInstance : org.frcpm.models.Project(959663465371700)#75
10:24:07.183 [main] DEBUG org.hibernate.orm.results.loading - Calling top-level assembler (0 / 1) : org.hibernate.sql.results.graph.entity.internal.EntityAssembler@40ea25b0
10:24:07.183 [main] DEBUG org.hibernate.orm.results - Extracted JDBC value [0] - [76]
10:24:07.183 [main] DEBUG org.hibernate.orm.results.loading.entity - (EntityResultInitializer) Hydrated EntityKey (org.frcpm.models.Project(959663465371700)): 76
10:24:07.183 [main] DEBUG org.hibernate.orm.results.loading.org.hibernate.orm.results.loading.collection - (DelayedCollectionInitializer) Current row collection key : org.frcpm.models.Project(959663465371700).meetings#76
10:24:07.183 [main] DEBUG org.hibernate.orm.results.loading.org.hibernate.orm.results.loading.collection - (DelayedCollectionInitializer) Current row collection key : org.frcpm.models.Project(959663465371700).milestones#76
10:24:07.183 [main] DEBUG org.hibernate.orm.results.loading.org.hibernate.orm.results.loading.collection - (DelayedCollectionInitializer) Current row collection key : org.frcpm.models.Project(959663465371700).tasks#76
10:24:07.183 [main] DEBUG org.hibernate.orm.results.loading.entity - (EntityResultInitializer) Created new entity instance [org.frcpm.models.Project(959663465371700)#76] : 1023920042
10:24:07.183 [main] DEBUG org.hibernate.orm.results - Extracted JDBC value [1] - [null]
10:24:07.183 [main] DEBUG org.hibernate.orm.results - Extracted JDBC value [2] - [2025-06-06]
10:24:07.183 [main] DEBUG org.hibernate.orm.results - Extracted JDBC value [3] - [2025-06-20]
10:24:07.183 [main] DEBUG org.hibernate.orm.results - Extracted JDBC value [4] - [Test Task Project]
10:24:07.183 [main] DEBUG org.hibernate.orm.results - Extracted JDBC value [5] - [2025-04-25]
10:24:07.184 [main] DEBUG org.hibernate.orm.results.loading.entity - (EntityResultInitializer) Done materializing entityInstance : org.frcpm.models.Project(959663465371700)#76
10:24:07.184 [main] DEBUG org.hibernate.orm.results.loading - Calling top-level assembler (0 / 1) : org.hibernate.sql.results.graph.entity.internal.EntityAssembler@40ea25b0
10:24:07.184 [main] DEBUG org.hibernate.orm.results - Extracted JDBC value [0] - [77]
10:24:07.184 [main] DEBUG org.hibernate.orm.results.loading.entity - (EntityResultInitializer) Hydrated EntityKey (org.frcpm.models.Project(959663465371700)): 77
10:24:07.184 [main] DEBUG org.hibernate.orm.results.loading.org.hibernate.orm.results.loading.collection - (DelayedCollectionInitializer) Current row collection key : org.frcpm.models.Project(959663465371700).meetings#77
10:24:07.184 [main] DEBUG org.hibernate.orm.results.loading.org.hibernate.orm.results.loading.collection - (DelayedCollectionInitializer) Current row collection key : org.frcpm.models.Project(959663465371700).milestones#77
10:24:07.184 [main] DEBUG org.hibernate.orm.results.loading.org.hibernate.orm.results.loading.collection - (DelayedCollectionInitializer) Current row collection key : org.frcpm.models.Project(959663465371700).tasks#77
10:24:07.184 [main] DEBUG org.hibernate.orm.results.loading.entity - (EntityResultInitializer) Created new entity instance [org.frcpm.models.Project(959663465371700)#77] : 370953539
10:24:07.184 [main] DEBUG org.hibernate.orm.results - Extracted JDBC value [1] - [null]
10:24:07.184 [main] DEBUG org.hibernate.orm.results - Extracted JDBC value [2] - [2025-06-06]
10:24:07.184 [main] DEBUG org.hibernate.orm.results - Extracted JDBC value [3] - [2025-06-20]
10:24:07.184 [main] DEBUG org.hibernate.orm.results - Extracted JDBC value [4] - [Test Task Project]
10:24:07.184 [main] DEBUG org.hibernate.orm.results - Extracted JDBC value [5] - [2025-04-25]
10:24:07.184 [main] DEBUG org.hibernate.orm.results.loading.entity - (EntityResultInitializer) Done materializing entityInstance : org.frcpm.models.Project(959663465371700)#77
10:24:07.184 [main] DEBUG org.hibernate.orm.results.loading - Calling top-level assembler (0 / 1) : org.hibernate.sql.results.graph.entity.internal.EntityAssembler@40ea25b0
10:24:07.184 [main] DEBUG org.hibernate.orm.results - Extracted JDBC value [0] - [78]
10:24:07.184 [main] DEBUG org.hibernate.orm.results.loading.entity - (EntityResultInitializer) Hydrated EntityKey (org.frcpm.models.Project(959663465371700)): 78
10:24:07.184 [main] DEBUG org.hibernate.orm.results.loading.org.hibernate.orm.results.loading.collection - (DelayedCollectionInitializer) Current row collection key : org.frcpm.models.Project(959663465371700).meetings#78
10:24:07.184 [main] DEBUG org.hibernate.orm.results.loading.org.hibernate.orm.results.loading.collection - (DelayedCollectionInitializer) Current row collection key : org.frcpm.models.Project(959663465371700).milestones#78
10:24:07.184 [main] DEBUG org.hibernate.orm.results.loading.org.hibernate.orm.results.loading.collection - (DelayedCollectionInitializer) Current row collection key : org.frcpm.models.Project(959663465371700).tasks#78
10:24:07.184 [main] DEBUG org.hibernate.orm.results.loading.entity - (EntityResultInitializer) Created new entity instance [org.frcpm.models.Project(959663465371700)#78] : 501402989
10:24:07.184 [main] DEBUG org.hibernate.orm.results - Extracted JDBC value [1] - [null]
10:24:07.184 [main] DEBUG org.hibernate.orm.results - Extracted JDBC value [2] - [2025-06-06]
10:24:07.184 [main] DEBUG org.hibernate.orm.results - Extracted JDBC value [3] - [2025-06-20]
10:24:07.184 [main] DEBUG org.hibernate.orm.results - Extracted JDBC value [4] - [Test Task Project]
10:24:07.184 [main] DEBUG org.hibernate.orm.results - Extracted JDBC value [5] - [2025-04-25]
10:24:07.184 [main] DEBUG org.hibernate.orm.results.loading.entity - (EntityResultInitializer) Done materializing entityInstance : org.frcpm.models.Project(959663465371700)#78
10:24:07.184 [main] DEBUG org.hibernate.orm.results.loading - Calling top-level assembler (0 / 1) : org.hibernate.sql.results.graph.entity.internal.EntityAssembler@40ea25b0
10:24:07.184 [main] DEBUG org.hibernate.orm.results - Extracted JDBC value [0] - [79]
10:24:07.184 [main] DEBUG org.hibernate.orm.results.loading.entity - (EntityResultInitializer) Hydrated EntityKey (org.frcpm.models.Project(959663465371700)): 79
10:24:07.184 [main] DEBUG org.hibernate.orm.results.loading.org.hibernate.orm.results.loading.collection - (DelayedCollectionInitializer) Current row collection key : org.frcpm.models.Project(959663465371700).meetings#79
10:24:07.184 [main] DEBUG org.hibernate.orm.results.loading.org.hibernate.orm.results.loading.collection - (DelayedCollectionInitializer) Current row collection key : org.frcpm.models.Project(959663465371700).milestones#79
10:24:07.184 [main] DEBUG org.hibernate.orm.results.loading.org.hibernate.orm.results.loading.collection - (DelayedCollectionInitializer) Current row collection key : org.frcpm.models.Project(959663465371700).tasks#79
10:24:07.184 [main] DEBUG org.hibernate.orm.results.loading.entity - (EntityResultInitializer) Created new entity instance [org.frcpm.models.Project(959663465371700)#79] : 178016746
10:24:07.184 [main] DEBUG org.hibernate.orm.results - Extracted JDBC value [1] - [null]
10:24:07.184 [main] DEBUG org.hibernate.orm.results - Extracted JDBC value [2] - [2025-06-06]
10:24:07.184 [main] DEBUG org.hibernate.orm.results - Extracted JDBC value [3] - [2025-06-20]
10:24:07.184 [main] DEBUG org.hibernate.orm.results - Extracted JDBC value [4] - [Test Task Project]
10:24:07.184 [main] DEBUG org.hibernate.orm.results - Extracted JDBC value [5] - [2025-04-25]
10:24:07.184 [main] DEBUG org.hibernate.orm.results.loading.entity - (EntityResultInitializer) Done materializing entityInstance : org.frcpm.models.Project(959663465371700)#79
10:24:07.184 [main] DEBUG org.hibernate.orm.results.loading - Calling top-level assembler (0 / 1) : org.hibernate.sql.results.graph.entity.internal.EntityAssembler@40ea25b0
10:24:07.184 [main] DEBUG org.hibernate.orm.results - Extracted JDBC value [0] - [80]
10:24:07.184 [main] DEBUG org.hibernate.orm.results.loading.entity - (EntityResultInitializer) Hydrated EntityKey (org.frcpm.models.Project(959663465371700)): 80
10:24:07.185 [main] DEBUG org.hibernate.orm.results.loading.org.hibernate.orm.results.loading.collection - (DelayedCollectionInitializer) Current row collection key : org.frcpm.models.Project(959663465371700).meetings#80
10:24:07.185 [main] DEBUG org.hibernate.orm.results.loading.org.hibernate.orm.results.loading.collection - (DelayedCollectionInitializer) Current row collection key : org.frcpm.models.Project(959663465371700).milestones#80
10:24:07.185 [main] DEBUG org.hibernate.orm.results.loading.org.hibernate.orm.results.loading.collection - (DelayedCollectionInitializer) Current row collection key : org.frcpm.models.Project(959663465371700).tasks#80
10:24:07.185 [main] DEBUG org.hibernate.orm.results.loading.entity - (EntityResultInitializer) Created new entity instance [org.frcpm.models.Project(959663465371700)#80] : 909640117
10:24:07.185 [main] DEBUG org.hibernate.orm.results - Extracted JDBC value [1] - [null]
10:24:07.185 [main] DEBUG org.hibernate.orm.results - Extracted JDBC value [2] - [2025-06-06]
10:24:07.185 [main] DEBUG org.hibernate.orm.results - Extracted JDBC value [3] - [2025-06-20]
10:24:07.185 [main] DEBUG org.hibernate.orm.results - Extracted JDBC value [4] - [Test Task Project]
10:24:07.185 [main] DEBUG org.hibernate.orm.results - Extracted JDBC value [5] - [2025-04-25]
10:24:07.185 [main] DEBUG org.hibernate.orm.results.loading.entity - (EntityResultInitializer) Done materializing entityInstance : org.frcpm.models.Project(959663465371700)#80
10:24:07.185 [main] DEBUG org.hibernate.orm.results.loading - Calling top-level assembler (0 / 1) : org.hibernate.sql.results.graph.entity.internal.EntityAssembler@40ea25b0
10:24:07.185 [main] DEBUG org.hibernate.orm.results - Extracted JDBC value [0] - [81]
10:24:07.185 [main] DEBUG org.hibernate.orm.results.loading.entity - (EntityResultInitializer) Hydrated EntityKey (org.frcpm.models.Project(959663465371700)): 81
10:24:07.185 [main] DEBUG org.hibernate.orm.results.loading.org.hibernate.orm.results.loading.collection - (DelayedCollectionInitializer) Current row collection key : org.frcpm.models.Project(959663465371700).meetings#81
10:24:07.185 [main] DEBUG org.hibernate.orm.results.loading.org.hibernate.orm.results.loading.collection - (DelayedCollectionInitializer) Current row collection key : org.frcpm.models.Project(959663465371700).milestones#81
10:24:07.185 [main] DEBUG org.hibernate.orm.results.loading.org.hibernate.orm.results.loading.collection - (DelayedCollectionInitializer) Current row collection key : org.frcpm.models.Project(959663465371700).tasks#81
10:24:07.185 [main] DEBUG org.hibernate.orm.results.loading.entity - (EntityResultInitializer) Created new entity instance [org.frcpm.models.Project(959663465371700)#81] : 1523166725
10:24:07.185 [main] DEBUG org.hibernate.orm.results - Extracted JDBC value [1] - [null]
10:24:07.185 [main] DEBUG org.hibernate.orm.results - Extracted JDBC value [2] - [2025-06-06]
10:24:07.185 [main] DEBUG org.hibernate.orm.results - Extracted JDBC value [3] - [2025-06-20]
10:24:07.185 [main] DEBUG org.hibernate.orm.results - Extracted JDBC value [4] - [Test Task Project]
10:24:07.185 [main] DEBUG org.hibernate.orm.results - Extracted JDBC value [5] - [2025-04-25]
10:24:07.185 [main] DEBUG org.hibernate.orm.results.loading.entity - (EntityResultInitializer) Done materializing entityInstance : org.frcpm.models.Project(959663465371700)#81
10:24:07.185 [main] DEBUG org.hibernate.orm.results.loading - Calling top-level assembler (0 / 1) : org.hibernate.sql.results.graph.entity.internal.EntityAssembler@40ea25b0
10:24:07.185 [main] DEBUG org.hibernate.orm.results - Extracted JDBC value [0] - [82]
10:24:07.185 [main] DEBUG org.hibernate.orm.results.loading.entity - (EntityResultInitializer) Hydrated EntityKey (org.frcpm.models.Project(959663465371700)): 82
10:24:07.185 [main] DEBUG org.hibernate.orm.results.loading.org.hibernate.orm.results.loading.collection - (DelayedCollectionInitializer) Current row collection key : org.frcpm.models.Project(959663465371700).meetings#82
10:24:07.185 [main] DEBUG org.hibernate.orm.results.loading.org.hibernate.orm.results.loading.collection - (DelayedCollectionInitializer) Current row collection key : org.frcpm.models.Project(959663465371700).milestones#82
10:24:07.185 [main] DEBUG org.hibernate.orm.results.loading.org.hibernate.orm.results.loading.collection - (DelayedCollectionInitializer) Current row collection key : org.frcpm.models.Project(959663465371700).tasks#82
10:24:07.185 [main] DEBUG org.hibernate.orm.results.loading.entity - (EntityResultInitializer) Created new entity instance [org.frcpm.models.Project(959663465371700)#82] : 51706153
10:24:07.185 [main] DEBUG org.hibernate.orm.results - Extracted JDBC value [1] - [null]
10:24:07.185 [main] DEBUG org.hibernate.orm.results - Extracted JDBC value [2] - [2025-06-06]
10:24:07.185 [main] DEBUG org.hibernate.orm.results - Extracted JDBC value [3] - [2025-06-20]
10:24:07.185 [main] DEBUG org.hibernate.orm.results - Extracted JDBC value [4] - [Test Task Project]
10:24:07.185 [main] DEBUG org.hibernate.orm.results - Extracted JDBC value [5] - [2025-04-25]
10:24:07.185 [main] DEBUG org.hibernate.orm.results.loading.entity - (EntityResultInitializer) Done materializing entityInstance : org.frcpm.models.Project(959663465371700)#82
10:24:07.185 [main] DEBUG org.hibernate.orm.results.loading - Calling top-level assembler (0 / 1) : org.hibernate.sql.results.graph.entity.internal.EntityAssembler@40ea25b0
10:24:07.185 [main] DEBUG org.hibernate.orm.results - Extracted JDBC value [0] - [104]
10:24:07.185 [main] DEBUG org.hibernate.orm.results.loading.entity - (EntityResultInitializer) Hydrated EntityKey (org.frcpm.models.Project(959663465371700)): 104
10:24:07.185 [main] DEBUG org.hibernate.orm.results.loading.org.hibernate.orm.results.loading.collection - (DelayedCollectionInitializer) Current row collection key : org.frcpm.models.Project(959663465371700).meetings#104
10:24:07.185 [main] DEBUG org.hibernate.orm.results.loading.org.hibernate.orm.results.loading.collection - (DelayedCollectionInitializer) Current row collection key : org.frcpm.models.Project(959663465371700).milestones#104
10:24:07.185 [main] DEBUG org.hibernate.orm.results.loading.org.hibernate.orm.results.loading.collection - (DelayedCollectionInitializer) Current row collection key : org.frcpm.models.Project(959663465371700).tasks#104
10:24:07.185 [main] DEBUG org.hibernate.orm.results.loading.entity - (EntityResultInitializer) Created new entity instance [org.frcpm.models.Project(959663465371700)#104] : 1675060685
10:24:07.185 [main] DEBUG org.hibernate.orm.results - Extracted JDBC value [1] - [null]
10:24:07.185 [main] DEBUG org.hibernate.orm.results - Extracted JDBC value [2] - [2025-06-06]
10:24:07.185 [main] DEBUG org.hibernate.orm.results - Extracted JDBC value [3] - [2025-06-20]
10:24:07.185 [main] DEBUG org.hibernate.orm.results - Extracted JDBC value [4] - [Component Test Project]
10:24:07.185 [main] DEBUG org.hibernate.orm.results - Extracted JDBC value [5] - [2025-04-25]
10:24:07.185 [main] DEBUG org.hibernate.orm.results.loading.entity - (EntityResultInitializer) Done materializing entityInstance : org.frcpm.models.Project(959663465371700)#104
10:24:07.185 [main] DEBUG org.hibernate.orm.results.loading - Calling top-level assembler (0 / 1) : org.hibernate.sql.results.graph.entity.internal.EntityAssembler@40ea25b0
10:24:07.185 [main] DEBUG org.hibernate.orm.results - Extracted JDBC value [0] - [135]
10:24:07.185 [main] DEBUG org.hibernate.orm.results.loading.entity - (EntityResultInitializer) Hydrated EntityKey (org.frcpm.models.Project(959663465371700)): 135
10:24:07.185 [main] DEBUG org.hibernate.orm.results.loading.org.hibernate.orm.results.loading.collection - (DelayedCollectionInitializer) Current row collection key : org.frcpm.models.Project(959663465371700).meetings#135
10:24:07.185 [main] DEBUG org.hibernate.orm.results.loading.org.hibernate.orm.results.loading.collection - (DelayedCollectionInitializer) Current row collection key : org.frcpm.models.Project(959663465371700).milestones#135
10:24:07.185 [main] DEBUG org.hibernate.orm.results.loading.org.hibernate.orm.results.loading.collection - (DelayedCollectionInitializer) Current row collection key : org.frcpm.models.Project(959663465371700).tasks#135
10:24:07.185 [main] DEBUG org.hibernate.orm.results.loading.entity - (EntityResultInitializer) Created new entity instance [org.frcpm.models.Project(959663465371700)#135] : 1465813088
10:24:07.186 [main] DEBUG org.hibernate.orm.results - Extracted JDBC value [1] - [null]
10:24:07.186 [main] DEBUG org.hibernate.orm.results - Extracted JDBC value [2] - [2025-05-23]
10:24:07.186 [main] DEBUG org.hibernate.orm.results - Extracted JDBC value [3] - [2025-06-06]
10:24:07.186 [main] DEBUG org.hibernate.orm.results - Extracted JDBC value [4] - [Test Create Service Project]
10:24:07.186 [main] DEBUG org.hibernate.orm.results - Extracted JDBC value [5] - [2025-04-25]
10:24:07.186 [main] DEBUG org.hibernate.orm.results.loading.entity - (EntityResultInitializer) Done materializing entityInstance : org.frcpm.models.Project(959663465371700)#135
10:24:07.186 [main] DEBUG org.hibernate.orm.results.loading - Calling top-level assembler (0 / 1) : org.hibernate.sql.results.graph.entity.internal.EntityAssembler@40ea25b0
10:24:07.186 [main] DEBUG org.hibernate.orm.results - Extracted JDBC value [0] - [142]
10:24:07.186 [main] DEBUG org.hibernate.orm.results.loading.entity - (EntityResultInitializer) Hydrated EntityKey (org.frcpm.models.Project(959663465371700)): 142
10:24:07.186 [main] DEBUG org.hibernate.orm.results.loading.org.hibernate.orm.results.loading.collection - (DelayedCollectionInitializer) Current row collection key : org.frcpm.models.Project(959663465371700).meetings#142
10:24:07.186 [main] DEBUG org.hibernate.orm.results.loading.org.hibernate.orm.results.loading.collection - (DelayedCollectionInitializer) Current row collection key : org.frcpm.models.Project(959663465371700).milestones#142
10:24:07.186 [main] DEBUG org.hibernate.orm.results.loading.org.hibernate.orm.results.loading.collection - (DelayedCollectionInitializer) Current row collection key : org.frcpm.models.Project(959663465371700).tasks#142
10:24:07.186 [main] DEBUG org.hibernate.orm.results.loading.entity - (EntityResultInitializer) Created new entity instance [org.frcpm.models.Project(959663465371700)#142] : 1087378379
10:24:07.186 [main] DEBUG org.hibernate.orm.results - Extracted JDBC value [1] - [Updated description]
10:24:07.186 [main] DEBUG org.hibernate.orm.results - Extracted JDBC value [2] - [2025-05-23]
10:24:07.186 [main] DEBUG org.hibernate.orm.results - Extracted JDBC value [3] - [2025-06-06]
10:24:07.186 [main] DEBUG org.hibernate.orm.results - Extracted JDBC value [4] - [Updated Service Project Name]
10:24:07.186 [main] DEBUG org.hibernate.orm.results - Extracted JDBC value [5] - [2025-04-25]
10:24:07.186 [main] DEBUG org.hibernate.orm.results.loading.entity - (EntityResultInitializer) Done materializing entityInstance : org.frcpm.models.Project(959663465371700)#142
10:24:07.186 [main] DEBUG org.hibernate.orm.results.loading - Calling top-level assembler (0 / 1) : org.hibernate.sql.results.graph.entity.internal.EntityAssembler@40ea25b0
10:24:07.186 [main] DEBUG org.hibernate.orm.results - Extracted JDBC value [0] - [148]
10:24:07.186 [main] DEBUG org.hibernate.orm.results.loading.entity - (EntityResultInitializer) Hydrated EntityKey (org.frcpm.models.Project(959663465371700)): 148
10:24:07.186 [main] DEBUG org.hibernate.orm.results.loading.org.hibernate.orm.results.loading.collection - (DelayedCollectionInitializer) Current row collection key : org.frcpm.models.Project(959663465371700).meetings#148
10:24:07.186 [main] DEBUG org.hibernate.orm.results.loading.org.hibernate.orm.results.loading.collection - (DelayedCollectionInitializer) Current row collection key : org.frcpm.models.Project(959663465371700).milestones#148
10:24:07.186 [main] DEBUG org.hibernate.orm.results.loading.org.hibernate.orm.results.loading.collection - (DelayedCollectionInitializer) Current row collection key : org.frcpm.models.Project(959663465371700).tasks#148
10:24:07.186 [main] DEBUG org.hibernate.orm.results.loading.entity - (EntityResultInitializer) Created new entity instance [org.frcpm.models.Project(959663465371700)#148] : 647675234
10:24:07.186 [main] DEBUG org.hibernate.orm.results - Extracted JDBC value [1] - [null]
10:24:07.186 [main] DEBUG org.hibernate.orm.results - Extracted JDBC value [2] - [2025-05-23]
10:24:07.186 [main] DEBUG org.hibernate.orm.results - Extracted JDBC value [3] - [2025-06-06]
10:24:07.186 [main] DEBUG org.hibernate.orm.results - Extracted JDBC value [4] - [Test Summary Project]
10:24:07.186 [main] DEBUG org.hibernate.orm.results - Extracted JDBC value [5] - [2025-04-25]
10:24:07.186 [main] DEBUG org.hibernate.orm.results.loading.entity - (EntityResultInitializer) Done materializing entityInstance : org.frcpm.models.Project(959663465371700)#148
10:24:07.186 [main] DEBUG org.hibernate.orm.results.loading - Calling top-level assembler (0 / 1) : org.hibernate.sql.results.graph.entity.internal.EntityAssembler@40ea25b0
10:24:07.186 [main] DEBUG org.hibernate.resource.jdbc.internal.LogicalConnectionManagedImpl - Initiating JDBC connection release from afterTransaction
10:24:07.186 [main] DEBUG org.hibernate.resource.jdbc.internal.LogicalConnectionManagedImpl - Initiating JDBC connection release from afterTransaction
]]></system-out>
    <system-err><![CDATA[Apr 25, 2025 10:24:07 AM org.frcpm.controllers.ProjectController setupBindings
WARNING: UI components not initialized - likely in test environment
]]></system-err>
  </testcase>
  <testcase name="testShowAndWaitDialog" classname="org.frcpm.controllers.ProjectControllerTest" time="0.015">
    <system-out><![CDATA[10:24:08.229 [main] DEBUG org.hibernate.orm.sql.ast.create - Created new SQL alias : p1_0
10:24:08.229 [main] DEBUG org.hibernate.orm.sql.ast.create - Registration of TableGroup [StandardTableGroup(org.frcpm.models.Project(959664514551200))] with identifierForTableGroup [org.frcpm.models.Project] for NavigablePath [org.frcpm.models.Project] 
10:24:08.229 [main] DEBUG org.hibernate.orm.results.graph.AST - DomainResult Graph:
 \-EntityResultImpl [org.frcpm.models.Project(959664514551200)]
 |  +-BasicFetch [org.frcpm.models.Project(959664514551200).description]
 |  +-BasicFetch [org.frcpm.models.Project(959664514551200).goalEndDate]
 |  +-BasicFetch [org.frcpm.models.Project(959664514551200).hardDeadline]
 |  +-DelayedCollectionFetch [org.frcpm.models.Project(959664514551200).meetings]
 |  +-DelayedCollectionFetch [org.frcpm.models.Project(959664514551200).milestones]
 |  +-BasicFetch [org.frcpm.models.Project(959664514551200).name]
 |  +-BasicFetch [org.frcpm.models.Project(959664514551200).startDate]
 |  \-DelayedCollectionFetch [org.frcpm.models.Project(959664514551200).tasks]

10:24:08.229 [main] DEBUG org.hibernate.orm.sql.ast.tree - SQL AST Tree:
    SelectStatement {
      FromClause {
        StandardTableGroup (p1 : org.frcpm.models.Project(959664514551200)) {
          primaryTableReference : projects as p1_0
        }
      }
    }

10:24:08.230 [main] DEBUG org.hibernate.orm.sql.exec - Skipping reading Query result cache data: cache-enabled = false, cache-mode = NORMAL
10:24:08.230 [main] DEBUG org.hibernate.orm.results - Initializer list:
	  org.frcpm.models.Project(959664514551200).meetings -> DelayedCollectionInitializer(org.frcpm.models.Project(959664514551200).meetings)@183795483 (PluralAttribute(org.frcpm.models.Project.meetings))
	  org.frcpm.models.Project(959664514551200) -> EntityResultInitializer(org.frcpm.models.Project(959664514551200))@1292851369 (SingleTableEntityPersister(org.frcpm.models.Project))
	  org.frcpm.models.Project(959664514551200).tasks -> DelayedCollectionInitializer(org.frcpm.models.Project(959664514551200).tasks)@1829644818 (PluralAttribute(org.frcpm.models.Project.tasks))
	  org.frcpm.models.Project(959664514551200).milestones -> DelayedCollectionInitializer(org.frcpm.models.Project(959664514551200).milestones)@1781431597 (PluralAttribute(org.frcpm.models.Project.milestones))

10:24:08.230 [main] DEBUG org.hibernate.SQL - select p1_0.id,p1_0.description,p1_0.goal_end_date,p1_0.hard_deadline,p1_0.name,p1_0.start_date from projects p1_0
10:24:08.230 [main] DEBUG org.hibernate.orm.results - Extracted JDBC value [0] - [1]
10:24:08.230 [main] DEBUG org.hibernate.orm.results.loading.entity - (EntityResultInitializer) Hydrated EntityKey (org.frcpm.models.Project(959664514551200)): 1
10:24:08.230 [main] DEBUG org.hibernate.orm.results.loading.org.hibernate.orm.results.loading.collection - (DelayedCollectionInitializer) Current row collection key : org.frcpm.models.Project(959664514551200).meetings#1
10:24:08.230 [main] DEBUG org.hibernate.orm.results.loading.org.hibernate.orm.results.loading.collection - (DelayedCollectionInitializer) Current row collection key : org.frcpm.models.Project(959664514551200).milestones#1
10:24:08.230 [main] DEBUG org.hibernate.orm.results.loading.org.hibernate.orm.results.loading.collection - (DelayedCollectionInitializer) Current row collection key : org.frcpm.models.Project(959664514551200).tasks#1
10:24:08.230 [main] DEBUG org.hibernate.orm.results.loading.entity - (EntityResultInitializer) Created new entity instance [org.frcpm.models.Project(959664514551200)#1] : 1748300602
10:24:08.230 [main] DEBUG org.hibernate.orm.results - Extracted JDBC value [1] - [Competition robot for the 2025 FIRST Robotics Competition]
10:24:08.230 [main] DEBUG org.hibernate.orm.results - Extracted JDBC value [2] - [2025-06-12]
10:24:08.230 [main] DEBUG org.hibernate.orm.results - Extracted JDBC value [3] - [2025-06-26]
10:24:08.230 [main] DEBUG org.hibernate.orm.results - Extracted JDBC value [4] - [FRC 2025 Robot]
10:24:08.230 [main] DEBUG org.hibernate.orm.results - Extracted JDBC value [5] - [2025-05-01]
10:24:08.230 [main] DEBUG org.hibernate.orm.results.loading.entity - (EntityResultInitializer) Done materializing entityInstance : org.frcpm.models.Project(959664514551200)#1
10:24:08.230 [main] DEBUG org.hibernate.orm.results.loading - Calling top-level assembler (0 / 1) : org.hibernate.sql.results.graph.entity.internal.EntityAssembler@673a5d75
10:24:08.230 [main] DEBUG org.hibernate.orm.results - Extracted JDBC value [0] - [51]
10:24:08.230 [main] DEBUG org.hibernate.orm.results.loading.entity - (EntityResultInitializer) Hydrated EntityKey (org.frcpm.models.Project(959664514551200)): 51
10:24:08.230 [main] DEBUG org.hibernate.orm.results.loading.org.hibernate.orm.results.loading.collection - (DelayedCollectionInitializer) Current row collection key : org.frcpm.models.Project(959664514551200).meetings#51
10:24:08.230 [main] DEBUG org.hibernate.orm.results.loading.org.hibernate.orm.results.loading.collection - (DelayedCollectionInitializer) Current row collection key : org.frcpm.models.Project(959664514551200).milestones#51
10:24:08.230 [main] DEBUG org.hibernate.orm.results.loading.org.hibernate.orm.results.loading.collection - (DelayedCollectionInitializer) Current row collection key : org.frcpm.models.Project(959664514551200).tasks#51
10:24:08.230 [main] DEBUG org.hibernate.orm.results.loading.entity - (EntityResultInitializer) Created new entity instance [org.frcpm.models.Project(959664514551200)#51] : 1200637850
10:24:08.230 [main] DEBUG org.hibernate.orm.results - Extracted JDBC value [1] - [null]
10:24:08.230 [main] DEBUG org.hibernate.orm.results - Extracted JDBC value [2] - [2025-05-23]
10:24:08.230 [main] DEBUG org.hibernate.orm.results - Extracted JDBC value [3] - [2025-06-06]
10:24:08.230 [main] DEBUG org.hibernate.orm.results - Extracted JDBC value [4] - [Test Count Project]
10:24:08.230 [main] DEBUG org.hibernate.orm.results - Extracted JDBC value [5] - [2025-04-25]
10:24:08.230 [main] DEBUG org.hibernate.orm.results.loading.entity - (EntityResultInitializer) Done materializing entityInstance : org.frcpm.models.Project(959664514551200)#51
10:24:08.230 [main] DEBUG org.hibernate.orm.results.loading - Calling top-level assembler (0 / 1) : org.hibernate.sql.results.graph.entity.internal.EntityAssembler@673a5d75
10:24:08.230 [main] DEBUG org.hibernate.orm.results - Extracted JDBC value [0] - [54]
10:24:08.230 [main] DEBUG org.hibernate.orm.results.loading.entity - (EntityResultInitializer) Hydrated EntityKey (org.frcpm.models.Project(959664514551200)): 54
10:24:08.230 [main] DEBUG org.hibernate.orm.results.loading.org.hibernate.orm.results.loading.collection - (DelayedCollectionInitializer) Current row collection key : org.frcpm.models.Project(959664514551200).meetings#54
10:24:08.230 [main] DEBUG org.hibernate.orm.results.loading.org.hibernate.orm.results.loading.collection - (DelayedCollectionInitializer) Current row collection key : org.frcpm.models.Project(959664514551200).milestones#54
10:24:08.230 [main] DEBUG org.hibernate.orm.results.loading.org.hibernate.orm.results.loading.collection - (DelayedCollectionInitializer) Current row collection key : org.frcpm.models.Project(959664514551200).tasks#54
10:24:08.230 [main] DEBUG org.hibernate.orm.results.loading.entity - (EntityResultInitializer) Created new entity instance [org.frcpm.models.Project(959664514551200)#54] : 631385759
10:24:08.230 [main] DEBUG org.hibernate.orm.results - Extracted JDBC value [1] - [Test save description]
10:24:08.230 [main] DEBUG org.hibernate.orm.results - Extracted JDBC value [2] - [2025-05-23]
10:24:08.230 [main] DEBUG org.hibernate.orm.results - Extracted JDBC value [3] - [2025-06-06]
10:24:08.230 [main] DEBUG org.hibernate.orm.results - Extracted JDBC value [4] - [Test Save Project]
10:24:08.230 [main] DEBUG org.hibernate.orm.results - Extracted JDBC value [5] - [2025-04-25]
10:24:08.230 [main] DEBUG org.hibernate.orm.results.loading.entity - (EntityResultInitializer) Done materializing entityInstance : org.frcpm.models.Project(959664514551200)#54
10:24:08.230 [main] DEBUG org.hibernate.orm.results.loading - Calling top-level assembler (0 / 1) : org.hibernate.sql.results.graph.entity.internal.EntityAssembler@673a5d75
10:24:08.231 [main] DEBUG org.hibernate.orm.results - Extracted JDBC value [0] - [69]
10:24:08.231 [main] DEBUG org.hibernate.orm.results.loading.entity - (EntityResultInitializer) Hydrated EntityKey (org.frcpm.models.Project(959664514551200)): 69
10:24:08.231 [main] DEBUG org.hibernate.orm.results.loading.org.hibernate.orm.results.loading.collection - (DelayedCollectionInitializer) Current row collection key : org.frcpm.models.Project(959664514551200).meetings#69
10:24:08.231 [main] DEBUG org.hibernate.orm.results.loading.org.hibernate.orm.results.loading.collection - (DelayedCollectionInitializer) Current row collection key : org.frcpm.models.Project(959664514551200).milestones#69
10:24:08.231 [main] DEBUG org.hibernate.orm.results.loading.org.hibernate.orm.results.loading.collection - (DelayedCollectionInitializer) Current row collection key : org.frcpm.models.Project(959664514551200).tasks#69
10:24:08.231 [main] DEBUG org.hibernate.orm.results.loading.entity - (EntityResultInitializer) Created new entity instance [org.frcpm.models.Project(959664514551200)#69] : 1873515224
10:24:08.231 [main] DEBUG org.hibernate.orm.results - Extracted JDBC value [1] - [null]
10:24:08.231 [main] DEBUG org.hibernate.orm.results - Extracted JDBC value [2] - [2025-05-23]
10:24:08.231 [main] DEBUG org.hibernate.orm.results - Extracted JDBC value [3] - [2025-06-06]
10:24:08.231 [main] DEBUG org.hibernate.orm.results - Extracted JDBC value [4] - [Updated Project Name]
10:24:08.231 [main] DEBUG org.hibernate.orm.results - Extracted JDBC value [5] - [2025-04-25]
10:24:08.231 [main] DEBUG org.hibernate.orm.results.loading.entity - (EntityResultInitializer) Done materializing entityInstance : org.frcpm.models.Project(959664514551200)#69
10:24:08.231 [main] DEBUG org.hibernate.orm.results.loading - Calling top-level assembler (0 / 1) : org.hibernate.sql.results.graph.entity.internal.EntityAssembler@673a5d75
10:24:08.231 [main] DEBUG org.hibernate.orm.results - Extracted JDBC value [0] - [70]
10:24:08.231 [main] DEBUG org.hibernate.orm.results.loading.entity - (EntityResultInitializer) Hydrated EntityKey (org.frcpm.models.Project(959664514551200)): 70
10:24:08.231 [main] DEBUG org.hibernate.orm.results.loading.org.hibernate.orm.results.loading.collection - (DelayedCollectionInitializer) Current row collection key : org.frcpm.models.Project(959664514551200).meetings#70
10:24:08.231 [main] DEBUG org.hibernate.orm.results.loading.org.hibernate.orm.results.loading.collection - (DelayedCollectionInitializer) Current row collection key : org.frcpm.models.Project(959664514551200).milestones#70
10:24:08.231 [main] DEBUG org.hibernate.orm.results.loading.org.hibernate.orm.results.loading.collection - (DelayedCollectionInitializer) Current row collection key : org.frcpm.models.Project(959664514551200).tasks#70
10:24:08.231 [main] DEBUG org.hibernate.orm.results.loading.entity - (EntityResultInitializer) Created new entity instance [org.frcpm.models.Project(959664514551200)#70] : 296756154
10:24:08.231 [main] DEBUG org.hibernate.orm.results - Extracted JDBC value [1] - [null]
10:24:08.231 [main] DEBUG org.hibernate.orm.results - Extracted JDBC value [2] - [2025-06-06]
10:24:08.231 [main] DEBUG org.hibernate.orm.results - Extracted JDBC value [3] - [2025-06-20]
10:24:08.231 [main] DEBUG org.hibernate.orm.results - Extracted JDBC value [4] - [Test Task Project]
10:24:08.231 [main] DEBUG org.hibernate.orm.results - Extracted JDBC value [5] - [2025-04-25]
10:24:08.231 [main] DEBUG org.hibernate.orm.results.loading.entity - (EntityResultInitializer) Done materializing entityInstance : org.frcpm.models.Project(959664514551200)#70
10:24:08.231 [main] DEBUG org.hibernate.orm.results.loading - Calling top-level assembler (0 / 1) : org.hibernate.sql.results.graph.entity.internal.EntityAssembler@673a5d75
10:24:08.231 [main] DEBUG org.hibernate.orm.results - Extracted JDBC value [0] - [71]
10:24:08.231 [main] DEBUG org.hibernate.orm.results.loading.entity - (EntityResultInitializer) Hydrated EntityKey (org.frcpm.models.Project(959664514551200)): 71
10:24:08.231 [main] DEBUG org.hibernate.orm.results.loading.org.hibernate.orm.results.loading.collection - (DelayedCollectionInitializer) Current row collection key : org.frcpm.models.Project(959664514551200).meetings#71
10:24:08.231 [main] DEBUG org.hibernate.orm.results.loading.org.hibernate.orm.results.loading.collection - (DelayedCollectionInitializer) Current row collection key : org.frcpm.models.Project(959664514551200).milestones#71
10:24:08.231 [main] DEBUG org.hibernate.orm.results.loading.org.hibernate.orm.results.loading.collection - (DelayedCollectionInitializer) Current row collection key : org.frcpm.models.Project(959664514551200).tasks#71
10:24:08.231 [main] DEBUG org.hibernate.orm.results.loading.entity - (EntityResultInitializer) Created new entity instance [org.frcpm.models.Project(959664514551200)#71] : 1849519481
10:24:08.231 [main] DEBUG org.hibernate.orm.results - Extracted JDBC value [1] - [null]
10:24:08.231 [main] DEBUG org.hibernate.orm.results - Extracted JDBC value [2] - [2025-06-06]
10:24:08.231 [main] DEBUG org.hibernate.orm.results - Extracted JDBC value [3] - [2025-06-20]
10:24:08.231 [main] DEBUG org.hibernate.orm.results - Extracted JDBC value [4] - [Test Task Project]
10:24:08.231 [main] DEBUG org.hibernate.orm.results - Extracted JDBC value [5] - [2025-04-25]
10:24:08.231 [main] DEBUG org.hibernate.orm.results.loading.entity - (EntityResultInitializer) Done materializing entityInstance : org.frcpm.models.Project(959664514551200)#71
10:24:08.231 [main] DEBUG org.hibernate.orm.results.loading - Calling top-level assembler (0 / 1) : org.hibernate.sql.results.graph.entity.internal.EntityAssembler@673a5d75
10:24:08.231 [main] DEBUG org.hibernate.orm.results - Extracted JDBC value [0] - [72]
10:24:08.231 [main] DEBUG org.hibernate.orm.results.loading.entity - (EntityResultInitializer) Hydrated EntityKey (org.frcpm.models.Project(959664514551200)): 72
10:24:08.231 [main] DEBUG org.hibernate.orm.results.loading.org.hibernate.orm.results.loading.collection - (DelayedCollectionInitializer) Current row collection key : org.frcpm.models.Project(959664514551200).meetings#72
10:24:08.231 [main] DEBUG org.hibernate.orm.results.loading.org.hibernate.orm.results.loading.collection - (DelayedCollectionInitializer) Current row collection key : org.frcpm.models.Project(959664514551200).milestones#72
10:24:08.231 [main] DEBUG org.hibernate.orm.results.loading.org.hibernate.orm.results.loading.collection - (DelayedCollectionInitializer) Current row collection key : org.frcpm.models.Project(959664514551200).tasks#72
10:24:08.231 [main] DEBUG org.hibernate.orm.results.loading.entity - (EntityResultInitializer) Created new entity instance [org.frcpm.models.Project(959664514551200)#72] : 884151000
10:24:08.231 [main] DEBUG org.hibernate.orm.results - Extracted JDBC value [1] - [null]
10:24:08.231 [main] DEBUG org.hibernate.orm.results - Extracted JDBC value [2] - [2025-06-06]
10:24:08.231 [main] DEBUG org.hibernate.orm.results - Extracted JDBC value [3] - [2025-06-20]
10:24:08.231 [main] DEBUG org.hibernate.orm.results - Extracted JDBC value [4] - [Test Task Project]
10:24:08.231 [main] DEBUG org.hibernate.orm.results - Extracted JDBC value [5] - [2025-04-25]
10:24:08.231 [main] DEBUG org.hibernate.orm.results.loading.entity - (EntityResultInitializer) Done materializing entityInstance : org.frcpm.models.Project(959664514551200)#72
10:24:08.231 [main] DEBUG org.hibernate.orm.results.loading - Calling top-level assembler (0 / 1) : org.hibernate.sql.results.graph.entity.internal.EntityAssembler@673a5d75
10:24:08.231 [main] DEBUG org.hibernate.orm.results - Extracted JDBC value [0] - [73]
10:24:08.231 [main] DEBUG org.hibernate.orm.results.loading.entity - (EntityResultInitializer) Hydrated EntityKey (org.frcpm.models.Project(959664514551200)): 73
10:24:08.231 [main] DEBUG org.hibernate.orm.results.loading.org.hibernate.orm.results.loading.collection - (DelayedCollectionInitializer) Current row collection key : org.frcpm.models.Project(959664514551200).meetings#73
10:24:08.231 [main] DEBUG org.hibernate.orm.results.loading.org.hibernate.orm.results.loading.collection - (DelayedCollectionInitializer) Current row collection key : org.frcpm.models.Project(959664514551200).milestones#73
10:24:08.231 [main] DEBUG org.hibernate.orm.results.loading.org.hibernate.orm.results.loading.collection - (DelayedCollectionInitializer) Current row collection key : org.frcpm.models.Project(959664514551200).tasks#73
10:24:08.231 [main] DEBUG org.hibernate.orm.results.loading.entity - (EntityResultInitializer) Created new entity instance [org.frcpm.models.Project(959664514551200)#73] : 283980853
10:24:08.231 [main] DEBUG org.hibernate.orm.results - Extracted JDBC value [1] - [null]
10:24:08.231 [main] DEBUG org.hibernate.orm.results - Extracted JDBC value [2] - [2025-06-06]
10:24:08.231 [main] DEBUG org.hibernate.orm.results - Extracted JDBC value [3] - [2025-06-20]
10:24:08.231 [main] DEBUG org.hibernate.orm.results - Extracted JDBC value [4] - [Test Task Project]
10:24:08.231 [main] DEBUG org.hibernate.orm.results - Extracted JDBC value [5] - [2025-04-25]
10:24:08.231 [main] DEBUG org.hibernate.orm.results.loading.entity - (EntityResultInitializer) Done materializing entityInstance : org.frcpm.models.Project(959664514551200)#73
10:24:08.231 [main] DEBUG org.hibernate.orm.results.loading - Calling top-level assembler (0 / 1) : org.hibernate.sql.results.graph.entity.internal.EntityAssembler@673a5d75
10:24:08.231 [main] DEBUG org.hibernate.orm.results - Extracted JDBC value [0] - [74]
10:24:08.231 [main] DEBUG org.hibernate.orm.results.loading.entity - (EntityResultInitializer) Hydrated EntityKey (org.frcpm.models.Project(959664514551200)): 74
10:24:08.231 [main] DEBUG org.hibernate.orm.results.loading.org.hibernate.orm.results.loading.collection - (DelayedCollectionInitializer) Current row collection key : org.frcpm.models.Project(959664514551200).meetings#74
10:24:08.231 [main] DEBUG org.hibernate.orm.results.loading.org.hibernate.orm.results.loading.collection - (DelayedCollectionInitializer) Current row collection key : org.frcpm.models.Project(959664514551200).milestones#74
10:24:08.231 [main] DEBUG org.hibernate.orm.results.loading.org.hibernate.orm.results.loading.collection - (DelayedCollectionInitializer) Current row collection key : org.frcpm.models.Project(959664514551200).tasks#74
10:24:08.231 [main] DEBUG org.hibernate.orm.results.loading.entity - (EntityResultInitializer) Created new entity instance [org.frcpm.models.Project(959664514551200)#74] : 224702128
10:24:08.231 [main] DEBUG org.hibernate.orm.results - Extracted JDBC value [1] - [null]
10:24:08.231 [main] DEBUG org.hibernate.orm.results - Extracted JDBC value [2] - [2025-06-06]
10:24:08.232 [main] DEBUG org.hibernate.orm.results - Extracted JDBC value [3] - [2025-06-20]
10:24:08.232 [main] DEBUG org.hibernate.orm.results - Extracted JDBC value [4] - [Test Task Project]
10:24:08.232 [main] DEBUG org.hibernate.orm.results - Extracted JDBC value [5] - [2025-04-25]
10:24:08.232 [main] DEBUG org.hibernate.orm.results.loading.entity - (EntityResultInitializer) Done materializing entityInstance : org.frcpm.models.Project(959664514551200)#74
10:24:08.232 [main] DEBUG org.hibernate.orm.results.loading - Calling top-level assembler (0 / 1) : org.hibernate.sql.results.graph.entity.internal.EntityAssembler@673a5d75
10:24:08.232 [main] DEBUG org.hibernate.orm.results - Extracted JDBC value [0] - [75]
10:24:08.232 [main] DEBUG org.hibernate.orm.results.loading.entity - (EntityResultInitializer) Hydrated EntityKey (org.frcpm.models.Project(959664514551200)): 75
10:24:08.232 [main] DEBUG org.hibernate.orm.results.loading.org.hibernate.orm.results.loading.collection - (DelayedCollectionInitializer) Current row collection key : org.frcpm.models.Project(959664514551200).meetings#75
10:24:08.232 [main] DEBUG org.hibernate.orm.results.loading.org.hibernate.orm.results.loading.collection - (DelayedCollectionInitializer) Current row collection key : org.frcpm.models.Project(959664514551200).milestones#75
10:24:08.232 [main] DEBUG org.hibernate.orm.results.loading.org.hibernate.orm.results.loading.collection - (DelayedCollectionInitializer) Current row collection key : org.frcpm.models.Project(959664514551200).tasks#75
10:24:08.232 [main] DEBUG org.hibernate.orm.results.loading.entity - (EntityResultInitializer) Created new entity instance [org.frcpm.models.Project(959664514551200)#75] : 356238984
10:24:08.232 [main] DEBUG org.hibernate.orm.results - Extracted JDBC value [1] - [null]
10:24:08.232 [main] DEBUG org.hibernate.orm.results - Extracted JDBC value [2] - [2025-06-06]
10:24:08.232 [main] DEBUG org.hibernate.orm.results - Extracted JDBC value [3] - [2025-06-20]
10:24:08.232 [main] DEBUG org.hibernate.orm.results - Extracted JDBC value [4] - [Test Task Project]
10:24:08.232 [main] DEBUG org.hibernate.orm.results - Extracted JDBC value [5] - [2025-04-25]
10:24:08.232 [main] DEBUG org.hibernate.orm.results.loading.entity - (EntityResultInitializer) Done materializing entityInstance : org.frcpm.models.Project(959664514551200)#75
10:24:08.232 [main] DEBUG org.hibernate.orm.results.loading - Calling top-level assembler (0 / 1) : org.hibernate.sql.results.graph.entity.internal.EntityAssembler@673a5d75
10:24:08.232 [main] DEBUG org.hibernate.orm.results - Extracted JDBC value [0] - [76]
10:24:08.232 [main] DEBUG org.hibernate.orm.results.loading.entity - (EntityResultInitializer) Hydrated EntityKey (org.frcpm.models.Project(959664514551200)): 76
10:24:08.232 [main] DEBUG org.hibernate.orm.results.loading.org.hibernate.orm.results.loading.collection - (DelayedCollectionInitializer) Current row collection key : org.frcpm.models.Project(959664514551200).meetings#76
10:24:08.232 [main] DEBUG org.hibernate.orm.results.loading.org.hibernate.orm.results.loading.collection - (DelayedCollectionInitializer) Current row collection key : org.frcpm.models.Project(959664514551200).milestones#76
10:24:08.232 [main] DEBUG org.hibernate.orm.results.loading.org.hibernate.orm.results.loading.collection - (DelayedCollectionInitializer) Current row collection key : org.frcpm.models.Project(959664514551200).tasks#76
10:24:08.233 [main] DEBUG org.hibernate.orm.results.loading.entity - (EntityResultInitializer) Created new entity instance [org.frcpm.models.Project(959664514551200)#76] : 1507561086
10:24:08.233 [main] DEBUG org.hibernate.orm.results - Extracted JDBC value [1] - [null]
10:24:08.233 [main] DEBUG org.hibernate.orm.results - Extracted JDBC value [2] - [2025-06-06]
10:24:08.233 [main] DEBUG org.hibernate.orm.results - Extracted JDBC value [3] - [2025-06-20]
10:24:08.233 [main] DEBUG org.hibernate.orm.results - Extracted JDBC value [4] - [Test Task Project]
10:24:08.233 [main] DEBUG org.hibernate.orm.results - Extracted JDBC value [5] - [2025-04-25]
10:24:08.233 [main] DEBUG org.hibernate.orm.results.loading.entity - (EntityResultInitializer) Done materializing entityInstance : org.frcpm.models.Project(959664514551200)#76
10:24:08.233 [main] DEBUG org.hibernate.orm.results.loading - Calling top-level assembler (0 / 1) : org.hibernate.sql.results.graph.entity.internal.EntityAssembler@673a5d75
10:24:08.233 [main] DEBUG org.hibernate.orm.results - Extracted JDBC value [0] - [77]
10:24:08.233 [main] DEBUG org.hibernate.orm.results.loading.entity - (EntityResultInitializer) Hydrated EntityKey (org.frcpm.models.Project(959664514551200)): 77
10:24:08.233 [main] DEBUG org.hibernate.orm.results.loading.org.hibernate.orm.results.loading.collection - (DelayedCollectionInitializer) Current row collection key : org.frcpm.models.Project(959664514551200).meetings#77
10:24:08.233 [main] DEBUG org.hibernate.orm.results.loading.org.hibernate.orm.results.loading.collection - (DelayedCollectionInitializer) Current row collection key : org.frcpm.models.Project(959664514551200).milestones#77
10:24:08.233 [main] DEBUG org.hibernate.orm.results.loading.org.hibernate.orm.results.loading.collection - (DelayedCollectionInitializer) Current row collection key : org.frcpm.models.Project(959664514551200).tasks#77
10:24:08.233 [main] DEBUG org.hibernate.orm.results.loading.entity - (EntityResultInitializer) Created new entity instance [org.frcpm.models.Project(959664514551200)#77] : 825862926
10:24:08.233 [main] DEBUG org.hibernate.orm.results - Extracted JDBC value [1] - [null]
10:24:08.233 [main] DEBUG org.hibernate.orm.results - Extracted JDBC value [2] - [2025-06-06]
10:24:08.233 [main] DEBUG org.hibernate.orm.results - Extracted JDBC value [3] - [2025-06-20]
10:24:08.233 [main] DEBUG org.hibernate.orm.results - Extracted JDBC value [4] - [Test Task Project]
10:24:08.233 [main] DEBUG org.hibernate.orm.results - Extracted JDBC value [5] - [2025-04-25]
10:24:08.233 [main] DEBUG org.hibernate.orm.results.loading.entity - (EntityResultInitializer) Done materializing entityInstance : org.frcpm.models.Project(959664514551200)#77
10:24:08.233 [main] DEBUG org.hibernate.orm.results.loading - Calling top-level assembler (0 / 1) : org.hibernate.sql.results.graph.entity.internal.EntityAssembler@673a5d75
10:24:08.233 [main] DEBUG org.hibernate.orm.results - Extracted JDBC value [0] - [78]
10:24:08.233 [main] DEBUG org.hibernate.orm.results.loading.entity - (EntityResultInitializer) Hydrated EntityKey (org.frcpm.models.Project(959664514551200)): 78
10:24:08.233 [main] DEBUG org.hibernate.orm.results.loading.org.hibernate.orm.results.loading.collection - (DelayedCollectionInitializer) Current row collection key : org.frcpm.models.Project(959664514551200).meetings#78
10:24:08.233 [main] DEBUG org.hibernate.orm.results.loading.org.hibernate.orm.results.loading.collection - (DelayedCollectionInitializer) Current row collection key : org.frcpm.models.Project(959664514551200).milestones#78
10:24:08.233 [main] DEBUG org.hibernate.orm.results.loading.org.hibernate.orm.results.loading.collection - (DelayedCollectionInitializer) Current row collection key : org.frcpm.models.Project(959664514551200).tasks#78
10:24:08.233 [main] DEBUG org.hibernate.orm.results.loading.entity - (EntityResultInitializer) Created new entity instance [org.frcpm.models.Project(959664514551200)#78] : 2128786403
10:24:08.233 [main] DEBUG org.hibernate.orm.results - Extracted JDBC value [1] - [null]
10:24:08.233 [main] DEBUG org.hibernate.orm.results - Extracted JDBC value [2] - [2025-06-06]
10:24:08.233 [main] DEBUG org.hibernate.orm.results - Extracted JDBC value [3] - [2025-06-20]
10:24:08.233 [main] DEBUG org.hibernate.orm.results - Extracted JDBC value [4] - [Test Task Project]
10:24:08.233 [main] DEBUG org.hibernate.orm.results - Extracted JDBC value [5] - [2025-04-25]
10:24:08.233 [main] DEBUG org.hibernate.orm.results.loading.entity - (EntityResultInitializer) Done materializing entityInstance : org.frcpm.models.Project(959664514551200)#78
10:24:08.233 [main] DEBUG org.hibernate.orm.results.loading - Calling top-level assembler (0 / 1) : org.hibernate.sql.results.graph.entity.internal.EntityAssembler@673a5d75
10:24:08.233 [main] DEBUG org.hibernate.orm.results - Extracted JDBC value [0] - [79]
10:24:08.233 [main] DEBUG org.hibernate.orm.results.loading.entity - (EntityResultInitializer) Hydrated EntityKey (org.frcpm.models.Project(959664514551200)): 79
10:24:08.233 [main] DEBUG org.hibernate.orm.results.loading.org.hibernate.orm.results.loading.collection - (DelayedCollectionInitializer) Current row collection key : org.frcpm.models.Project(959664514551200).meetings#79
10:24:08.233 [main] DEBUG org.hibernate.orm.results.loading.org.hibernate.orm.results.loading.collection - (DelayedCollectionInitializer) Current row collection key : org.frcpm.models.Project(959664514551200).milestones#79
10:24:08.233 [main] DEBUG org.hibernate.orm.results.loading.org.hibernate.orm.results.loading.collection - (DelayedCollectionInitializer) Current row collection key : org.frcpm.models.Project(959664514551200).tasks#79
10:24:08.233 [main] DEBUG org.hibernate.orm.results.loading.entity - (EntityResultInitializer) Created new entity instance [org.frcpm.models.Project(959664514551200)#79] : 803163400
10:24:08.233 [main] DEBUG org.hibernate.orm.results - Extracted JDBC value [1] - [null]
10:24:08.233 [main] DEBUG org.hibernate.orm.results - Extracted JDBC value [2] - [2025-06-06]
10:24:08.233 [main] DEBUG org.hibernate.orm.results - Extracted JDBC value [3] - [2025-06-20]
10:24:08.233 [main] DEBUG org.hibernate.orm.results - Extracted JDBC value [4] - [Test Task Project]
10:24:08.233 [main] DEBUG org.hibernate.orm.results - Extracted JDBC value [5] - [2025-04-25]
10:24:08.233 [main] DEBUG org.hibernate.orm.results.loading.entity - (EntityResultInitializer) Done materializing entityInstance : org.frcpm.models.Project(959664514551200)#79
10:24:08.233 [main] DEBUG org.hibernate.orm.results.loading - Calling top-level assembler (0 / 1) : org.hibernate.sql.results.graph.entity.internal.EntityAssembler@673a5d75
10:24:08.233 [main] DEBUG org.hibernate.orm.results - Extracted JDBC value [0] - [80]
10:24:08.233 [main] DEBUG org.hibernate.orm.results.loading.entity - (EntityResultInitializer) Hydrated EntityKey (org.frcpm.models.Project(959664514551200)): 80
10:24:08.233 [main] DEBUG org.hibernate.orm.results.loading.org.hibernate.orm.results.loading.collection - (DelayedCollectionInitializer) Current row collection key : org.frcpm.models.Project(959664514551200).meetings#80
10:24:08.233 [main] DEBUG org.hibernate.orm.results.loading.org.hibernate.orm.results.loading.collection - (DelayedCollectionInitializer) Current row collection key : org.frcpm.models.Project(959664514551200).milestones#80
10:24:08.233 [main] DEBUG org.hibernate.orm.results.loading.org.hibernate.orm.results.loading.collection - (DelayedCollectionInitializer) Current row collection key : org.frcpm.models.Project(959664514551200).tasks#80
10:24:08.233 [main] DEBUG org.hibernate.orm.results.loading.entity - (EntityResultInitializer) Created new entity instance [org.frcpm.models.Project(959664514551200)#80] : 1246820432
10:24:08.233 [main] DEBUG org.hibernate.orm.results - Extracted JDBC value [1] - [null]
10:24:08.233 [main] DEBUG org.hibernate.orm.results - Extracted JDBC value [2] - [2025-06-06]
10:24:08.233 [main] DEBUG org.hibernate.orm.results - Extracted JDBC value [3] - [2025-06-20]
10:24:08.233 [main] DEBUG org.hibernate.orm.results - Extracted JDBC value [4] - [Test Task Project]
10:24:08.233 [main] DEBUG org.hibernate.orm.results - Extracted JDBC value [5] - [2025-04-25]
10:24:08.233 [main] DEBUG org.hibernate.orm.results.loading.entity - (EntityResultInitializer) Done materializing entityInstance : org.frcpm.models.Project(959664514551200)#80
10:24:08.233 [main] DEBUG org.hibernate.orm.results.loading - Calling top-level assembler (0 / 1) : org.hibernate.sql.results.graph.entity.internal.EntityAssembler@673a5d75
10:24:08.233 [main] DEBUG org.hibernate.orm.results - Extracted JDBC value [0] - [81]
10:24:08.233 [main] DEBUG org.hibernate.orm.results.loading.entity - (EntityResultInitializer) Hydrated EntityKey (org.frcpm.models.Project(959664514551200)): 81
10:24:08.233 [main] DEBUG org.hibernate.orm.results.loading.org.hibernate.orm.results.loading.collection - (DelayedCollectionInitializer) Current row collection key : org.frcpm.models.Project(959664514551200).meetings#81
10:24:08.233 [main] DEBUG org.hibernate.orm.results.loading.org.hibernate.orm.results.loading.collection - (DelayedCollectionInitializer) Current row collection key : org.frcpm.models.Project(959664514551200).milestones#81
10:24:08.233 [main] DEBUG org.hibernate.orm.results.loading.org.hibernate.orm.results.loading.collection - (DelayedCollectionInitializer) Current row collection key : org.frcpm.models.Project(959664514551200).tasks#81
10:24:08.233 [main] DEBUG org.hibernate.orm.results.loading.entity - (EntityResultInitializer) Created new entity instance [org.frcpm.models.Project(959664514551200)#81] : 1950398339
10:24:08.233 [main] DEBUG org.hibernate.orm.results - Extracted JDBC value [1] - [null]
10:24:08.233 [main] DEBUG org.hibernate.orm.results - Extracted JDBC value [2] - [2025-06-06]
10:24:08.233 [main] DEBUG org.hibernate.orm.results - Extracted JDBC value [3] - [2025-06-20]
10:24:08.233 [main] DEBUG org.hibernate.orm.results - Extracted JDBC value [4] - [Test Task Project]
10:24:08.233 [main] DEBUG org.hibernate.orm.results - Extracted JDBC value [5] - [2025-04-25]
10:24:08.233 [main] DEBUG org.hibernate.orm.results.loading.entity - (EntityResultInitializer) Done materializing entityInstance : org.frcpm.models.Project(959664514551200)#81
10:24:08.233 [main] DEBUG org.hibernate.orm.results.loading - Calling top-level assembler (0 / 1) : org.hibernate.sql.results.graph.entity.internal.EntityAssembler@673a5d75
10:24:08.233 [main] DEBUG org.hibernate.orm.results - Extracted JDBC value [0] - [82]
10:24:08.233 [main] DEBUG org.hibernate.orm.results.loading.entity - (EntityResultInitializer) Hydrated EntityKey (org.frcpm.models.Project(959664514551200)): 82
10:24:08.233 [main] DEBUG org.hibernate.orm.results.loading.org.hibernate.orm.results.loading.collection - (DelayedCollectionInitializer) Current row collection key : org.frcpm.models.Project(959664514551200).meetings#82
10:24:08.233 [main] DEBUG org.hibernate.orm.results.loading.org.hibernate.orm.results.loading.collection - (DelayedCollectionInitializer) Current row collection key : org.frcpm.models.Project(959664514551200).milestones#82
10:24:08.233 [main] DEBUG org.hibernate.orm.results.loading.org.hibernate.orm.results.loading.collection - (DelayedCollectionInitializer) Current row collection key : org.frcpm.models.Project(959664514551200).tasks#82
10:24:08.233 [main] DEBUG org.hibernate.orm.results.loading.entity - (EntityResultInitializer) Created new entity instance [org.frcpm.models.Project(959664514551200)#82] : 1311353543
10:24:08.233 [main] DEBUG org.hibernate.orm.results - Extracted JDBC value [1] - [null]
10:24:08.233 [main] DEBUG org.hibernate.orm.results - Extracted JDBC value [2] - [2025-06-06]
10:24:08.233 [main] DEBUG org.hibernate.orm.results - Extracted JDBC value [3] - [2025-06-20]
10:24:08.233 [main] DEBUG org.hibernate.orm.results - Extracted JDBC value [4] - [Test Task Project]
10:24:08.233 [main] DEBUG org.hibernate.orm.results - Extracted JDBC value [5] - [2025-04-25]
10:24:08.233 [main] DEBUG org.hibernate.orm.results.loading.entity - (EntityResultInitializer) Done materializing entityInstance : org.frcpm.models.Project(959664514551200)#82
10:24:08.233 [main] DEBUG org.hibernate.orm.results.loading - Calling top-level assembler (0 / 1) : org.hibernate.sql.results.graph.entity.internal.EntityAssembler@673a5d75
10:24:08.233 [main] DEBUG org.hibernate.orm.results - Extracted JDBC value [0] - [104]
10:24:08.233 [main] DEBUG org.hibernate.orm.results.loading.entity - (EntityResultInitializer) Hydrated EntityKey (org.frcpm.models.Project(959664514551200)): 104
10:24:08.233 [main] DEBUG org.hibernate.orm.results.loading.org.hibernate.orm.results.loading.collection - (DelayedCollectionInitializer) Current row collection key : org.frcpm.models.Project(959664514551200).meetings#104
10:24:08.233 [main] DEBUG org.hibernate.orm.results.loading.org.hibernate.orm.results.loading.collection - (DelayedCollectionInitializer) Current row collection key : org.frcpm.models.Project(959664514551200).milestones#104
[...]
10:24:08.589 [main] DEBUG org.hibernate.orm.results.loading - Calling top-level assembler (0 / 1) : org.hibernate.sql.results.graph.entity.internal.EntityAssembler@70c3b62b
10:24:08.589 [main] DEBUG org.hibernate.orm.results - Extracted JDBC value [0] - [77]
10:24:08.589 [main] DEBUG org.hibernate.orm.results.loading.entity - (EntityResultInitializer) Hydrated EntityKey (org.frcpm.models.Project(959664869500900)): 77
10:24:08.589 [main] DEBUG org.hibernate.orm.results.loading.org.hibernate.orm.results.loading.collection - (DelayedCollectionInitializer) Current row collection key : org.frcpm.models.Project(959664869500900).meetings#77
10:24:08.589 [main] DEBUG org.hibernate.orm.results.loading.org.hibernate.orm.results.loading.collection - (DelayedCollectionInitializer) Current row collection key : org.frcpm.models.Project(959664869500900).milestones#77
10:24:08.589 [main] DEBUG org.hibernate.orm.results.loading.org.hibernate.orm.results.loading.collection - (DelayedCollectionInitializer) Current row collection key : org.frcpm.models.Project(959664869500900).tasks#77
10:24:08.589 [main] DEBUG org.hibernate.orm.results.loading.entity - (EntityResultInitializer) Created new entity instance [org.frcpm.models.Project(959664869500900)#77] : 799395431
10:24:08.589 [main] DEBUG org.hibernate.orm.results - Extracted JDBC value [1] - [null]
10:24:08.589 [main] DEBUG org.hibernate.orm.results - Extracted JDBC value [2] - [2025-06-06]
10:24:08.589 [main] DEBUG org.hibernate.orm.results - Extracted JDBC value [3] - [2025-06-20]
10:24:08.589 [main] DEBUG org.hibernate.orm.results - Extracted JDBC value [4] - [Test Task Project]
10:24:08.589 [main] DEBUG org.hibernate.orm.results - Extracted JDBC value [5] - [2025-04-25]
10:24:08.589 [main] DEBUG org.hibernate.orm.results.loading.entity - (EntityResultInitializer) Done materializing entityInstance : org.frcpm.models.Project(959664869500900)#77
10:24:08.589 [main] DEBUG org.hibernate.orm.results.loading - Calling top-level assembler (0 / 1) : org.hibernate.sql.results.graph.entity.internal.EntityAssembler@70c3b62b
10:24:08.589 [main] DEBUG org.hibernate.orm.results - Extracted JDBC value [0] - [78]
10:24:08.589 [main] DEBUG org.hibernate.orm.results.loading.entity - (EntityResultInitializer) Hydrated EntityKey (org.frcpm.models.Project(959664869500900)): 78
10:24:08.589 [main] DEBUG org.hibernate.orm.results.loading.org.hibernate.orm.results.loading.collection - (DelayedCollectionInitializer) Current row collection key : org.frcpm.models.Project(959664869500900).meetings#78
10:24:08.589 [main] DEBUG org.hibernate.orm.results.loading.org.hibernate.orm.results.loading.collection - (DelayedCollectionInitializer) Current row collection key : org.frcpm.models.Project(959664869500900).milestones#78
10:24:08.589 [main] DEBUG org.hibernate.orm.results.loading.org.hibernate.orm.results.loading.collection - (DelayedCollectionInitializer) Current row collection key : org.frcpm.models.Project(959664869500900).tasks#78
10:24:08.589 [main] DEBUG org.hibernate.orm.results.loading.entity - (EntityResultInitializer) Created new entity instance [org.frcpm.models.Project(959664869500900)#78] : 580178780
10:24:08.589 [main] DEBUG org.hibernate.orm.results - Extracted JDBC value [1] - [null]
10:24:08.589 [main] DEBUG org.hibernate.orm.results - Extracted JDBC value [2] - [2025-06-06]
10:24:08.589 [main] DEBUG org.hibernate.orm.results - Extracted JDBC value [3] - [2025-06-20]
10:24:08.589 [main] DEBUG org.hibernate.orm.results - Extracted JDBC value [4] - [Test Task Project]
10:24:08.589 [main] DEBUG org.hibernate.orm.results - Extracted JDBC value [5] - [2025-04-25]
10:24:08.589 [main] DEBUG org.hibernate.orm.results.loading.entity - (EntityResultInitializer) Done materializing entityInstance : org.frcpm.models.Project(959664869500900)#78
10:24:08.589 [main] DEBUG org.hibernate.orm.results.loading - Calling top-level assembler (0 / 1) : org.hibernate.sql.results.graph.entity.internal.EntityAssembler@70c3b62b
10:24:08.589 [main] DEBUG org.hibernate.orm.results - Extracted JDBC value [0] - [79]
10:24:08.589 [main] DEBUG org.hibernate.orm.results.loading.entity - (EntityResultInitializer) Hydrated EntityKey (org.frcpm.models.Project(959664869500900)): 79
10:24:08.589 [main] DEBUG org.hibernate.orm.results.loading.org.hibernate.orm.results.loading.collection - (DelayedCollectionInitializer) Current row collection key : org.frcpm.models.Project(959664869500900).meetings#79
10:24:08.589 [main] DEBUG org.hibernate.orm.results.loading.org.hibernate.orm.results.loading.collection - (DelayedCollectionInitializer) Current row collection key : org.frcpm.models.Project(959664869500900).milestones#79
10:24:08.589 [main] DEBUG org.hibernate.orm.results.loading.org.hibernate.orm.results.loading.collection - (DelayedCollectionInitializer) Current row collection key : org.frcpm.models.Project(959664869500900).tasks#79
10:24:08.589 [main] DEBUG org.hibernate.orm.results.loading.entity - (EntityResultInitializer) Created new entity instance [org.frcpm.models.Project(959664869500900)#79] : 2114628469
10:24:08.589 [main] DEBUG org.hibernate.orm.results - Extracted JDBC value [1] - [null]
10:24:08.589 [main] DEBUG org.hibernate.orm.results - Extracted JDBC value [2] - [2025-06-06]
10:24:08.589 [main] DEBUG org.hibernate.orm.results - Extracted JDBC value [3] - [2025-06-20]
10:24:08.589 [main] DEBUG org.hibernate.orm.results - Extracted JDBC value [4] - [Test Task Project]
10:24:08.589 [main] DEBUG org.hibernate.orm.results - Extracted JDBC value [5] - [2025-04-25]
10:24:08.589 [main] DEBUG org.hibernate.orm.results.loading.entity - (EntityResultInitializer) Done materializing entityInstance : org.frcpm.models.Project(959664869500900)#79
10:24:08.589 [main] DEBUG org.hibernate.orm.results.loading - Calling top-level assembler (0 / 1) : org.hibernate.sql.results.graph.entity.internal.EntityAssembler@70c3b62b
10:24:08.589 [main] DEBUG org.hibernate.orm.results - Extracted JDBC value [0] - [80]
10:24:08.590 [main] DEBUG org.hibernate.orm.results.loading.entity - (EntityResultInitializer) Hydrated EntityKey (org.frcpm.models.Project(959664869500900)): 80
10:24:08.590 [main] DEBUG org.hibernate.orm.results.loading.org.hibernate.orm.results.loading.collection - (DelayedCollectionInitializer) Current row collection key : org.frcpm.models.Project(959664869500900).meetings#80
10:24:08.590 [main] DEBUG org.hibernate.orm.results.loading.org.hibernate.orm.results.loading.collection - (DelayedCollectionInitializer) Current row collection key : org.frcpm.models.Project(959664869500900).milestones#80
10:24:08.590 [main] DEBUG org.hibernate.orm.results.loading.org.hibernate.orm.results.loading.collection - (DelayedCollectionInitializer) Current row collection key : org.frcpm.models.Project(959664869500900).tasks#80
10:24:08.590 [main] DEBUG org.hibernate.orm.results.loading.entity - (EntityResultInitializer) Created new entity instance [org.frcpm.models.Project(959664869500900)#80] : 260846831
10:24:08.590 [main] DEBUG org.hibernate.orm.results - Extracted JDBC value [1] - [null]
10:24:08.590 [main] DEBUG org.hibernate.orm.results - Extracted JDBC value [2] - [2025-06-06]
10:24:08.590 [main] DEBUG org.hibernate.orm.results - Extracted JDBC value [3] - [2025-06-20]
10:24:08.590 [main] DEBUG org.hibernate.orm.results - Extracted JDBC value [4] - [Test Task Project]
10:24:08.590 [main] DEBUG org.hibernate.orm.results - Extracted JDBC value [5] - [2025-04-25]
10:24:08.590 [main] DEBUG org.hibernate.orm.results.loading.entity - (EntityResultInitializer) Done materializing entityInstance : org.frcpm.models.Project(959664869500900)#80
10:24:08.590 [main] DEBUG org.hibernate.orm.results.loading - Calling top-level assembler (0 / 1) : org.hibernate.sql.results.graph.entity.internal.EntityAssembler@70c3b62b
10:24:08.590 [main] DEBUG org.hibernate.orm.results - Extracted JDBC value [0] - [81]
10:24:08.590 [main] DEBUG org.hibernate.orm.results.loading.entity - (EntityResultInitializer) Hydrated EntityKey (org.frcpm.models.Project(959664869500900)): 81
10:24:08.590 [main] DEBUG org.hibernate.orm.results.loading.org.hibernate.orm.results.loading.collection - (DelayedCollectionInitializer) Current row collection key : org.frcpm.models.Project(959664869500900).meetings#81
10:24:08.590 [main] DEBUG org.hibernate.orm.results.loading.org.hibernate.orm.results.loading.collection - (DelayedCollectionInitializer) Current row collection key : org.frcpm.models.Project(959664869500900).milestones#81
10:24:08.590 [main] DEBUG org.hibernate.orm.results.loading.org.hibernate.orm.results.loading.collection - (DelayedCollectionInitializer) Current row collection key : org.frcpm.models.Project(959664869500900).tasks#81
10:24:08.590 [main] DEBUG org.hibernate.orm.results.loading.entity - (EntityResultInitializer) Created new entity instance [org.frcpm.models.Project(959664869500900)#81] : 275644312
10:24:08.590 [main] DEBUG org.hibernate.orm.results - Extracted JDBC value [1] - [null]
10:24:08.590 [main] DEBUG org.hibernate.orm.results - Extracted JDBC value [2] - [2025-06-06]
10:24:08.590 [main] DEBUG org.hibernate.orm.results - Extracted JDBC value [3] - [2025-06-20]
10:24:08.590 [main] DEBUG org.hibernate.orm.results - Extracted JDBC value [4] - [Test Task Project]
10:24:08.590 [main] DEBUG org.hibernate.orm.results - Extracted JDBC value [5] - [2025-04-25]
10:24:08.590 [main] DEBUG org.hibernate.orm.results.loading.entity - (EntityResultInitializer) Done materializing entityInstance : org.frcpm.models.Project(959664869500900)#81
10:24:08.590 [main] DEBUG org.hibernate.orm.results.loading - Calling top-level assembler (0 / 1) : org.hibernate.sql.results.graph.entity.internal.EntityAssembler@70c3b62b
10:24:08.590 [main] DEBUG org.hibernate.orm.results - Extracted JDBC value [0] - [82]
10:24:08.590 [main] DEBUG org.hibernate.orm.results.loading.entity - (EntityResultInitializer) Hydrated EntityKey (org.frcpm.models.Project(959664869500900)): 82
10:24:08.590 [main] DEBUG org.hibernate.orm.results.loading.org.hibernate.orm.results.loading.collection - (DelayedCollectionInitializer) Current row collection key : org.frcpm.models.Project(959664869500900).meetings#82
10:24:08.590 [main] DEBUG org.hibernate.orm.results.loading.org.hibernate.orm.results.loading.collection - (DelayedCollectionInitializer) Current row collection key : org.frcpm.models.Project(959664869500900).milestones#82
10:24:08.590 [main] DEBUG org.hibernate.orm.results.loading.org.hibernate.orm.results.loading.collection - (DelayedCollectionInitializer) Current row collection key : org.frcpm.models.Project(959664869500900).tasks#82
10:24:08.590 [main] DEBUG org.hibernate.orm.results.loading.entity - (EntityResultInitializer) Created new entity instance [org.frcpm.models.Project(959664869500900)#82] : 1352663863
10:24:08.590 [main] DEBUG org.hibernate.orm.results - Extracted JDBC value [1] - [null]
10:24:08.590 [main] DEBUG org.hibernate.orm.results - Extracted JDBC value [2] - [2025-06-06]
10:24:08.590 [main] DEBUG org.hibernate.orm.results - Extracted JDBC value [3] - [2025-06-20]
10:24:08.590 [main] DEBUG org.hibernate.orm.results - Extracted JDBC value [4] - [Test Task Project]
10:24:08.590 [main] DEBUG org.hibernate.orm.results - Extracted JDBC value [5] - [2025-04-25]
10:24:08.590 [main] DEBUG org.hibernate.orm.results.loading.entity - (EntityResultInitializer) Done materializing entityInstance : org.frcpm.models.Project(959664869500900)#82
10:24:08.590 [main] DEBUG org.hibernate.orm.results.loading - Calling top-level assembler (0 / 1) : org.hibernate.sql.results.graph.entity.internal.EntityAssembler@70c3b62b
10:24:08.590 [main] DEBUG org.hibernate.orm.results - Extracted JDBC value [0] - [104]
10:24:08.590 [main] DEBUG org.hibernate.orm.results.loading.entity - (EntityResultInitializer) Hydrated EntityKey (org.frcpm.models.Project(959664869500900)): 104
10:24:08.590 [main] DEBUG org.hibernate.orm.results.loading.org.hibernate.orm.results.loading.collection - (DelayedCollectionInitializer) Current row collection key : org.frcpm.models.Project(959664869500900).meetings#104
10:24:08.590 [main] DEBUG org.hibernate.orm.results.loading.org.hibernate.orm.results.loading.collection - (DelayedCollectionInitializer) Current row collection key : org.frcpm.models.Project(959664869500900).milestones#104
10:24:08.590 [main] DEBUG org.hibernate.orm.results.loading.org.hibernate.orm.results.loading.collection - (DelayedCollectionInitializer) Current row collection key : org.frcpm.models.Project(959664869500900).tasks#104
10:24:08.590 [main] DEBUG org.hibernate.orm.results.loading.entity - (EntityResultInitializer) Created new entity instance [org.frcpm.models.Project(959664869500900)#104] : 913681816
10:24:08.590 [main] DEBUG org.hibernate.orm.results - Extracted JDBC value [1] - [null]
10:24:08.590 [main] DEBUG org.hibernate.orm.results - Extracted JDBC value [2] - [2025-06-06]
10:24:08.590 [main] DEBUG org.hibernate.orm.results - Extracted JDBC value [3] - [2025-06-20]
10:24:08.590 [main] DEBUG org.hibernate.orm.results - Extracted JDBC value [4] - [Component Test Project]
10:24:08.590 [main] DEBUG org.hibernate.orm.results - Extracted JDBC value [5] - [2025-04-25]
10:24:08.590 [main] DEBUG org.hibernate.orm.results.loading.entity - (EntityResultInitializer) Done materializing entityInstance : org.frcpm.models.Project(959664869500900)#104
10:24:08.590 [main] DEBUG org.hibernate.orm.results.loading - Calling top-level assembler (0 / 1) : org.hibernate.sql.results.graph.entity.internal.EntityAssembler@70c3b62b
10:24:08.590 [main] DEBUG org.hibernate.orm.results - Extracted JDBC value [0] - [135]
10:24:08.590 [main] DEBUG org.hibernate.orm.results.loading.entity - (EntityResultInitializer) Hydrated EntityKey (org.frcpm.models.Project(959664869500900)): 135
10:24:08.590 [main] DEBUG org.hibernate.orm.results.loading.org.hibernate.orm.results.loading.collection - (DelayedCollectionInitializer) Current row collection key : org.frcpm.models.Project(959664869500900).meetings#135
10:24:08.590 [main] DEBUG org.hibernate.orm.results.loading.org.hibernate.orm.results.loading.collection - (DelayedCollectionInitializer) Current row collection key : org.frcpm.models.Project(959664869500900).milestones#135
10:24:08.590 [main] DEBUG org.hibernate.orm.results.loading.org.hibernate.orm.results.loading.collection - (DelayedCollectionInitializer) Current row collection key : org.frcpm.models.Project(959664869500900).tasks#135
10:24:08.590 [main] DEBUG org.hibernate.orm.results.loading.entity - (EntityResultInitializer) Created new entity instance [org.frcpm.models.Project(959664869500900)#135] : 1434417325
10:24:08.591 [main] DEBUG org.hibernate.orm.results - Extracted JDBC value [1] - [null]
10:24:08.591 [main] DEBUG org.hibernate.orm.results - Extracted JDBC value [2] - [2025-05-23]
10:24:08.591 [main] DEBUG org.hibernate.orm.results - Extracted JDBC value [3] - [2025-06-06]
10:24:08.591 [main] DEBUG org.hibernate.orm.results - Extracted JDBC value [4] - [Test Create Service Project]
10:24:08.591 [main] DEBUG org.hibernate.orm.results - Extracted JDBC value [5] - [2025-04-25]
10:24:08.591 [main] DEBUG org.hibernate.orm.results.loading.entity - (EntityResultInitializer) Done materializing entityInstance : org.frcpm.models.Project(959664869500900)#135
10:24:08.591 [main] DEBUG org.hibernate.orm.results.loading - Calling top-level assembler (0 / 1) : org.hibernate.sql.results.graph.entity.internal.EntityAssembler@70c3b62b
10:24:08.591 [main] DEBUG org.hibernate.orm.results - Extracted JDBC value [0] - [142]
10:24:08.591 [main] DEBUG org.hibernate.orm.results.loading.entity - (EntityResultInitializer) Hydrated EntityKey (org.frcpm.models.Project(959664869500900)): 142
10:24:08.591 [main] DEBUG org.hibernate.orm.results.loading.org.hibernate.orm.results.loading.collection - (DelayedCollectionInitializer) Current row collection key : org.frcpm.models.Project(959664869500900).meetings#142
10:24:08.591 [main] DEBUG org.hibernate.orm.results.loading.org.hibernate.orm.results.loading.collection - (DelayedCollectionInitializer) Current row collection key : org.frcpm.models.Project(959664869500900).milestones#142
10:24:08.591 [main] DEBUG org.hibernate.orm.results.loading.org.hibernate.orm.results.loading.collection - (DelayedCollectionInitializer) Current row collection key : org.frcpm.models.Project(959664869500900).tasks#142
10:24:08.591 [main] DEBUG org.hibernate.orm.results.loading.entity - (EntityResultInitializer) Created new entity instance [org.frcpm.models.Project(959664869500900)#142] : 606905461
10:24:08.591 [main] DEBUG org.hibernate.orm.results - Extracted JDBC value [1] - [Updated description]
10:24:08.591 [main] DEBUG org.hibernate.orm.results - Extracted JDBC value [2] - [2025-05-23]
10:24:08.591 [main] DEBUG org.hibernate.orm.results - Extracted JDBC value [3] - [2025-06-06]
10:24:08.591 [main] DEBUG org.hibernate.orm.results - Extracted JDBC value [4] - [Updated Service Project Name]
10:24:08.591 [main] DEBUG org.hibernate.orm.results - Extracted JDBC value [5] - [2025-04-25]
10:24:08.591 [main] DEBUG org.hibernate.orm.results.loading.entity - (EntityResultInitializer) Done materializing entityInstance : org.frcpm.models.Project(959664869500900)#142
10:24:08.591 [main] DEBUG org.hibernate.orm.results.loading - Calling top-level assembler (0 / 1) : org.hibernate.sql.results.graph.entity.internal.EntityAssembler@70c3b62b
10:24:08.591 [main] DEBUG org.hibernate.orm.results - Extracted JDBC value [0] - [148]
10:24:08.591 [main] DEBUG org.hibernate.orm.results.loading.entity - (EntityResultInitializer) Hydrated EntityKey (org.frcpm.models.Project(959664869500900)): 148
10:24:08.591 [main] DEBUG org.hibernate.orm.results.loading.org.hibernate.orm.results.loading.collection - (DelayedCollectionInitializer) Current row collection key : org.frcpm.models.Project(959664869500900).meetings#148
10:24:08.591 [main] DEBUG org.hibernate.orm.results.loading.org.hibernate.orm.results.loading.collection - (DelayedCollectionInitializer) Current row collection key : org.frcpm.models.Project(959664869500900).milestones#148
10:24:08.591 [main] DEBUG org.hibernate.orm.results.loading.org.hibernate.orm.results.loading.collection - (DelayedCollectionInitializer) Current row collection key : org.frcpm.models.Project(959664869500900).tasks#148
10:24:08.591 [main] DEBUG org.hibernate.orm.results.loading.entity - (EntityResultInitializer) Created new entity instance [org.frcpm.models.Project(959664869500900)#148] : 1969209259
10:24:08.591 [main] DEBUG org.hibernate.orm.results - Extracted JDBC value [1] - [null]
10:24:08.591 [main] DEBUG org.hibernate.orm.results - Extracted JDBC value [2] - [2025-05-23]
10:24:08.591 [main] DEBUG org.hibernate.orm.results - Extracted JDBC value [3] - [2025-06-06]
10:24:08.591 [main] DEBUG org.hibernate.orm.results - Extracted JDBC value [4] - [Test Summary Project]
10:24:08.591 [main] DEBUG org.hibernate.orm.results - Extracted JDBC value [5] - [2025-04-25]
10:24:08.592 [main] DEBUG org.hibernate.orm.results.loading.entity - (EntityResultInitializer) Done materializing entityInstance : org.frcpm.models.Project(959664869500900)#148
10:24:08.592 [main] DEBUG org.hibernate.orm.results.loading - Calling top-level assembler (0 / 1) : org.hibernate.sql.results.graph.entity.internal.EntityAssembler@70c3b62b
10:24:08.592 [main] DEBUG org.hibernate.resource.jdbc.internal.LogicalConnectionManagedImpl - Initiating JDBC connection release from afterTransaction
10:24:08.592 [main] DEBUG org.hibernate.resource.jdbc.internal.LogicalConnectionManagedImpl - Initiating JDBC connection release from afterTransaction
]]></system-out>
    <system-err><![CDATA[Apr 25, 2025 10:24:08 AM org.frcpm.controllers.ProjectController setupBindings
WARNING: UI components not initialized - likely in test environment
]]></system-err>
  </testcase>
</testsuite>