<?xml version="1.0" encoding="UTF-8"?>
<testsuite xmlns:xsi="http://www.w3.org/2001/XMLSchema-instance" xsi:noNamespaceSchemaLocation="https://maven.apache.org/surefire/maven-surefire-plugin/xsd/surefire-test-report-3.0.xsd" version="3.0" name="org.frcpm.controllers.TeamControllerTest" time="0.273" tests="19" errors="10" skipped="0" failures="2">
  <properties>
[...]
</properties>
  <testcase name="testHandleEditMember" classname="org.frcpm.controllers.TeamControllerTest" time="0.148">
    <error message="Cannot invoke &quot;javafx.scene.control.TableView.getSelectionModel()&quot; because &quot;&lt;local2&gt;.membersTable&quot; is null" type="java.lang.NullPointerException"><![CDATA[java.lang.NullPointerException: Cannot invoke "javafx.scene.control.TableView.getSelectionModel()" because "<local2>.membersTable" is null
	at org.frcpm.controllers.TeamController.handleEditMember(TeamController.java:256)
	at org.frcpm.controllers.TeamControllerTest.testHandleEditMember(TeamControllerTest.java:112)
	at java.base/java.lang.reflect.Method.invoke(Method.java:580)
	at java.base/java.util.ArrayList.forEach(ArrayList.java:1596)
	at java.base/java.util.ArrayList.forEach(ArrayList.java:1596)
]]></error>
  </testcase>
  <testcase name="testShowConfirmationAlert" classname="org.frcpm.controllers.TeamControllerTest" time="0.006"/>
  <testcase name="testShowInfoAlert" classname="org.frcpm.controllers.TeamControllerTest" time="0.004"/>
  <testcase name="testHandleDeleteMember_NoSelection" classname="org.frcpm.controllers.TeamControllerTest" time="0.004">
    <error message="Cannot invoke &quot;javafx.scene.control.TableView.getSelectionModel()&quot; because &quot;&lt;local2&gt;.membersTable&quot; is null" type="java.lang.NullPointerException"><![CDATA[java.lang.NullPointerException: Cannot invoke "javafx.scene.control.TableView.getSelectionModel()" because "<local2>.membersTable" is null
	at org.frcpm.controllers.TeamController.handleDeleteMember(TeamController.java:275)
	at org.frcpm.controllers.TeamControllerTest.testHandleDeleteMember_NoSelection(TeamControllerTest.java:169)
	at java.base/java.lang.reflect.Method.invoke(Method.java:580)
	at java.base/java.util.ArrayList.forEach(ArrayList.java:1596)
	at java.base/java.util.ArrayList.forEach(ArrayList.java:1596)
]]></error>
  </testcase>
  <testcase name="testHandleEditSubteam" classname="org.frcpm.controllers.TeamControllerTest" time="0.007">
    <error message="Cannot invoke &quot;javafx.scene.control.TableView.getSelectionModel()&quot; because &quot;&lt;local2&gt;.subteamsTable&quot; is null" type="java.lang.NullPointerException"><![CDATA[java.lang.NullPointerException: Cannot invoke "javafx.scene.control.TableView.getSelectionModel()" because "<local2>.subteamsTable" is null
	at org.frcpm.controllers.TeamController.handleEditSubteam(TeamController.java:318)
	at org.frcpm.controllers.TeamControllerTest.testHandleEditSubteam(TeamControllerTest.java:190)
	at java.base/java.lang.reflect.Method.invoke(Method.java:580)
	at java.base/java.util.ArrayList.forEach(ArrayList.java:1596)
	at java.base/java.util.ArrayList.forEach(ArrayList.java:1596)
]]></error>
  </testcase>
  <testcase name="testHandleDeleteSubteam_Cancelled" classname="org.frcpm.controllers.TeamControllerTest" time="0.009">
    <error message="Cannot invoke &quot;javafx.scene.control.TableView.getSelectionModel()&quot; because &quot;&lt;local2&gt;.subteamsTable&quot; is null" type="java.lang.NullPointerException"><![CDATA[java.lang.NullPointerException: Cannot invoke "javafx.scene.control.TableView.getSelectionModel()" because "<local2>.subteamsTable" is null
	at org.frcpm.controllers.TeamController.handleDeleteSubteam(TeamController.java:337)
	at org.frcpm.controllers.TeamControllerTest.testHandleDeleteSubteam_Cancelled(TeamControllerTest.java:232)
	at java.base/java.lang.reflect.Method.invoke(Method.java:580)
	at java.base/java.util.ArrayList.forEach(ArrayList.java:1596)
	at java.base/java.util.ArrayList.forEach(ArrayList.java:1596)
]]></error>
  </testcase>
  <testcase name="testTestInitialize" classname="org.frcpm.controllers.TeamControllerTest" time="0.01">
    <failure message="Unexpected exception thrown: java.lang.NullPointerException: Cannot invoke &quot;javafx.scene.control.TableColumn.setCellValueFactory(javafx.util.Callback)&quot; because &quot;this.memberUsernameColumn&quot; is null" type="org.opentest4j.AssertionFailedError"><![CDATA[org.opentest4j.AssertionFailedError: Unexpected exception thrown: java.lang.NullPointerException: Cannot invoke "javafx.scene.control.TableColumn.setCellValueFactory(javafx.util.Callback)" because "this.memberUsernameColumn" is null
	at org.junit.jupiter.api.AssertionFailureBuilder.build(AssertionFailureBuilder.java:152)
	at org.junit.jupiter.api.AssertDoesNotThrow.createAssertionFailedError(AssertDoesNotThrow.java:84)
	at org.junit.jupiter.api.AssertDoesNotThrow.assertDoesNotThrow(AssertDoesNotThrow.java:53)
	at org.junit.jupiter.api.AssertDoesNotThrow.assertDoesNotThrow(AssertDoesNotThrow.java:36)
	at org.junit.jupiter.api.Assertions.assertDoesNotThrow(Assertions.java:3168)
	at org.frcpm.controllers.TeamControllerTest.testTestInitialize(TeamControllerTest.java:312)
	at java.base/java.lang.reflect.Method.invoke(Method.java:580)
	at java.base/java.util.ArrayList.forEach(ArrayList.java:1596)
	at java.base/java.util.ArrayList.forEach(ArrayList.java:1596)
Caused by: java.lang.NullPointerException: Cannot invoke "javafx.scene.control.TableColumn.setCellValueFactory(javafx.util.Callback)" because "this.memberUsernameColumn" is null
	at org.frcpm.controllers.TeamController.setupMembersTable(TeamController.java:188)
	at org.frcpm.controllers.TeamController.initialize(TeamController.java:98)
	at org.frcpm.controllers.TeamController.testInitialize(TeamController.java:647)
	at org.frcpm.controllers.TeamControllerTest.lambda$testTestInitialize$1(TeamControllerTest.java:312)
	at org.junit.jupiter.api.AssertDoesNotThrow.assertDoesNotThrow(AssertDoesNotThrow.java:49)
	... 6 more
]]></failure>
    <system-err><![CDATA[Apr 10, 2025 9:05:12 AM org.frcpm.controllers.TeamController initialize
INFO: Initializing TeamController
]]></system-err>
  </testcase>
  <testcase name="testHandleEditMember_NoSelection" classname="org.frcpm.controllers.TeamControllerTest" time="0.006">
    <error message="Cannot invoke &quot;javafx.scene.control.TableView.getSelectionModel()&quot; because &quot;&lt;local2&gt;.membersTable&quot; is null" type="java.lang.NullPointerException"><![CDATA[java.lang.NullPointerException: Cannot invoke "javafx.scene.control.TableView.getSelectionModel()" because "<local2>.membersTable" is null
	at org.frcpm.controllers.TeamController.handleEditMember(TeamController.java:256)
	at org.frcpm.controllers.TeamControllerTest.testHandleEditMember_NoSelection(TeamControllerTest.java:126)
	at java.base/java.lang.reflect.Method.invoke(Method.java:580)
	at java.base/java.util.ArrayList.forEach(ArrayList.java:1596)
	at java.base/java.util.ArrayList.forEach(ArrayList.java:1596)
]]></error>
  </testcase>
  <testcase name="testGetViewModel" classname="org.frcpm.controllers.TeamControllerTest" time="0.004"/>
  <testcase name="testHandleEditSubteam_NoSelection" classname="org.frcpm.controllers.TeamControllerTest" time="0.006">
    <error message="Cannot invoke &quot;javafx.scene.control.TableView.getSelectionModel()&quot; because &quot;&lt;local2&gt;.subteamsTable&quot; is null" type="java.lang.NullPointerException"><![CDATA[java.lang.NullPointerException: Cannot invoke "javafx.scene.control.TableView.getSelectionModel()" because "<local2>.subteamsTable" is null
	at org.frcpm.controllers.TeamController.handleEditSubteam(TeamController.java:318)
	at org.frcpm.controllers.TeamControllerTest.testHandleEditSubteam_NoSelection(TeamControllerTest.java:204)
	at java.base/java.lang.reflect.Method.invoke(Method.java:580)
	at java.base/java.util.ArrayList.forEach(ArrayList.java:1596)
	at java.base/java.util.ArrayList.forEach(ArrayList.java:1596)
]]></error>
  </testcase>
  <testcase name="testHandleDeleteMember_Confirmed" classname="org.frcpm.controllers.TeamControllerTest" time="0.006">
    <error message="Cannot invoke &quot;javafx.scene.control.TableView.getSelectionModel()&quot; because &quot;&lt;local2&gt;.membersTable&quot; is null" type="java.lang.NullPointerException"><![CDATA[java.lang.NullPointerException: Cannot invoke "javafx.scene.control.TableView.getSelectionModel()" because "<local2>.membersTable" is null
	at org.frcpm.controllers.TeamController.handleDeleteMember(TeamController.java:275)
	at org.frcpm.controllers.TeamControllerTest.testHandleDeleteMember_Confirmed(TeamControllerTest.java:139)
	at java.base/java.lang.reflect.Method.invoke(Method.java:580)
	at java.base/java.util.ArrayList.forEach(ArrayList.java:1596)
	at java.base/java.util.ArrayList.forEach(ArrayList.java:1596)
]]></error>
  </testcase>
  <testcase name="testHandleAddSubteam" classname="org.frcpm.controllers.TeamControllerTest" time="0.007"/>
  <testcase name="testHandleAddMember" classname="org.frcpm.controllers.TeamControllerTest" time="0.004"/>
  <testcase name="testHandleClose" classname="org.frcpm.controllers.TeamControllerTest" time="0.01">
    <failure message="Unexpected exception thrown: java.lang.NullPointerException: Cannot invoke &quot;javafx.scene.control.TabPane.getScene()&quot; because &quot;&lt;local2&gt;.tabPane&quot; is null" type="org.opentest4j.AssertionFailedError"><![CDATA[org.opentest4j.AssertionFailedError: Unexpected exception thrown: java.lang.NullPointerException: Cannot invoke "javafx.scene.control.TabPane.getScene()" because "<local2>.tabPane" is null
	at org.junit.jupiter.api.AssertionFailureBuilder.build(AssertionFailureBuilder.java:152)
	at org.junit.jupiter.api.AssertDoesNotThrow.createAssertionFailedError(AssertDoesNotThrow.java:84)
	at org.junit.jupiter.api.AssertDoesNotThrow.assertDoesNotThrow(AssertDoesNotThrow.java:53)
	at org.junit.jupiter.api.AssertDoesNotThrow.assertDoesNotThrow(AssertDoesNotThrow.java:36)
	at org.junit.jupiter.api.Assertions.assertDoesNotThrow(Assertions.java:3168)
	at org.frcpm.controllers.TeamControllerTest.testHandleClose(TeamControllerTest.java:306)
	at java.base/java.lang.reflect.Method.invoke(Method.java:580)
	at java.base/java.util.ArrayList.forEach(ArrayList.java:1596)
	at java.base/java.util.ArrayList.forEach(ArrayList.java:1596)
Caused by: java.lang.NullPointerException: Cannot invoke "javafx.scene.control.TabPane.getScene()" because "<local2>.tabPane" is null
	at org.frcpm.controllers.TeamController.handleClose(TeamController.java:574)
	at org.frcpm.controllers.TeamControllerTest.lambda$testHandleClose$0(TeamControllerTest.java:306)
	at org.junit.jupiter.api.AssertDoesNotThrow.assertDoesNotThrow(AssertDoesNotThrow.java:49)
	... 6 more
]]></failure>
  </testcase>
  <testcase name="testSetViewModel" classname="org.frcpm.controllers.TeamControllerTest" time="0.005"/>
  <testcase name="testHandleDeleteSubteam_NoSelection" classname="org.frcpm.controllers.TeamControllerTest" time="0.007">
    <error message="Cannot invoke &quot;javafx.scene.control.TableView.getSelectionModel()&quot; because &quot;&lt;local2&gt;.subteamsTable&quot; is null" type="java.lang.NullPointerException"><![CDATA[java.lang.NullPointerException: Cannot invoke "javafx.scene.control.TableView.getSelectionModel()" because "<local2>.subteamsTable" is null
	at org.frcpm.controllers.TeamController.handleDeleteSubteam(TeamController.java:337)
	at org.frcpm.controllers.TeamControllerTest.testHandleDeleteSubteam_NoSelection(TeamControllerTest.java:247)
	at java.base/java.lang.reflect.Method.invoke(Method.java:580)
	at java.base/java.util.ArrayList.forEach(ArrayList.java:1596)
	at java.base/java.util.ArrayList.forEach(ArrayList.java:1596)
]]></error>
  </testcase>
  <testcase name="testHandleDeleteMember_Cancelled" classname="org.frcpm.controllers.TeamControllerTest" time="0.003">
    <error message="Cannot invoke &quot;javafx.scene.control.TableView.getSelectionModel()&quot; because &quot;&lt;local2&gt;.membersTable&quot; is null" type="java.lang.NullPointerException"><![CDATA[java.lang.NullPointerException: Cannot invoke "javafx.scene.control.TableView.getSelectionModel()" because "<local2>.membersTable" is null
	at org.frcpm.controllers.TeamController.handleDeleteMember(TeamController.java:275)
	at org.frcpm.controllers.TeamControllerTest.testHandleDeleteMember_Cancelled(TeamControllerTest.java:154)
	at java.base/java.lang.reflect.Method.invoke(Method.java:580)
	at java.base/java.util.ArrayList.forEach(ArrayList.java:1596)
	at java.base/java.util.ArrayList.forEach(ArrayList.java:1596)
]]></error>
  </testcase>
  <testcase name="testHandleDeleteSubteam_Confirmed" classname="org.frcpm.controllers.TeamControllerTest" time="0.005">
    <error message="Cannot invoke &quot;javafx.scene.control.TableView.getSelectionModel()&quot; because &quot;&lt;local2&gt;.subteamsTable&quot; is null" type="java.lang.NullPointerException"><![CDATA[java.lang.NullPointerException: Cannot invoke "javafx.scene.control.TableView.getSelectionModel()" because "<local2>.subteamsTable" is null
	at org.frcpm.controllers.TeamController.handleDeleteSubteam(TeamController.java:337)
	at org.frcpm.controllers.TeamControllerTest.testHandleDeleteSubteam_Confirmed(TeamControllerTest.java:217)
	at java.base/java.lang.reflect.Method.invoke(Method.java:580)
	at java.base/java.util.ArrayList.forEach(ArrayList.java:1596)
	at java.base/java.util.ArrayList.forEach(ArrayList.java:1596)
]]></error>
  </testcase>
  <testcase name="testShowErrorAlert" classname="org.frcpm.controllers.TeamControllerTest" time="0.005"/>
</testsuite>