<?xml version="1.0" encoding="UTF-8"?>
<testsuite xmlns:xsi="http://www.w3.org/2001/XMLSchema-instance" xsi:noNamespaceSchemaLocation="https://maven.apache.org/surefire/maven-surefire-plugin/xsd/surefire-test-report-3.0.xsd" version="3.0" name="org.frcpm.mvvm.views.FileVerificationTest" time="0.062" tests="1" errors="0" skipped="0" failures="0">
  <properties>
[...]
</properties>
  <testcase name="verifyFXMLFiles" classname="org.frcpm.mvvm.views.FileVerificationTest" time="0.041">
    <system-out><![CDATA[=== FILE VERIFICATION TEST ===

=== VERIFYING SOURCE FILE: src/main/resources/org/frcpm/mvvm/views/ProjectListMvvmView.fxml ===
✅ File exists and is readable
File size: 1687 characters
Has fx:controller: ✅
Controller line (12): <BorderPane xmlns="http://javafx.com/javafx/11.0.1" xmlns:fx="http://javafx.com/fxml/1" fx:controller="org.frcpm.mvvm.views.ProjectListMvvmView">
Has onAction attributes: ❌
First 10 lines:
  1: <?xml version="1.0" encoding="UTF-8"?>
  2: 
  3: <?import javafx.geometry.Insets?>
  4:    <?import javafx.scene.control.Button?>
  5:    <?import javafx.scene.control.Label?>
  6:    <?import javafx.scene.control.ListView?>
  7:    <?import javafx.scene.control.ProgressIndicator?>
  8:    <?import javafx.scene.layout.BorderPane?>
  9:    <?import javafx.scene.layout.HBox?>
 10:    <?import javafx.scene.layout.VBox?>

=== VERIFYING SOURCE FILE: src/main/resources/org/frcpm/mvvm/views/TeamMemberListMvvmView.fxml ===
✅ File exists and is readable
File size: 2491 characters
Has fx:controller: ✅
Controller line (13): <BorderPane xmlns="http://javafx.com/javafx/11.0.1" xmlns:fx="http://javafx.com/fxml/1" fx:controller="org.frcpm.mvvm.views.TeamMemberListMvvmView">
Has onAction attributes: ❌
First 10 lines:
  1: <?xml version="1.0" encoding="UTF-8"?>
  2: 
  3: <?import javafx.geometry.Insets?>
  4:    <?import javafx.scene.control.Button?>
  5:    <?import javafx.scene.control.Label?>
  6:    <?import javafx.scene.control.ProgressIndicator?>
  7:    <?import javafx.scene.control.TableColumn?>
  8:    <?import javafx.scene.control.TableView?>
  9:    <?import javafx.scene.layout.BorderPane?>
 10:    <?import javafx.scene.layout.HBox?>

=== VERIFYING COMPILED FILE: target/classes/org/frcpm/mvvm/views/ProjectListMvvmView.fxml ===
✅ File exists and is readable
File size: 1687 characters
Has fx:controller: ✅
Controller line (12): <BorderPane xmlns="http://javafx.com/javafx/11.0.1" xmlns:fx="http://javafx.com/fxml/1" fx:controller="org.frcpm.mvvm.views.ProjectListMvvmView">
Has onAction attributes: ❌
First 10 lines:
  1: <?xml version="1.0" encoding="UTF-8"?>
  2: 
  3: <?import javafx.geometry.Insets?>
  4:    <?import javafx.scene.control.Button?>
  5:    <?import javafx.scene.control.Label?>
  6:    <?import javafx.scene.control.ListView?>
  7:    <?import javafx.scene.control.ProgressIndicator?>
  8:    <?import javafx.scene.layout.BorderPane?>
  9:    <?import javafx.scene.layout.HBox?>
 10:    <?import javafx.scene.layout.VBox?>

=== VERIFYING COMPILED FILE: target/classes/org/frcpm/mvvm/views/TeamMemberListMvvmView.fxml ===
✅ File exists and is readable
File size: 2491 characters
Has fx:controller: ✅
Controller line (13): <BorderPane xmlns="http://javafx.com/javafx/11.0.1" xmlns:fx="http://javafx.com/fxml/1" fx:controller="org.frcpm.mvvm.views.TeamMemberListMvvmView">
Has onAction attributes: ❌
First 10 lines:
  1: <?xml version="1.0" encoding="UTF-8"?>
  2: 
  3: <?import javafx.geometry.Insets?>
  4:    <?import javafx.scene.control.Button?>
  5:    <?import javafx.scene.control.Label?>
  6:    <?import javafx.scene.control.ProgressIndicator?>
  7:    <?import javafx.scene.control.TableColumn?>
  8:    <?import javafx.scene.control.TableView?>
  9:    <?import javafx.scene.layout.BorderPane?>
 10:    <?import javafx.scene.layout.HBox?>
]]></system-out>
  </testcase>
</testsuite>